vectors_patient2vec_pvdbow_hs_win-30_emb-100.dill, 0, 0.8776129147130393, 0.4984349680915566
vectors_patient2vec_pvdbow_hs_win-30_emb-100.dill, 1, 0.8402605495875126, 0.5707021473182747
vectors_patient2vec_pvdbow_hs_win-30_emb-100.dill, 3, 0.8465072111104517, 0.5420260734662831
vectors_patient2vec_pvdbow_hs_win-30_emb-100.dill, 6, 0.8457831325301205, 0.49316250527851946
vectors_patient2vec_pvdbow_hs_win-30_emb-100.dill, 12, 0.8502463054187193, 0.5155585696813211
vectors_patient2vec_pvdbow_hs_win-30_emb-50.dill, 0, 0.8674090450471839, 0.5257493849373667
vectors_patient2vec_pvdbow_hs_win-30_emb-50.dill, 1, 0.8469523413852454, 0.48759676160693527
vectors_patient2vec_pvdbow_hs_win-30_emb-50.dill, 3, 0.8392456525609829, 0.4959408826738978
vectors_patient2vec_pvdbow_hs_win-30_emb-50.dill, 6, 0.8387560092587097, 0.49889181507470587
vectors_patient2vec_pvdbow_hs_win-30_emb-50.dill, 12, 0.8399845688171406, 0.4971444282133668
vectors_patient2vec_pvdbow_hs_win-50_emb-100.dill, 0, 0.8694225176568344, 0.4852721504581428
vectors_patient2vec_pvdbow_hs_win-50_emb-100.dill, 1, 0.8408748293667281, 0.5004410210709689
vectors_patient2vec_pvdbow_hs_win-50_emb-100.dill, 3, 0.8462935485785507, 0.49233274223061535
vectors_patient2vec_pvdbow_hs_win-50_emb-100.dill, 6, 0.8421182266009852, 0.494396659302141
vectors_patient2vec_pvdbow_hs_win-50_emb-100.dill, 12, 0.8497744673274379, 0.5198062189992455
vectors_patient2vec_pvdbow_hs_win-5_emb-100.dill, 0, 0.8641403050626149, 0.49570049388178933
vectors_patient2vec_pvdbow_hs_win-5_emb-100.dill, 1, 0.842441687934002, 0.5025444753689837
vectors_patient2vec_pvdbow_hs_win-5_emb-100.dill, 3, 0.8380289631432132, 0.5461521386484126
vectors_patient2vec_pvdbow_hs_win-5_emb-100.dill, 6, 0.8428838506736306, 0.5350709113435884
vectors_patient2vec_pvdbow_hs_win-5_emb-100.dill, 12, 0.8437474034067303, 0.5508679745046742
vectors_patient2vec_pvdbow_hs_win-30_emb-100.dill, 0, 0.874811561517004, 0.494745530743676
vectors_patient2vec_pvdbow_hs_win-30_emb-100.dill, 1, 0.8448958395156982, 0.5594186183313236
vectors_patient2vec_pvdbow_hs_win-30_emb-100.dill, 3, 0.8470205946940472, 0.5145561873587455
vectors_patient2vec_pvdbow_hs_win-30_emb-100.dill, 6, 0.8455249569707401, 0.5350504007090721
vectors_patient2vec_pvdbow_hs_win-30_emb-100.dill, 12, 0.8475666211644608, 0.5080042868014044
vectors_patient2vec_pvdbow_hs_win-30_emb-50.dill, 0, 0.8674090450471839, 0.5257493849373667
vectors_patient2vec_pvdbow_hs_win-30_emb-50.dill, 1, 0.8469523413852454, 0.48759676160693527
vectors_patient2vec_pvdbow_hs_win-30_emb-50.dill, 3, 0.8392456525609829, 0.4959408826738978
vectors_patient2vec_pvdbow_hs_win-30_emb-50.dill, 6, 0.8387560092587097, 0.49889181507470587
vectors_patient2vec_pvdbow_hs_win-30_emb-50.dill, 12, 0.8399845688171406, 0.4971444282133668
vectors_patient2vec_pvdbow_hs_win-50_emb-100.dill, 0, 0.8694225176568344, 0.4852721504581428
vectors_patient2vec_pvdbow_hs_win-50_emb-100.dill, 1, 0.8408748293667281, 0.5004410210709689
vectors_patient2vec_pvdbow_hs_win-50_emb-100.dill, 3, 0.8462935485785507, 0.49233274223061535
vectors_patient2vec_pvdbow_hs_win-50_emb-100.dill, 6, 0.8421182266009852, 0.494396659302141
vectors_patient2vec_pvdbow_hs_win-50_emb-100.dill, 12, 0.8497744673274379, 0.5198062189992455
vectors_patient2vec_pvdbow_hs_win-5_emb-100.dill, 0, 0.8641403050626149, 0.49570049388178933
vectors_patient2vec_pvdbow_hs_win-5_emb-100.dill, 1, 0.842441687934002, 0.5025444753689837
vectors_patient2vec_pvdbow_hs_win-5_emb-100.dill, 3, 0.8380289631432132, 0.5461521386484126
vectors_patient2vec_pvdbow_hs_win-5_emb-100.dill, 6, 0.8428838506736306, 0.5350709113435884
vectors_patient2vec_pvdbow_hs_win-5_emb-100.dill, 12, 0.8437474034067303, 0.5508679745046742
