vectors_patient2vec_pvdbow_hs_win-10_emb-100.dill, 0, 0.8482076087601638, 0.6188011892411989
vectors_patient2vec_pvdbow_hs_win-10_emb-100.dill, 1, 0.8290106237758919, 0.629784330803388
vectors_patient2vec_pvdbow_hs_win-10_emb-100.dill, 3, 0.8199210635646033, 0.6537089422502161
vectors_patient2vec_pvdbow_hs_win-10_emb-100.dill, 6, 0.8120689655172415, 0.6886223572154143
vectors_patient2vec_pvdbow_hs_win-10_emb-100.dill, 12, 0.8228114428155974, 0.6523616883930887
vectors_patient2vec_pvdbow_hs_win-10_emb-300.dill, 0, 0.8439625497062141, 0.6743172791176653
vectors_patient2vec_pvdbow_hs_win-10_emb-300.dill, 1, 0.8230696183749778, 0.6723420800534502
vectors_patient2vec_pvdbow_hs_win-10_emb-300.dill, 3, 0.824526678141136, 0.6792549673011627
vectors_patient2vec_pvdbow_hs_win-10_emb-300.dill, 6, 0.8144192533681524, 0.7143840312519449
vectors_patient2vec_pvdbow_hs_win-10_emb-300.dill, 12, 0.835889370289038, 0.6498992899440492
vectors_patient2vec_pvdbow_hs_win-10_emb-500.dill, 0, 0.8577512018517419, 0.623149432552296
vectors_patient2vec_pvdbow_hs_win-10_emb-500.dill, 1, 0.8179773280313372, 0.6997741843207173
vectors_patient2vec_pvdbow_hs_win-10_emb-500.dill, 3, 0.8081785269155439, 0.7537810113206596
vectors_patient2vec_pvdbow_hs_win-10_emb-500.dill, 6, 0.8119146536886462, 0.7281341238957278
vectors_patient2vec_pvdbow_hs_win-10_emb-500.dill, 12, 0.8111965101786456, 0.7217915662898634
vectors_patient2vec_pvdbow_hs_win-20_emb-100.dill, 0, 0.8476971927117336, 0.6330168692595002
vectors_patient2vec_pvdbow_hs_win-20_emb-100.dill, 1, 0.8240429699091933, 0.654869678228702
vectors_patient2vec_pvdbow_hs_win-20_emb-100.dill, 3, 0.821363285654935, 0.6548727577237189
vectors_patient2vec_pvdbow_hs_win-20_emb-100.dill, 6, 0.8207786812273725, 0.6654861601590922
vectors_patient2vec_pvdbow_hs_win-20_emb-100.dill, 12, 0.8247047302510535, 0.6419836570847699
vectors_patient2vec_pvdbow_hs_win-20_emb-300.dill, 0, 0.8477832512315271, 0.6461897757304436
vectors_patient2vec_pvdbow_hs_win-20_emb-300.dill, 1, 0.8156418778562526, 0.689917865654429
vectors_patient2vec_pvdbow_hs_win-20_emb-300.dill, 3, 0.8151136565968307, 0.6676889918347931
vectors_patient2vec_pvdbow_hs_win-20_emb-300.dill, 6, 0.8229657546441926, 0.6732975566204226
vectors_patient2vec_pvdbow_hs_win-20_emb-300.dill, 12, 0.8362692147901953, 0.6520516110453913
vectors_patient2vec_pvdbow_hs_win-20_emb-500.dill, 0, 0.8524571191168615, 0.6505519352155332
vectors_patient2vec_pvdbow_hs_win-20_emb-500.dill, 1, 0.8055196154074425, 0.7340655775704464
vectors_patient2vec_pvdbow_hs_win-20_emb-500.dill, 3, 0.824405009199359, 0.6904035205026571
vectors_patient2vec_pvdbow_hs_win-20_emb-500.dill, 6, 0.8162235147486497, 0.6972282940823324
vectors_patient2vec_pvdbow_hs_win-20_emb-500.dill, 12, 0.8220191109264645, 0.7141856326785007
vectors_patient2vec_pvdbow_hs_win-30_emb-100.dill, 0, 0.8541367440204166, 0.600150365722064
vectors_patient2vec_pvdbow_hs_win-30_emb-100.dill, 1, 0.8254347439017151, 0.6430620508250868
vectors_patient2vec_pvdbow_hs_win-30_emb-100.dill, 3, 0.8230132352068372, 0.6660344654192305
vectors_patient2vec_pvdbow_hs_win-30_emb-100.dill, 6, 0.8363701109858152, 0.6201588716175573
vectors_patient2vec_pvdbow_hs_win-30_emb-100.dill, 12, 0.8343314143272598, 0.6311226419854109
vectors_patient2vec_pvdbow_hs_win-30_emb-300.dill, 0, 0.852715294676242, 0.6370668295837558
vectors_patient2vec_pvdbow_hs_win-30_emb-300.dill, 1, 0.8073179417176093, 0.7308858129484999
vectors_patient2vec_pvdbow_hs_win-30_emb-300.dill, 3, 0.8069351296812868, 0.7184549273117082
vectors_patient2vec_pvdbow_hs_win-30_emb-300.dill, 6, 0.8136536292955072, 0.7135448959238284
vectors_patient2vec_pvdbow_hs_win-30_emb-300.dill, 12, 0.8245415158169623, 0.6811458286443318
vectors_patient2vec_pvdbow_hs_win-30_emb-500.dill, 0, 0.8493234019823135, 0.641431029884129
vectors_patient2vec_pvdbow_hs_win-30_emb-500.dill, 1, 0.8236957682948544, 0.6704516720549575
vectors_patient2vec_pvdbow_hs_win-30_emb-500.dill, 3, 0.8101311650543058, 0.7217578206063658
vectors_patient2vec_pvdbow_hs_win-30_emb-500.dill, 6, 0.8229687221793578, 0.6755586558554053
vectors_patient2vec_pvdbow_hs_win-30_emb-500.dill, 12, 0.8092379369695532, 0.7456244975449314
vectors_patient2vec_pvdbow_hs_win-50_emb-100.dill, 0, 0.8566680515164105, 0.5889935484308715
vectors_patient2vec_pvdbow_hs_win-50_emb-100.dill, 1, 0.8255178348863434, 0.629871813885777
vectors_patient2vec_pvdbow_hs_win-50_emb-100.dill, 3, 0.8206065641877857, 0.6518180186669658
vectors_patient2vec_pvdbow_hs_win-50_emb-100.dill, 6, 0.8248382693334916, 0.6559333610623856
vectors_patient2vec_pvdbow_hs_win-50_emb-100.dill, 12, 0.8285447207549408, 0.6482092675666993
vectors_patient2vec_pvdbow_hs_win-50_emb-300.dill, 0, 0.8521395928541753, 0.622172264674829
vectors_patient2vec_pvdbow_hs_win-50_emb-300.dill, 1, 0.8207994539735297, 0.6961826453746016
vectors_patient2vec_pvdbow_hs_win-50_emb-300.dill, 3, 0.806205116030625, 0.7297276697182866
vectors_patient2vec_pvdbow_hs_win-50_emb-300.dill, 6, 0.8112202504599679, 0.7171276622309547
vectors_patient2vec_pvdbow_hs_win-50_emb-300.dill, 12, 0.8248219478900825, 0.6880790948736627
vectors_patient2vec_pvdbow_hs_win-50_emb-500.dill, 0, 0.8480028488337588, 0.6418932000628826
vectors_patient2vec_pvdbow_hs_win-50_emb-500.dill, 1, 0.8172087364235265, 0.6884467967555014
vectors_patient2vec_pvdbow_hs_win-50_emb-500.dill, 3, 0.7970146596237166, 0.7567189328123086
vectors_patient2vec_pvdbow_hs_win-50_emb-500.dill, 6, 0.8068728114428158, 0.7175263623906548
vectors_patient2vec_pvdbow_hs_win-50_emb-500.dill, 12, 0.8181375749302628, 0.715548151838198
vectors_patient2vec_pvdbow_hs_win-5_emb-100.dill, 0, 0.8682117633093952, 0.5640438287692555
vectors_patient2vec_pvdbow_hs_win-5_emb-100.dill, 1, 0.8313193661344886, 0.6333243999317567
vectors_patient2vec_pvdbow_hs_win-5_emb-100.dill, 3, 0.8237580865333254, 0.6575131458775334
vectors_patient2vec_pvdbow_hs_win-5_emb-100.dill, 6, 0.8209211229153065, 0.6740758795236607
vectors_patient2vec_pvdbow_hs_win-5_emb-100.dill, 12, 0.8279927592141967, 0.6565014410567457
vectors_patient2vec_pvdbow_hs_win-5_emb-300.dill, 0, 0.8501721170395868, 0.6363100629613326
vectors_patient2vec_pvdbow_hs_win-5_emb-300.dill, 1, 0.8205412784141493, 0.6805152871691365
vectors_patient2vec_pvdbow_hs_win-5_emb-300.dill, 3, 0.8241023206124991, 0.6791617782611703
vectors_patient2vec_pvdbow_hs_win-5_emb-300.dill, 6, 0.8224464359902665, 0.6740876931352773
vectors_patient2vec_pvdbow_hs_win-5_emb-300.dill, 12, 0.8219182147308446, 0.6970155823100689
vectors_patient2vec_pvdbow_hs_win-5_emb-500.dill, 0, 0.8453083269036737, 0.6666331006725758
vectors_patient2vec_pvdbow_hs_win-5_emb-500.dill, 1, 0.8159148910914595, 0.7189487203115721
vectors_patient2vec_pvdbow_hs_win-5_emb-500.dill, 3, 0.8145705976615822, 0.7286735835926502
vectors_patient2vec_pvdbow_hs_win-5_emb-500.dill, 6, 0.8102335450175085, 0.7235438577945223
vectors_patient2vec_pvdbow_hs_win-5_emb-500.dill, 12, 0.817060359665262, 0.7199938089150405
vectors_patient2vec_pvdbow_ns_win-10_emb-100.dill, 0, 0.825523769956674, 0.6803442078476025
vectors_patient2vec_pvdbow_ns_win-10_emb-100.dill, 1, 0.8158466377826578, 0.6732449598379366
vectors_patient2vec_pvdbow_ns_win-10_emb-100.dill, 3, 0.8175737432488573, 0.6802341929945165
vectors_patient2vec_pvdbow_ns_win-10_emb-100.dill, 6, 0.8200249272953883, 0.6477734045620163
vectors_patient2vec_pvdbow_ns_win-10_emb-100.dill, 12, 0.8255771855896491, 0.6538691654881909
vectors_patient2vec_pvdbow_ns_win-10_emb-300.dill, 0, 0.8029111519971512, 0.7101781297009545
vectors_patient2vec_pvdbow_ns_win-10_emb-300.dill, 1, 0.7822214968247374, 0.7547237836916442
vectors_patient2vec_pvdbow_ns_win-10_emb-300.dill, 3, 0.8096682295685205, 0.6948369366948388
vectors_patient2vec_pvdbow_ns_win-10_emb-300.dill, 6, 0.8055107128019467, 0.7075995586488691
vectors_patient2vec_pvdbow_ns_win-10_emb-300.dill, 12, 0.8193453617425366, 0.6889687815553152
vectors_patient2vec_pvdbow_ns_win-10_emb-500.dill, 0, 0.792806694759333, 0.7660289104743804
vectors_patient2vec_pvdbow_ns_win-10_emb-500.dill, 1, 0.7823787761884978, 0.7751237288397592
vectors_patient2vec_pvdbow_ns_win-10_emb-500.dill, 3, 0.8133182978218292, 0.6748927591071883
vectors_patient2vec_pvdbow_ns_win-10_emb-500.dill, 6, 0.8084604427562467, 0.7128645345870228
vectors_patient2vec_pvdbow_ns_win-10_emb-500.dill, 12, 0.8180900943676181, 0.6966687279671001
vectors_patient2vec_pvdbow_ns_win-20_emb-100.dill, 0, 0.8165944566443113, 0.6922157295585863
vectors_patient2vec_pvdbow_ns_win-20_emb-100.dill, 1, 0.8000445130274794, 0.7231751787429701
vectors_patient2vec_pvdbow_ns_win-20_emb-100.dill, 3, 0.8053059528755417, 0.6974184383298608
vectors_patient2vec_pvdbow_ns_win-20_emb-100.dill, 6, 0.8127752388865808, 0.6692978420729211
vectors_patient2vec_pvdbow_ns_win-20_emb-100.dill, 12, 0.7905543355688764, 0.7569036893572807
vectors_patient2vec_pvdbow_ns_win-20_emb-300.dill, 0, 0.8219924031099769, 0.6827223696555631
vectors_patient2vec_pvdbow_ns_win-20_emb-300.dill, 1, 0.7948899044453677, 0.7372281580398486
vectors_patient2vec_pvdbow_ns_win-20_emb-300.dill, 3, 0.8035580746631847, 0.7142676068937344
vectors_patient2vec_pvdbow_ns_win-20_emb-300.dill, 6, 0.8024393139058696, 0.7303881724762068
vectors_patient2vec_pvdbow_ns_win-20_emb-300.dill, 12, 0.8194759332898095, 0.6750978472444484
vectors_patient2vec_pvdbow_ns_win-5_emb-100.dill, 0, 0.8229123390112172, 0.6706337040140782
vectors_patient2vec_pvdbow_ns_win-5_emb-100.dill, 1, 0.8163481512255921, 0.6527849162089617
vectors_patient2vec_pvdbow_ns_win-5_emb-100.dill, 3, 0.8176123212060062, 0.6792334345224756
vectors_patient2vec_pvdbow_ns_win-5_emb-100.dill, 6, 0.8190026114309455, 0.6828351523105612
vectors_patient2vec_pvdbow_ns_win-5_emb-100.dill, 12, 0.8229538845035314, 0.6697263634451766
vectors_patient2vec_pvdbow_ns_win-5_emb-300.dill, 0, 0.8142708766098878, 0.7061543057541063
vectors_patient2vec_pvdbow_ns_win-5_emb-300.dill, 1, 0.8023176449640929, 0.7102277661948936
vectors_patient2vec_pvdbow_ns_win-5_emb-300.dill, 3, 0.789438542346727, 0.7315762065541023
vectors_patient2vec_pvdbow_ns_win-5_emb-300.dill, 6, 0.8102528339960828, 0.6989869207344769
vectors_patient2vec_pvdbow_ns_win-5_emb-300.dill, 12, 0.8155469167309632, 0.6923011028358564
vectors_patient2vec_pvdbow_ns_win-5_emb-500.dill, 0, 0.8206303044691078, 0.6777593706465032
vectors_patient2vec_pvdbow_ns_win-5_emb-500.dill, 1, 0.7856727402219716, 0.7729900405882122
vectors_patient2vec_pvdbow_ns_win-5_emb-500.dill, 3, 0.7787850911033295, 0.7857086573540865
vectors_patient2vec_pvdbow_ns_win-5_emb-500.dill, 6, 0.7983559855184283, 0.7361258947218785
vectors_patient2vec_pvdbow_ns_win-5_emb-500.dill, 12, 0.7972283221556176, 0.7446994769929236
vectors_patient2vec_pvdm_hs_win-10_emb-100.dill, 0, 0.7848774407976735, 0.7038028685964314
vectors_patient2vec_pvdm_hs_win-10_emb-100.dill, 1, 0.7657086473974717, 0.7237175146135896
vectors_patient2vec_pvdm_hs_win-10_emb-100.dill, 3, 0.7535076265653747, 0.7753276334497013
vectors_patient2vec_pvdm_hs_win-10_emb-100.dill, 6, 0.7616030624962906, 0.7557615306871222
vectors_patient2vec_pvdm_hs_win-10_emb-100.dill, 12, 0.7728529883079115, 0.7433254063097969
vectors_patient2vec_pvdm_hs_win-10_emb-300.dill, 0, 0.7957119116861535, 0.7177103382077719
vectors_patient2vec_pvdm_hs_win-10_emb-300.dill, 1, 0.7727491245771263, 0.7491549652843589
vectors_patient2vec_pvdm_hs_win-10_emb-300.dill, 3, 0.76368330464716, 0.7488544767084727
vectors_patient2vec_pvdm_hs_win-10_emb-300.dill, 6, 0.7621490889667043, 0.7545952428947749
vectors_patient2vec_pvdm_hs_win-10_emb-300.dill, 12, 0.7683453023918333, 0.7739004287596905
vectors_patient2vec_pvdm_hs_win-10_emb-500.dill, 0, 0.819603537301917, 0.6585668554311158
vectors_patient2vec_pvdm_hs_win-10_emb-500.dill, 1, 0.7668437295981958, 0.7739671758178908
vectors_patient2vec_pvdm_hs_win-10_emb-500.dill, 3, 0.7536767760697964, 0.8021177322269061
vectors_patient2vec_pvdm_hs_win-10_emb-500.dill, 6, 0.7783013828713871, 0.7443425195519393
vectors_patient2vec_pvdm_hs_win-10_emb-500.dill, 12, 0.7838239658139949, 0.7218510765536394
vectors_patient2vec_pvdm_hs_win-20_emb-100.dill, 0, 0.752178170811324, 0.7410113693429682
vectors_patient2vec_pvdm_hs_win-20_emb-100.dill, 1, 0.7170959700872457, 0.7876850922982289
vectors_patient2vec_pvdm_hs_win-20_emb-100.dill, 3, 0.6993323045878094, 0.8209479985036381
vectors_patient2vec_pvdm_hs_win-20_emb-100.dill, 6, 0.7033503472016143, 0.8133736088880705
vectors_patient2vec_pvdm_hs_win-20_emb-100.dill, 12, 0.7294379488396937, 0.7700526444879963
vectors_patient2vec_pvdm_hs_win-20_emb-300.dill, 0, 0.7867143450649889, 0.7245070237971799
vectors_patient2vec_pvdm_hs_win-20_emb-300.dill, 1, 0.7278532850614281, 0.8329579528383316
vectors_patient2vec_pvdm_hs_win-20_emb-300.dill, 3, 0.741109264644786, 0.790089210089024
vectors_patient2vec_pvdm_hs_win-20_emb-300.dill, 6, 0.7319425485191999, 0.804073657181048
vectors_patient2vec_pvdm_hs_win-20_emb-300.dill, 12, 0.7335094070864738, 0.8164453398129746
vectors_patient2vec_pvdm_hs_win-20_emb-500.dill, 0, 0.7645379547747642, 0.7662446756032733
vectors_patient2vec_pvdm_hs_win-20_emb-500.dill, 1, 0.7418837913229273, 0.8114513745978682
vectors_patient2vec_pvdm_hs_win-20_emb-500.dill, 3, 0.7191524719567928, 0.8601291600303452
vectors_patient2vec_pvdm_hs_win-20_emb-500.dill, 6, 0.7364561695056087, 0.8244541011066355
vectors_patient2vec_pvdm_hs_win-20_emb-500.dill, 12, 0.7323787761884979, 0.8321482008877222
vectors_patient2vec_pvdm_hs_win-30_emb-100.dill, 0, 0.719155439491958, 0.7907858821719493
vectors_patient2vec_pvdm_hs_win-30_emb-100.dill, 1, 0.6983767582645855, 0.806670427821264
vectors_patient2vec_pvdm_hs_win-30_emb-100.dill, 3, 0.6943171701584665, 0.7999463217199105
vectors_patient2vec_pvdm_hs_win-30_emb-100.dill, 6, 0.6813431064158111, 0.8370375374428074
vectors_patient2vec_pvdm_hs_win-30_emb-100.dill, 12, 0.7187518547094784, 0.7907276063980275
vectors_patient2vec_pvdm_hs_win-30_emb-300.dill, 0, 0.7627485310700932, 0.763739466491758
vectors_patient2vec_pvdm_hs_win-30_emb-300.dill, 1, 0.7418125704789601, 0.7374860230009229
vectors_patient2vec_pvdm_hs_win-30_emb-300.dill, 3, 0.729348922784735, 0.7764419782871299
vectors_patient2vec_pvdm_hs_win-30_emb-300.dill, 6, 0.7194343877974954, 0.819862285511489
vectors_patient2vec_pvdm_hs_win-30_emb-300.dill, 12, 0.7228411181672503, 0.8187344105618358
vectors_patient2vec_pvdm_hs_win-30_emb-500.dill, 0, 0.7613745622885633, 0.7582342154882875
vectors_patient2vec_pvdm_hs_win-30_emb-500.dill, 1, 0.713306427681168, 0.8192912166685445
vectors_patient2vec_pvdm_hs_win-30_emb-500.dill, 3, 0.7136684669713336, 0.8259841868376724
vectors_patient2vec_pvdm_hs_win-30_emb-500.dill, 6, 0.7262419134666747, 0.8159316601098584
vectors_patient2vec_pvdm_hs_win-30_emb-500.dill, 12, 0.7248174965873345, 0.8204041621687288
vectors_patient2vec_pvdm_hs_win-50_emb-100.dill, 0, 0.6961392367499555, 0.7912102056918533
vectors_patient2vec_pvdm_hs_win-50_emb-100.dill, 1, 0.6794349813045284, 0.7904205357777813
vectors_patient2vec_pvdm_hs_win-50_emb-100.dill, 3, 0.6696124399074128, 0.8004918546714186
vectors_patient2vec_pvdm_hs_win-50_emb-100.dill, 6, 0.6670069440322868, 0.8062105842924512
vectors_patient2vec_pvdm_hs_win-50_emb-100.dill, 12, 0.6740162620927058, 0.8291600787172156
vectors_patient2vec_pvdm_hs_win-50_emb-300.dill, 0, 0.7381595346904861, 0.7577037744102185
vectors_patient2vec_pvdm_hs_win-50_emb-300.dill, 1, 0.6933823965813997, 0.8027957510330406
vectors_patient2vec_pvdm_hs_win-50_emb-300.dill, 3, 0.7151789423704671, 0.7916509438214583
vectors_patient2vec_pvdm_hs_win-50_emb-300.dill, 6, 0.6813074959938274, 0.8587047112581047
vectors_patient2vec_pvdm_hs_win-50_emb-300.dill, 12, 0.7105199121609591, 0.8064073447917018
vectors_patient2vec_pvdm_hs_win-50_emb-500.dill, 0, 0.7700635052525372, 0.7293739921686933
vectors_patient2vec_pvdm_hs_win-50_emb-500.dill, 1, 0.6897887114962311, 0.8469754994024474
vectors_patient2vec_pvdm_hs_win-50_emb-500.dill, 3, 0.7006884681583477, 0.8446691951308911
vectors_patient2vec_pvdm_hs_win-50_emb-500.dill, 6, 0.7028043207312007, 0.8424618856004257
vectors_patient2vec_pvdm_hs_win-50_emb-500.dill, 12, 0.7025194373553326, 0.8370928527172206
vectors_patient2vec_pvdm_hs_win-5_emb-100.dill, 0, 0.8090776900706272, 0.6597144541170337
vectors_patient2vec_pvdm_hs_win-5_emb-100.dill, 1, 0.7918541159712743, 0.7003687539026965
vectors_patient2vec_pvdm_hs_win-5_emb-100.dill, 3, 0.7809454567036619, 0.7089939008092715
vectors_patient2vec_pvdm_hs_win-5_emb-100.dill, 6, 0.7911686153480919, 0.7021368316794973
vectors_patient2vec_pvdm_hs_win-5_emb-100.dill, 12, 0.7967119710368568, 0.6896724396961821
vectors_patient2vec_pvdm_hs_win-5_emb-300.dill, 0, 0.8284616297703127, 0.6696696281265397
vectors_patient2vec_pvdm_hs_win-5_emb-300.dill, 1, 0.7883138465190812, 0.7603616267749053
vectors_patient2vec_pvdm_hs_win-5_emb-300.dill, 3, 0.7864472669001127, 0.7510812210178572
vectors_patient2vec_pvdm_hs_win-5_emb-300.dill, 6, 0.7886135675707757, 0.7306102939952759
vectors_patient2vec_pvdm_hs_win-5_emb-300.dill, 12, 0.7956228856311948, 0.7165449732420761
vectors_patient2vec_pvdm_hs_win-5_emb-500.dill, 0, 0.8286545195560568, 0.6904566542118589
vectors_patient2vec_pvdm_hs_win-5_emb-500.dill, 1, 0.7805151641046947, 0.7833429693482711
vectors_patient2vec_pvdm_hs_win-5_emb-500.dill, 3, 0.7681227372544365, 0.8216020851124535
vectors_patient2vec_pvdm_hs_win-5_emb-500.dill, 6, 0.7769363166953529, 0.7812125606102857
vectors_patient2vec_pvdm_hs_win-5_emb-500.dill, 12, 0.7945812807881772, 0.7499761363308307
vectors_patient2vec_pvdm_ns_win-10_emb-100.dill, 0, 0.7633361030328208, 0.7290941797618635
vectors_patient2vec_pvdm_ns_win-10_emb-100.dill, 1, 0.7275862068965516, 0.7864271026708415
vectors_patient2vec_pvdm_ns_win-10_emb-100.dill, 3, 0.7301887352365125, 0.7649749573958635
vectors_patient2vec_pvdm_ns_win-10_emb-100.dill, 6, 0.7279482461867173, 0.7693925466339847
vectors_patient2vec_pvdm_ns_win-10_emb-100.dill, 12, 0.7407650305656122, 0.755311826074151
vectors_patient2vec_pvdm_ns_win-10_emb-300.dill, 0, 0.7440946050210696, 0.8106246570436925
vectors_patient2vec_pvdm_ns_win-10_emb-300.dill, 1, 0.7374740340673037, 0.7951056324794682
vectors_patient2vec_pvdm_ns_win-10_emb-300.dill, 3, 0.7195946346964212, 0.8040005153554084
vectors_patient2vec_pvdm_ns_win-10_emb-300.dill, 6, 0.7397887114962313, 0.7689415463644906
vectors_patient2vec_pvdm_ns_win-10_emb-300.dill, 12, 0.7218826043088611, 0.8236904512908344
vectors_patient2vec_pvdm_ns_win-10_emb-500.dill, 0, 0.7747225354620453, 0.7249626827511864
vectors_patient2vec_pvdm_ns_win-10_emb-500.dill, 1, 0.7405929135260253, 0.795502788845689
vectors_patient2vec_pvdm_ns_win-10_emb-500.dill, 3, 0.7210101489702654, 0.8388068894176259
vectors_patient2vec_pvdm_ns_win-10_emb-500.dill, 6, 0.7230992937266307, 0.8265369780378807
vectors_patient2vec_pvdm_ns_win-10_emb-500.dill, 12, 0.7447519140601817, 0.8181960028211743
vectors_patient2vec_pvdm_ns_win-20_emb-100.dill, 0, 0.7407739331711081, 0.7458628680069626
vectors_patient2vec_pvdm_ns_win-20_emb-100.dill, 1, 0.72817971392961, 0.740949448235884
vectors_patient2vec_pvdm_ns_win-20_emb-100.dill, 3, 0.7072852988307912, 0.775058836372959
vectors_patient2vec_pvdm_ns_win-20_emb-100.dill, 6, 0.7100925870971571, 0.7768631397058375
vectors_patient2vec_pvdm_ns_win-20_emb-100.dill, 12, 0.7041753219775655, 0.7876716189010974
vectors_patient2vec_pvdm_ns_win-20_emb-300.dill, 0, 0.7558727520921122, 0.7356609229828922
vectors_patient2vec_pvdm_ns_win-20_emb-300.dill, 1, 0.7335420499732921, 0.7636049261969239
vectors_patient2vec_pvdm_ns_win-20_emb-300.dill, 3, 0.6971392961006588, 0.8347638364013164
vectors_patient2vec_pvdm_ns_win-20_emb-300.dill, 6, 0.6980592320018993, 0.8330861751036154
vectors_patient2vec_pvdm_ns_win-20_emb-300.dill, 12, 0.7192830435040655, 0.8132886557318189
vectors_patient2vec_pvdm_ns_win-5_emb-100.dill, 0, 0.8110362632797199, 0.6649858035286956
vectors_patient2vec_pvdm_ns_win-5_emb-100.dill, 1, 0.783915959404119, 0.703536529720679
vectors_patient2vec_pvdm_ns_win-5_emb-100.dill, 3, 0.7824648347082913, 0.6933707830132951
vectors_patient2vec_pvdm_ns_win-5_emb-100.dill, 6, 0.7612261855302985, 0.7408110649911521
vectors_patient2vec_pvdm_ns_win-5_emb-100.dill, 12, 0.7738204047717965, 0.7090544062252109
vectors_patient2vec_pvdm_ns_win-5_emb-300.dill, 0, 0.7966199774467327, 0.7244275037571994
vectors_patient2vec_pvdm_ns_win-5_emb-300.dill, 1, 0.7722654163451838, 0.7525957722458688
vectors_patient2vec_pvdm_ns_win-5_emb-300.dill, 3, 0.767742892753279, 0.7699909497317988
vectors_patient2vec_pvdm_ns_win-5_emb-300.dill, 6, 0.7614932636951749, 0.7857301514976865
vectors_patient2vec_pvdm_ns_win-5_emb-300.dill, 12, 0.7682058282390647, 0.7793785456766716
vectors_patient2vec_pvdm_ns_win-5_emb-500.dill, 0, 0.7974805626446673, 0.7393513495714793
vectors_patient2vec_pvdm_ns_win-5_emb-500.dill, 1, 0.7772212000712209, 0.7667079931542943
vectors_patient2vec_pvdm_ns_win-5_emb-500.dill, 3, 0.7706926227075791, 0.789168315391107
vectors_patient2vec_pvdm_ns_win-5_emb-500.dill, 6, 0.7558935248382694, 0.815424572142183
vectors_patient2vec_pvdm_ns_win-5_emb-500.dill, 12, 0.7780728826636596, 0.7960369628957396
vectors_patient2vec_pvdbow_ns_win-20_emb-500.dill, 0, 0.7900468870556118, 0.7640195603033423
vectors_patient2vec_pvdbow_ns_win-20_emb-500.dill, 1, 0.8055581933645914, 0.7058794015875456
vectors_patient2vec_pvdbow_ns_win-20_emb-500.dill, 3, 0.7964241201258235, 0.7450214454992099
vectors_patient2vec_pvdbow_ns_win-20_emb-500.dill, 6, 0.8032687399845688, 0.7186999629813923
vectors_patient2vec_pvdbow_ns_win-20_emb-500.dill, 12, 0.8006647278770254, 0.7223853737151313
vectors_patient2vec_pvdbow_ns_win-30_emb-100.dill, 0, 0.8299305596771321, 0.6415270825781507
vectors_patient2vec_pvdbow_ns_win-30_emb-100.dill, 1, 0.8095554632322393, 0.6664611756247768
vectors_patient2vec_pvdbow_ns_win-30_emb-100.dill, 3, 0.8223663125408036, 0.6503698164226797
vectors_patient2vec_pvdbow_ns_win-30_emb-100.dill, 6, 0.8086919104991394, 0.6879793258962542
vectors_patient2vec_pvdbow_ns_win-30_emb-100.dill, 12, 0.8227580271826221, 0.6567387928883075
vectors_patient2vec_pvdbow_ns_win-30_emb-300.dill, 0, 0.8075434743901715, 0.7249149690859159
vectors_patient2vec_pvdbow_ns_win-30_emb-300.dill, 1, 0.793510000593507, 0.737305276954756
vectors_patient2vec_pvdbow_ns_win-30_emb-300.dill, 3, 0.7969701465962372, 0.7298979044959051
vectors_patient2vec_pvdbow_ns_win-30_emb-300.dill, 6, 0.8072200130571547, 0.7221942339030119
vectors_patient2vec_pvdbow_ns_win-30_emb-300.dill, 12, 0.8190604783666685, 0.6902080527536425
vectors_patient2vec_pvdbow_ns_win-30_emb-500.dill, 0, 0.8095613983025698, 0.7123165889983901
vectors_patient2vec_pvdbow_ns_win-30_emb-500.dill, 1, 0.7868137574930263, 0.7635619750455752
vectors_patient2vec_pvdbow_ns_win-30_emb-500.dill, 3, 0.7996557659208262, 0.7328946804127123
vectors_patient2vec_pvdbow_ns_win-30_emb-500.dill, 6, 0.7986438364294618, 0.7439252346665288
vectors_patient2vec_pvdbow_ns_win-30_emb-500.dill, 12, 0.7986319662888006, 0.7352798763250012
vectors_patient2vec_pvdbow_ns_win-5_emb-10.dill, 0, 0.8162531901003027, 0.5931468461388943
vectors_patient2vec_pvdbow_ns_win-5_emb-10.dill, 1, 0.784963499317467, 0.6527387918208299
vectors_patient2vec_pvdbow_ns_win-5_emb-10.dill, 3, 0.7892812629829663, 0.6471303665282646
vectors_patient2vec_pvdbow_ns_win-5_emb-10.dill, 6, 0.7851771618493678, 0.6524710270579961
vectors_patient2vec_pvdbow_ns_win-5_emb-10.dill, 12, 0.7935100005935072, 0.6387293203207164
vectors_patient2vec_pvdm_ns_win-5_emb-10.dill, 0, 0.724375333847706, 0.7034854608561573
vectors_patient2vec_pvdm_ns_win-5_emb-10.dill, 1, 0.708953053593685, 0.7194887550238787
vectors_patient2vec_pvdm_ns_win-5_emb-10.dill, 3, 0.7219567926879933, 0.6954362900675328
vectors_patient2vec_pvdm_ns_win-5_emb-10.dill, 6, 0.7181820879577423, 0.7018953142143948
vectors_patient2vec_pvdm_ns_win-5_emb-10.dill, 12, 0.722440500919936, 0.6870383533012024
vectors_patient2vec_pvdbow_ns_win-5_emb-50.dill, 0, 0.8204196094723722, 0.6526039711377969
vectors_patient2vec_pvdbow_ns_win-5_emb-50.dill, 1, 0.8095346904860822, 0.6516729611170573
vectors_patient2vec_pvdbow_ns_win-5_emb-50.dill, 3, 0.7978010564425189, 0.6925360211973297
vectors_patient2vec_pvdbow_ns_win-5_emb-50.dill, 6, 0.8191138939996438, 0.6455477522354925
vectors_patient2vec_pvdbow_ns_win-5_emb-50.dill, 12, 0.8041367440204166, 0.6752478296039348
vectors_patient2vec_pvdm_ns_win-5_emb-50.dill, 0, 0.7840138880645735, 0.6758879790291857
vectors_patient2vec_pvdm_ns_win-5_emb-50.dill, 1, 0.7559647456822364, 0.7197672963563965
vectors_patient2vec_pvdm_ns_win-5_emb-50.dill, 3, 0.7686301857677013, 0.6897046818272122
vectors_patient2vec_pvdm_ns_win-5_emb-50.dill, 6, 0.7602439313905871, 0.7369721848698839
vectors_patient2vec_pvdm_ns_win-5_emb-50.dill, 12, 0.7460947237224762, 0.756507180798273
vectors_patient2vec_pvdbow_ns_win-5_emb-1000.dill, 0, 0.7942667220606564, 0.7529947220955346
vectors_patient2vec_pvdbow_ns_win-5_emb-1000.dill, 1, 0.793133123627515, 0.7343145733171719
vectors_patient2vec_pvdbow_ns_win-5_emb-1000.dill, 3, 0.7826695946346964, 0.8183968792833771
vectors_patient2vec_pvdbow_ns_win-5_emb-1000.dill, 6, 0.7906789720458186, 0.7388716332974218
vectors_patient2vec_pvdbow_ns_win-5_emb-1000.dill, 12, 0.7924238827230103, 0.7758398653762437
vectors_patient2vec_pvdm_ns_win-5_emb-1000.dill, 0, 0.8085435337408748, 0.7242538486174814
vectors_patient2vec_pvdm_ns_win-5_emb-1000.dill, 1, 0.7635853759867054, 0.7798971961978045
vectors_patient2vec_pvdm_ns_win-5_emb-1000.dill, 3, 0.7695085761766276, 0.7904960039484776
vectors_patient2vec_pvdm_ns_win-5_emb-1000.dill, 6, 0.7603418600510417, 0.8075575934324467
vectors_patient2vec_pvdm_ns_win-5_emb-1000.dill, 12, 0.7631194729657547, 0.7926564837605001
vectors_patient2vec_pvdbow_ns_win-10_emb-10.dill, 0, 0.8058816546976082, 0.62141964998915
vectors_patient2vec_pvdbow_ns_win-10_emb-10.dill, 1, 0.7822630423170515, 0.6655941077193153
vectors_patient2vec_pvdbow_ns_win-10_emb-10.dill, 3, 0.7846162977031279, 0.6498575691890164
vectors_patient2vec_pvdbow_ns_win-10_emb-10.dill, 6, 0.7898836726215206, 0.649214994097801
vectors_patient2vec_pvdbow_ns_win-10_emb-10.dill, 12, 0.779583358062793, 0.6912640088995583
vectors_patient2vec_pvdm_ns_win-10_emb-10.dill, 0, 0.6910113359843314, 0.7347888207297163
vectors_patient2vec_pvdm_ns_win-10_emb-10.dill, 1, 0.6913051219656954, 0.7165445994245637
vectors_patient2vec_pvdm_ns_win-10_emb-10.dill, 3, 0.6558964923734346, 0.7733391432722327
vectors_patient2vec_pvdm_ns_win-10_emb-10.dill, 6, 0.7078966110748413, 0.6939811821062092
vectors_patient2vec_pvdm_ns_win-10_emb-10.dill, 12, 0.6762419134666745, 0.7633717665834016
vectors_patient2vec_pvdbow_ns_win-10_emb-50.dill, 0, 0.8184283933764616, 0.6556157969992344
vectors_patient2vec_pvdbow_ns_win-10_emb-50.dill, 1, 0.8072289156626506, 0.6574529637463266
vectors_patient2vec_pvdbow_ns_win-10_emb-50.dill, 3, 0.8054661997744674, 0.6613478900057396
vectors_patient2vec_pvdbow_ns_win-10_emb-50.dill, 6, 0.818229568520387, 0.6343265450534481
vectors_patient2vec_pvdbow_ns_win-10_emb-50.dill, 12, 0.8071636298890141, 0.699016485836112
vectors_patient2vec_pvdm_ns_win-10_emb-50.dill, 0, 0.7288207015253132, 0.7703348922929358
vectors_patient2vec_pvdm_ns_win-10_emb-50.dill, 1, 0.7114576532731913, 0.7629903690481076
vectors_patient2vec_pvdm_ns_win-10_emb-50.dill, 3, 0.6990103270223752, 0.8061910412180203
vectors_patient2vec_pvdm_ns_win-10_emb-50.dill, 6, 0.7196124399074129, 0.7567385484474811
vectors_patient2vec_pvdm_ns_win-10_emb-50.dill, 12, 0.7304914238233724, 0.7606220228169246
vectors_patient2vec_pvdbow_ns_win-10_emb-1000.dill, 0, 0.8039230814885157, 0.7552761932571845
vectors_patient2vec_pvdbow_ns_win-10_emb-1000.dill, 1, 0.7860881951451125, 0.7792100920344218
vectors_patient2vec_pvdbow_ns_win-10_emb-1000.dill, 3, 0.7871119947771381, 0.7729542821657424
vectors_patient2vec_pvdbow_ns_win-10_emb-1000.dill, 6, 0.8055344530832691, 0.7262344111506778
vectors_patient2vec_pvdbow_ns_win-10_emb-1000.dill, 12, 0.7905929135260253, 0.7840217969598796
vectors_patient2vec_pvdm_ns_win-10_emb-1000.dill, 0, 0.7708884800284883, 0.776021757201901
vectors_patient2vec_pvdm_ns_win-10_emb-1000.dill, 1, 0.7507181435100005, 0.7965890493271185
vectors_patient2vec_pvdm_ns_win-10_emb-1000.dill, 3, 0.7394830553742062, 0.8287555946997781
vectors_patient2vec_pvdm_ns_win-10_emb-1000.dill, 6, 0.7220072407858033, 0.8535473935038823
vectors_patient2vec_pvdm_ns_win-10_emb-1000.dill, 12, 0.7503887471066533, 0.8141804644765577
vectors_patient2vec_pvdbow_ns_win-20_emb-10.dill, 0, 0.8045878093655411, 0.620036947494079
vectors_patient2vec_pvdbow_ns_win-20_emb-10.dill, 1, 0.7833847706095318, 0.6611657317860237
vectors_patient2vec_pvdbow_ns_win-20_emb-10.dill, 3, 0.7889934120719332, 0.6351571573745577
vectors_patient2vec_pvdbow_ns_win-20_emb-10.dill, 6, 0.7999198765505371, 0.6251304210474977
vectors_patient2vec_pvdbow_ns_win-20_emb-10.dill, 12, 0.8053949789305004, 0.6183217096011802
vectors_patient2vec_pvdm_ns_win-20_emb-10.dill, 0, 0.6600569766751736, 0.7462782582791436
vectors_patient2vec_pvdm_ns_win-20_emb-10.dill, 1, 0.6468069321621461, 0.7750737659188355
vectors_patient2vec_pvdm_ns_win-20_emb-10.dill, 3, 0.6571280194670307, 0.7569629664874209
vectors_patient2vec_pvdm_ns_win-20_emb-10.dill, 6, 0.6363671434506499, 0.7867423592884188
vectors_patient2vec_pvdm_ns_win-20_emb-10.dill, 12, 0.6581221437474034, 0.7441691988677733
vectors_patient2vec_pvdbow_ns_win-20_emb-50.dill, 0, 0.8254970621401864, 0.6346062867996555
vectors_patient2vec_pvdbow_ns_win-20_emb-50.dill, 1, 0.8162146121431539, 0.6453153815178106
vectors_patient2vec_pvdbow_ns_win-20_emb-50.dill, 3, 0.8210605970680753, 0.6231651079342381
vectors_patient2vec_pvdbow_ns_win-20_emb-50.dill, 6, 0.8211140127010506, 0.624494163746544
vectors_patient2vec_pvdbow_ns_win-20_emb-50.dill, 12, 0.8146833639978635, 0.6397406134711091
vectors_patient2vec_pvdm_ns_win-20_emb-50.dill, 0, 0.7430470651077214, 0.7221057334793778
vectors_patient2vec_pvdm_ns_win-20_emb-50.dill, 1, 0.690661166834827, 0.7581410717581355
vectors_patient2vec_pvdm_ns_win-20_emb-50.dill, 3, 0.6917710249866462, 0.7902371925375827
vectors_patient2vec_pvdm_ns_win-20_emb-50.dill, 6, 0.7064187785625259, 0.7636907533182379
vectors_patient2vec_pvdm_ns_win-20_emb-50.dill, 12, 0.6885631194729659, 0.7975040763083139
vectors_patient2vec_pvdm_ns_win-20_emb-500.dill, 0, 0.7498397531010742, 0.758171101651995
vectors_patient2vec_pvdm_ns_win-20_emb-500.dill, 1, 0.6987862781173957, 0.8319197887375704
vectors_patient2vec_pvdm_ns_win-20_emb-500.dill, 3, 0.7047243159831444, 0.8062897754684099
vectors_patient2vec_pvdm_ns_win-20_emb-500.dill, 6, 0.6935574811561516, 0.854283645760733
vectors_patient2vec_pvdm_ns_win-20_emb-500.dill, 12, 0.7296011632737849, 0.795087178718573
vectors_patient2vec_pvdbow_ns_win-20_emb-1000.dill, 0, 0.7997833699329338, 0.760721327243086
vectors_patient2vec_pvdbow_ns_win-20_emb-1000.dill, 1, 0.7969434387797495, 0.7615985258467552
vectors_patient2vec_pvdbow_ns_win-20_emb-1000.dill, 3, 0.7957252655943974, 0.7425707495961188
vectors_patient2vec_pvdbow_ns_win-20_emb-1000.dill, 6, 0.8091815538014125, 0.710468980248368
vectors_patient2vec_pvdbow_ns_win-20_emb-1000.dill, 12, 0.7954329633806161, 0.7772730729072527
vectors_patient2vec_pvdbow_hs_win-5_emb-10.dill, 0, 0.7981898035491721, 0.6204547504852383
vectors_patient2vec_pvdbow_hs_win-5_emb-10.dill, 1, 0.7858567274022197, 0.6325872308072503
vectors_patient2vec_pvdbow_hs_win-5_emb-10.dill, 3, 0.7783815063208499, 0.6609907985752291
vectors_patient2vec_pvdbow_hs_win-5_emb-10.dill, 6, 0.7868983322452371, 0.6484320517608516
vectors_patient2vec_pvdbow_hs_win-5_emb-10.dill, 12, 0.787355332660692, 0.632275108144211
vectors_patient2vec_pvdbow_hs_win-5_emb-50.dill, 0, 0.8564098759570301, 0.5787744602168363
vectors_patient2vec_pvdbow_hs_win-5_emb-50.dill, 1, 0.840753160424951, 0.5766196738156041
vectors_patient2vec_pvdbow_hs_win-5_emb-50.dill, 3, 0.8203988367262153, 0.6421195408955673
vectors_patient2vec_pvdbow_hs_win-5_emb-50.dill, 6, 0.82685619324589, 0.6145389130996329
vectors_patient2vec_pvdbow_hs_win-5_emb-50.dill, 12, 0.8333165173007301, 0.6028991624639578
vectors_patient2vec_pvdbow_hs_win-5_emb-1000.dill, 0, 0.8296723841177518, 0.7142092469698946
vectors_patient2vec_pvdbow_hs_win-5_emb-1000.dill, 1, 0.8139118048548876, 0.7201783211280056
vectors_patient2vec_pvdbow_hs_win-5_emb-1000.dill, 3, 0.8067066294735592, 0.7488529490033154
vectors_patient2vec_pvdbow_hs_win-5_emb-1000.dill, 6, 0.8051219656952935, 0.7325736200606884
vectors_patient2vec_pvdbow_hs_win-5_emb-1000.dill, 12, 0.8124428749480682, 0.7412215252201192
vectors_patient2vec_pvdbow_hs_win-10_emb-10.dill, 0, 0.8074841236868655, 0.616500275144498
vectors_patient2vec_pvdbow_hs_win-10_emb-10.dill, 1, 0.7834856668051517, 0.6384264296761154
vectors_patient2vec_pvdbow_hs_win-10_emb-10.dill, 3, 0.7766514333194848, 0.6447874238447561
vectors_patient2vec_pvdbow_hs_win-10_emb-10.dill, 6, 0.7757166597424179, 0.6623987134251821
vectors_patient2vec_pvdbow_hs_win-10_emb-10.dill, 12, 0.7822541397115557, 0.642536414826522
vectors_patient2vec_pvdbow_hs_win-10_emb-50.dill, 0, 0.837761884978337, 0.6115393803101927
vectors_patient2vec_pvdbow_hs_win-10_emb-50.dill, 1, 0.8111727698973232, 0.6623346273568118
vectors_patient2vec_pvdbow_hs_win-10_emb-50.dill, 3, 0.8268205828239066, 0.6118647149313384
vectors_patient2vec_pvdbow_hs_win-10_emb-50.dill, 6, 0.8152887411715829, 0.6484227309094459
vectors_patient2vec_pvdbow_hs_win-10_emb-50.dill, 12, 0.8205056679921658, 0.642287059696046
vectors_patient2vec_pvdbow_hs_win-10_emb-1000.dill, 0, 0.8412991868953648, 0.6938365988638238
vectors_patient2vec_pvdbow_hs_win-10_emb-1000.dill, 1, 0.8120437414683365, 0.710716238765486
vectors_patient2vec_pvdbow_hs_win-10_emb-1000.dill, 3, 0.8107454448335212, 0.7144956386968088
vectors_patient2vec_pvdbow_hs_win-10_emb-1000.dill, 6, 0.8242180544839455, 0.6867213061850914
vectors_patient2vec_pvdbow_hs_win-10_emb-1000.dill, 12, 0.8266365956436585, 0.6924426332990311
vectors_patient2vec_pvdbow_hs_win-20_emb-10.dill, 0, 0.8120897382633984, 0.5953042231672238
vectors_patient2vec_pvdbow_hs_win-20_emb-10.dill, 1, 0.7750252240489051, 0.6664287412508024
vectors_patient2vec_pvdbow_hs_win-20_emb-10.dill, 3, 0.7753279126357647, 0.6691713487643033
vectors_patient2vec_pvdbow_hs_win-20_emb-10.dill, 6, 0.7824707697786218, 0.6500248176932046
vectors_patient2vec_pvdbow_hs_win-20_emb-10.dill, 12, 0.7871238649177993, 0.6360706883103454
vectors_patient2vec_pvdbow_hs_win-20_emb-50.dill, 0, 0.8412190634459018, 0.6054166238487184
vectors_patient2vec_pvdbow_hs_win-20_emb-50.dill, 1, 0.8271826221140721, 0.6270161789433681
vectors_patient2vec_pvdbow_hs_win-20_emb-50.dill, 3, 0.8193839396996855, 0.6338163472178602
vectors_patient2vec_pvdbow_hs_win-20_emb-50.dill, 6, 0.8151848774407977, 0.6678031894501857
vectors_patient2vec_pvdbow_hs_win-20_emb-50.dill, 12, 0.8134874473262508, 0.6758313236322816
vectors_patient2vec_pvdbow_hs_win-20_emb-1000.dill, 0, 0.8426316101845807, 0.6858957009272126
vectors_patient2vec_pvdbow_hs_win-20_emb-1000.dill, 1, 0.8259451599501455, 0.702257166893296
vectors_patient2vec_pvdbow_hs_win-20_emb-1000.dill, 3, 0.817312600154312, 0.7130472308188728
vectors_patient2vec_pvdbow_hs_win-20_emb-1000.dill, 6, 0.8148050329396404, 0.7194600573015204
vectors_patient2vec_pvdbow_hs_win-20_emb-1000.dill, 12, 0.8217357113181791, 0.7193066192023634
vectors_patient2vec_pvdbow_hs_win-30_emb-10.dill, 0, 0.8004154549231408, 0.6317416578627595
vectors_patient2vec_pvdbow_hs_win-30_emb-10.dill, 1, 0.7879369695530893, 0.6215790360715229
vectors_patient2vec_pvdbow_hs_win-30_emb-10.dill, 3, 0.786693572318832, 0.6222887514307489
vectors_patient2vec_pvdbow_hs_win-30_emb-10.dill, 6, 0.7855926167725087, 0.6367423812021742
vectors_patient2vec_pvdbow_hs_win-30_emb-10.dill, 12, 0.7871565078046175, 0.6435462882916778
vectors_patient2vec_pvdbow_hs_win-30_emb-50.dill, 0, 0.8453112944388391, 0.6184810242963242
vectors_patient2vec_pvdbow_hs_win-30_emb-50.dill, 1, 0.8102439313905869, 0.6773810748849557
vectors_patient2vec_pvdbow_hs_win-30_emb-50.dill, 3, 0.8088432547925694, 0.6726165749878376
vectors_patient2vec_pvdbow_hs_win-30_emb-50.dill, 6, 0.8198824856074545, 0.644412988223353
vectors_patient2vec_pvdbow_hs_win-30_emb-50.dill, 12, 0.8263368745919639, 0.6253332844043412
vectors_patient2vec_pvdbow_hs_win-30_emb-1000.dill, 0, 0.8339396996854411, 0.6873691262495064
vectors_patient2vec_pvdbow_hs_win-30_emb-1000.dill, 1, 0.8067719152471957, 0.7330980166331329
vectors_patient2vec_pvdbow_hs_win-30_emb-1000.dill, 3, 0.8090762063030447, 0.7278804878588385
vectors_patient2vec_pvdbow_hs_win-30_emb-1000.dill, 6, 0.811383464894059, 0.7155081920053955
vectors_patient2vec_pvdbow_hs_win-30_emb-1000.dill, 12, 0.8177696005697668, 0.7297846481496709
vectors_patient2vec_pvdbow_hs_win-50_emb-10.dill, 0, 0.7892812629829663, 0.6538432145804222
vectors_patient2vec_pvdbow_hs_win-50_emb-10.dill, 1, 0.774577126238946, 0.6766890985887568
vectors_patient2vec_pvdbow_hs_win-50_emb-10.dill, 3, 0.7764526084634102, 0.6511349143825695
vectors_patient2vec_pvdbow_hs_win-50_emb-10.dill, 6, 0.7850109798801115, 0.6443564157021213
vectors_patient2vec_pvdbow_hs_win-50_emb-10.dill, 12, 0.7839367321502759, 0.6414799400219149
vectors_patient2vec_pvdbow_hs_win-50_emb-50.dill, 0, 0.8440055789661108, 0.6058538925170783
vectors_patient2vec_pvdbow_hs_win-50_emb-50.dill, 1, 0.8259451599501455, 0.6262475251115013
vectors_patient2vec_pvdbow_hs_win-50_emb-50.dill, 3, 0.8354739153658971, 0.5923869231214546
vectors_patient2vec_pvdbow_hs_win-50_emb-50.dill, 6, 0.8214315389637367, 0.6465367906849843
vectors_patient2vec_pvdbow_hs_win-50_emb-50.dill, 12, 0.8331058223039944, 0.6143031296473308
vectors_patient2vec_pvdbow_hs_win-50_emb-1000.dill, 0, 0.8296768354204997, 0.7147486222519226
vectors_patient2vec_pvdbow_hs_win-50_emb-1000.dill, 1, 0.8157813520090214, 0.7169111539048253
vectors_patient2vec_pvdbow_hs_win-50_emb-1000.dill, 3, 0.8140868894296397, 0.7206259765576976
vectors_patient2vec_pvdbow_hs_win-50_emb-1000.dill, 6, 0.8128167843788949, 0.7198733347685777
vectors_patient2vec_pvdbow_hs_win-50_emb-1000.dill, 12, 0.8108849189862901, 0.750047303400773
vectors_patient2vec_pvdbow_ns_win-30_emb-10.dill, 0, 0.813060122262449, 0.6076681925161508
vectors_patient2vec_pvdbow_ns_win-30_emb-10.dill, 1, 0.7897768413555699, 0.6314968390377532
vectors_patient2vec_pvdbow_ns_win-30_emb-10.dill, 3, 0.7990503887471067, 0.6239927000226021
vectors_patient2vec_pvdbow_ns_win-30_emb-10.dill, 6, 0.7941955012166895, 0.6411874795385285
vectors_patient2vec_pvdbow_ns_win-30_emb-10.dill, 12, 0.7921093239954894, 0.6508049864090648
vectors_patient2vec_pvdbow_ns_win-30_emb-50.dill, 0, 0.8249198765505371, 0.6344714935809805
vectors_patient2vec_pvdbow_ns_win-30_emb-50.dill, 1, 0.7980829722832216, 0.6804076831592912
vectors_patient2vec_pvdbow_ns_win-30_emb-50.dill, 3, 0.8113241141907532, 0.6772423466758382
vectors_patient2vec_pvdbow_ns_win-30_emb-50.dill, 6, 0.8251201851741943, 0.6292404323643462
vectors_patient2vec_pvdbow_ns_win-30_emb-50.dill, 12, 0.8118760757314974, 0.6649264100162078
vectors_patient2vec_pvdbow_ns_win-30_emb-1000.dill, 0, 0.8110807763071993, 0.695838157796646
vectors_patient2vec_pvdbow_ns_win-30_emb-1000.dill, 1, 0.7838744139118048, 0.7777214893955909
vectors_patient2vec_pvdbow_ns_win-30_emb-1000.dill, 3, 0.7850881357944092, 0.7805057782926401
vectors_patient2vec_pvdbow_ns_win-30_emb-1000.dill, 6, 0.7998902011988842, 0.7558478571234817
vectors_patient2vec_pvdbow_ns_win-30_emb-1000.dill, 12, 0.799811561517004, 0.7448082209590906
vectors_patient2vec_pvdbow_ns_win-50_emb-10.dill, 0, 0.8142679090747225, 0.5982823683871908
vectors_patient2vec_pvdbow_ns_win-50_emb-10.dill, 1, 0.7945723781826814, 0.6412201847148056
vectors_patient2vec_pvdbow_ns_win-50_emb-10.dill, 3, 0.7962609056917324, 0.6267586940066322
vectors_patient2vec_pvdbow_ns_win-50_emb-10.dill, 6, 0.7967772568104932, 0.6286725593088467
vectors_patient2vec_pvdbow_ns_win-50_emb-10.dill, 12, 0.8112261855302987, 0.6072266490701949
vectors_patient2vec_pvdbow_ns_win-50_emb-50.dill, 0, 0.8218440263517122, 0.6579629497336853
vectors_patient2vec_pvdbow_ns_win-50_emb-50.dill, 1, 0.8197192711733634, 0.6499890125373834
vectors_patient2vec_pvdbow_ns_win-50_emb-50.dill, 3, 0.8181761528874116, 0.6515516274872585
vectors_patient2vec_pvdbow_ns_win-50_emb-50.dill, 6, 0.8098403466081073, 0.677025544199695
vectors_patient2vec_pvdbow_ns_win-50_emb-50.dill, 12, 0.8076651433319484, 0.6921331216307797
vectors_patient2vec_pvdbow_ns_win-50_emb-100.dill, 0, 0.8266514333194848, 0.6461288033734448
vectors_patient2vec_pvdbow_ns_win-50_emb-100.dill, 1, 0.8112083803193069, 0.6758478686487379
vectors_patient2vec_pvdbow_ns_win-50_emb-100.dill, 3, 0.8206733337290049, 0.6610658321883366
vectors_patient2vec_pvdbow_ns_win-50_emb-100.dill, 6, 0.8351534215680456, 0.629529904147387
vectors_patient2vec_pvdbow_ns_win-50_emb-100.dill, 12, 0.8134755771855898, 0.6939499957599486
vectors_patient2vec_pvdbow_ns_win-50_emb-300.dill, 0, 0.8115466793281501, 0.710411382600389
vectors_patient2vec_pvdbow_ns_win-50_emb-300.dill, 1, 0.8023651255267376, 0.7154232454934296
vectors_patient2vec_pvdbow_ns_win-50_emb-300.dill, 3, 0.7946732743783013, 0.7499030298169156
vectors_patient2vec_pvdbow_ns_win-50_emb-300.dill, 6, 0.7858418897263932, 0.7793832329173358
vectors_patient2vec_pvdbow_ns_win-50_emb-300.dill, 12, 0.8093507033058341, 0.7358115010972236
vectors_patient2vec_pvdbow_ns_win-50_emb-500.dill, 0, 0.7961837497774349, 0.7455844021585196
vectors_patient2vec_pvdbow_ns_win-50_emb-500.dill, 1, 0.7923823372306962, 0.753537481495962
vectors_patient2vec_pvdbow_ns_win-50_emb-500.dill, 3, 0.7950264110629711, 0.7286108996395306
vectors_patient2vec_pvdbow_ns_win-50_emb-500.dill, 6, 0.8061873108196332, 0.7097954489247053
vectors_patient2vec_pvdbow_ns_win-50_emb-500.dill, 12, 0.7938067541100362, 0.7656220987421767
vectors_patient2vec_pvdbow_ns_win-50_emb-1000.dill, 0, 0.8015995014540922, 0.7391169969888999
vectors_patient2vec_pvdbow_ns_win-50_emb-1000.dill, 1, 0.7860792925396165, 0.758689662187791
vectors_patient2vec_pvdbow_ns_win-50_emb-1000.dill, 3, 0.7955427621817319, 0.7568583690467938
vectors_patient2vec_pvdbow_ns_win-50_emb-1000.dill, 6, 0.8066947593328981, 0.7259650866078262
vectors_patient2vec_pvdbow_ns_win-50_emb-1000.dill, 12, 0.8084752804320732, 0.7315677009308702
vectors_patient2vec_pvdm_hs_win-5_emb-10.dill, 0, 0.7335094070864739, 0.6866376690993973
vectors_patient2vec_pvdm_hs_win-5_emb-10.dill, 1, 0.7231200664727877, 0.6943991293607904
vectors_patient2vec_pvdm_hs_win-5_emb-10.dill, 3, 0.7189506795655529, 0.7048491296695155
vectors_patient2vec_pvdm_hs_win-5_emb-10.dill, 6, 0.7081903970562051, 0.7163064413401287
vectors_patient2vec_pvdm_hs_win-5_emb-10.dill, 12, 0.7131076028250936, 0.7124995445104683
vectors_patient2vec_pvdm_hs_win-5_emb-50.dill, 0, 0.7953172295091696, 0.6917884715502569
vectors_patient2vec_pvdm_hs_win-5_emb-50.dill, 1, 0.7788325716659743, 0.7008441137616714
vectors_patient2vec_pvdm_hs_win-5_emb-50.dill, 3, 0.7910736542228025, 0.6684007014955364
vectors_patient2vec_pvdm_hs_win-5_emb-50.dill, 6, 0.793673215027598, 0.6532473486450449
vectors_patient2vec_pvdm_hs_win-5_emb-50.dill, 12, 0.7861386432429225, 0.6830663901650069
vectors_patient2vec_pvdm_hs_win-5_emb-1000.dill, 0, 0.8492284408570241, 0.6309651886320728
vectors_patient2vec_pvdm_hs_win-5_emb-1000.dill, 1, 0.8042495103566978, 0.7326683991138023
vectors_patient2vec_pvdm_hs_win-5_emb-1000.dill, 3, 0.7857677013472609, 0.7644371612863164
vectors_patient2vec_pvdm_hs_win-5_emb-1000.dill, 6, 0.7875244821651137, 0.7915368327725619
vectors_patient2vec_pvdm_hs_win-5_emb-1000.dill, 12, 0.7899519259303223, 0.7690709630409892
vectors_patient2vec_pvdm_hs_win-10_emb-10.dill, 0, 0.7036381981126476, 0.7078039885796791
vectors_patient2vec_pvdm_hs_win-10_emb-10.dill, 1, 0.7094248916849665, 0.691785630360694
vectors_patient2vec_pvdm_hs_win-10_emb-10.dill, 3, 0.6881328268739986, 0.7216511294962286
vectors_patient2vec_pvdm_hs_win-10_emb-10.dill, 6, 0.6931895067956556, 0.7219403168727163
vectors_patient2vec_pvdm_hs_win-10_emb-10.dill, 12, 0.7025609828476467, 0.7050897225577175
vectors_patient2vec_pvdm_hs_win-10_emb-50.dill, 0, 0.7647516173066651, 0.711923288704592
vectors_patient2vec_pvdm_hs_win-10_emb-50.dill, 1, 0.732441094426969, 0.7749144366027395
vectors_patient2vec_pvdm_hs_win-10_emb-50.dill, 3, 0.7425544542702831, 0.7437935635529761
vectors_patient2vec_pvdm_hs_win-10_emb-50.dill, 6, 0.7406255564128436, 0.7765830823885382
vectors_patient2vec_pvdm_hs_win-10_emb-50.dill, 12, 0.7548697252062437, 0.729052461489907
vectors_patient2vec_pvdm_hs_win-10_emb-1000.dill, 0, 0.8110570360258769, 0.6934972003689824
vectors_patient2vec_pvdm_hs_win-10_emb-1000.dill, 1, 0.7563712979998813, 0.7959291518009846
vectors_patient2vec_pvdm_hs_win-10_emb-1000.dill, 3, 0.753937919164342, 0.8132579124340916
vectors_patient2vec_pvdm_hs_win-10_emb-1000.dill, 6, 0.7705175381328269, 0.7537001862098713
vectors_patient2vec_pvdm_hs_win-10_emb-1000.dill, 12, 0.7653718321562111, 0.7974603640730706
vectors_patient2vec_pvdm_hs_win-20_emb-10.dill, 0, 0.6383405543355689, 0.7915350207785212
vectors_patient2vec_pvdm_hs_win-20_emb-10.dill, 1, 0.6489940055789662, 0.774241410448938
vectors_patient2vec_pvdm_hs_win-20_emb-10.dill, 3, 0.6309424891684967, 0.8012155719974995
vectors_patient2vec_pvdm_hs_win-20_emb-10.dill, 6, 0.6421330642768117, 0.7767447240659027
vectors_patient2vec_pvdm_hs_win-20_emb-10.dill, 12, 0.6407175500029676, 0.7938455589057795
vectors_patient2vec_pvdm_hs_win-20_emb-50.dill, 0, 0.7306961837497774, 0.7746641197480758
vectors_patient2vec_pvdm_hs_win-20_emb-50.dill, 1, 0.6856044869131699, 0.8413313811881841
vectors_patient2vec_pvdm_hs_win-20_emb-50.dill, 3, 0.6971897441984688, 0.8129318794436122
vectors_patient2vec_pvdm_hs_win-20_emb-50.dill, 6, 0.6992937266306607, 0.8107081363403887
vectors_patient2vec_pvdm_hs_win-20_emb-50.dill, 12, 0.7126238945931509, 0.7751605507536946
vectors_patient2vec_pvdm_hs_win-20_emb-1000.dill, 0, 0.7723203157457414, 0.7810975524854785
vectors_patient2vec_pvdm_hs_win-20_emb-1000.dill, 1, 0.7555225829426079, 0.7731682528102329
vectors_patient2vec_pvdm_hs_win-20_emb-1000.dill, 3, 0.725829426078699, 0.8414583011398824
vectors_patient2vec_pvdm_hs_win-20_emb-1000.dill, 6, 0.7397323283280907, 0.8098240135118184
vectors_patient2vec_pvdm_hs_win-20_emb-1000.dill, 12, 0.730987002195976, 0.8286682463186699
vectors_patient2vec_pvdm_hs_win-30_emb-10.dill, 0, 0.5632174016262093, 0.8386559656744583
vectors_patient2vec_pvdm_hs_win-30_emb-10.dill, 1, 0.5978693097513206, 0.7987694197421986
vectors_patient2vec_pvdm_hs_win-30_emb-10.dill, 3, 0.6121817318535224, 0.7919005302878371
vectors_patient2vec_pvdm_hs_win-30_emb-10.dill, 6, 0.5551397709062852, 0.8791726237727175
vectors_patient2vec_pvdm_hs_win-30_emb-10.dill, 12, 0.5982313490414861, 0.794857396523544
vectors_patient2vec_pvdm_hs_win-30_emb-50.dill, 0, 0.7108077630719924, 0.7785312273645433
vectors_patient2vec_pvdm_hs_win-30_emb-50.dill, 1, 0.690141848180901, 0.8002137450971575
vectors_patient2vec_pvdm_hs_win-30_emb-50.dill, 3, 0.6896284645973054, 0.8047086146940864
vectors_patient2vec_pvdm_hs_win-30_emb-50.dill, 6, 0.6927117336340436, 0.7954538837184404
vectors_patient2vec_pvdm_hs_win-30_emb-50.dill, 12, 0.697833699329337, 0.7953202387988928
vectors_patient2vec_pvdm_hs_win-50_emb-10.dill, 0, 0.5603121846993886, 0.8118435762931724
vectors_patient2vec_pvdm_hs_win-50_emb-10.dill, 1, 0.553012048192771, 0.8328885690654017
vectors_patient2vec_pvdm_hs_win-50_emb-10.dill, 3, 0.5709181553801412, 0.8131415161375645
vectors_patient2vec_pvdm_hs_win-50_emb-10.dill, 6, 0.561383464894059, 0.8388650065021627
vectors_patient2vec_pvdm_hs_win-50_emb-10.dill, 12, 0.6068193958098403, 0.789174553913092
vectors_patient2vec_pvdm_hs_win-30_emb-1000.dill, 0, 0.7734435278058045, 0.7324272606997081
vectors_patient2vec_pvdm_hs_win-30_emb-1000.dill, 1, 0.7314469701465963, 0.8036848519995359
vectors_patient2vec_pvdm_hs_win-30_emb-1000.dill, 3, 0.7247551783488635, 0.8308332046039075
vectors_patient2vec_pvdm_hs_win-30_emb-1000.dill, 6, 0.7325879874176509, 0.8013015330836517
vectors_patient2vec_pvdm_hs_win-30_emb-1000.dill, 12, 0.7360288444418067, 0.790075780790145
vectors_patient2vec_pvdm_hs_win-50_emb-50.dill, 0, 0.6631966288800523, 0.7951538161605491
vectors_patient2vec_pvdm_hs_win-50_emb-50.dill, 1, 0.6354175321977565, 0.8278857293912877
vectors_patient2vec_pvdm_hs_win-50_emb-50.dill, 3, 0.6555314855481038, 0.7979166464011416
vectors_patient2vec_pvdm_hs_win-50_emb-50.dill, 6, 0.6495815775416938, 0.8226385411764895
vectors_patient2vec_pvdm_hs_win-50_emb-50.dill, 12, 0.658504955783726, 0.8188847784428095
vectors_patient2vec_pvdm_hs_win-50_emb-1000.dill, 0, 0.7545136209864086, 0.7640613916746709
vectors_patient2vec_pvdm_hs_win-50_emb-1000.dill, 1, 0.7063178823669061, 0.8308127277000443
vectors_patient2vec_pvdm_hs_win-50_emb-1000.dill, 3, 0.7038043800819039, 0.8245254290956432
vectors_patient2vec_pvdm_hs_win-50_emb-1000.dill, 6, 0.692613804973589, 0.8746509348394275
vectors_patient2vec_pvdm_hs_win-50_emb-1000.dill, 12, 0.7110154905335628, 0.8339520413597393
vectors_patient2vec_pvdm_ns_win-20_emb-1000.dill, 0, 0.7587512612024453, 0.7520496961555517
vectors_patient2vec_pvdm_ns_win-20_emb-1000.dill, 1, 0.729960235028785, 0.7879282232783087
vectors_patient2vec_pvdm_ns_win-20_emb-1000.dill, 3, 0.7229894949255149, 0.8017650153423747
vectors_patient2vec_pvdm_ns_win-20_emb-1000.dill, 6, 0.700054899400558, 0.8594502616262272
vectors_patient2vec_pvdm_ns_win-20_emb-1000.dill, 12, 0.6924446554691673, 0.885871296645573
vectors_patient2vec_pvdm_ns_win-30_emb-10.dill, 0, 0.6502700457000415, 0.7572013805631339
vectors_patient2vec_pvdm_ns_win-30_emb-10.dill, 1, 0.625452549112707, 0.763240325925034
vectors_patient2vec_pvdm_ns_win-30_emb-10.dill, 3, 0.6295655528518013, 0.7424671234208708
vectors_patient2vec_pvdm_ns_win-30_emb-10.dill, 6, 0.6254614517182029, 0.7744112640482307
vectors_patient2vec_pvdm_ns_win-30_emb-10.dill, 12, 0.6268443231052288, 0.762256114470435
vectors_patient2vec_pvdm_ns_win-30_emb-50.dill, 0, 0.7065048370823194, 0.7522640181884399
vectors_patient2vec_pvdm_ns_win-30_emb-50.dill, 1, 0.6849397590361446, 0.7607988296605236
vectors_patient2vec_pvdm_ns_win-30_emb-50.dill, 3, 0.6521010148970264, 0.794256992038487
vectors_patient2vec_pvdm_ns_win-30_emb-50.dill, 6, 0.662187666923853, 0.8133070262945037
vectors_patient2vec_pvdm_ns_win-30_emb-50.dill, 12, 0.6610718737017033, 0.8126772675725571
vectors_patient2vec_pvdm_ns_win-30_emb-100.dill, 0, 0.7219300848715057, 0.7481305627978123
vectors_patient2vec_pvdm_ns_win-30_emb-100.dill, 1, 0.7123508813579441, 0.7576525600964751
vectors_patient2vec_pvdm_ns_win-30_emb-100.dill, 3, 0.6953320671849961, 0.7617449535570788
vectors_patient2vec_pvdm_ns_win-30_emb-100.dill, 6, 0.7158585079233188, 0.750753789104783
vectors_patient2vec_pvdm_ns_win-30_emb-100.dill, 12, 0.7105555225829426, 0.7359454526768041
vectors_patient2vec_pvdm_ns_win-30_emb-300.dill, 0, 0.7328239064632917, 0.796169232752426
vectors_patient2vec_pvdm_ns_win-30_emb-300.dill, 1, 0.7389785743961066, 0.7419181029899165
vectors_patient2vec_pvdm_ns_win-30_emb-300.dill, 3, 0.6887886521455279, 0.8364014849412206
vectors_patient2vec_pvdm_ns_win-30_emb-300.dill, 6, 0.7036025876906642, 0.8009598252616276
vectors_patient2vec_pvdm_ns_win-30_emb-300.dill, 12, 0.6918036678734643, 0.8537825707345282
vectors_patient2vec_pvdm_ns_win-30_emb-500.dill, 0, 0.7627663362810849, 0.7083566165314614
vectors_patient2vec_pvdm_ns_win-30_emb-500.dill, 1, 0.7121372188260431, 0.7837990660529153
vectors_patient2vec_pvdm_ns_win-30_emb-500.dill, 3, 0.7036233604368212, 0.8056506751481133
vectors_patient2vec_pvdm_ns_win-30_emb-500.dill, 6, 0.7152056501869548, 0.7974035403541345
vectors_patient2vec_pvdm_ns_win-30_emb-500.dill, 12, 0.7069885453142619, 0.8343889606882177
vectors_patient2vec_pvdm_ns_win-30_emb-1000.dill, 0, 0.7498071102142561, 0.7469829274177787
vectors_patient2vec_pvdm_ns_win-30_emb-1000.dill, 1, 0.6963054187192118, 0.8535767671294104
vectors_patient2vec_pvdm_ns_win-30_emb-1000.dill, 3, 0.7283102854768828, 0.7582569292318777
vectors_patient2vec_pvdm_ns_win-30_emb-1000.dill, 6, 0.702572852988308, 0.8357017383197334
vectors_patient2vec_pvdm_ns_win-30_emb-1000.dill, 12, 0.7244702949729954, 0.7974417067073121
vectors_patient2vec_pvdm_ns_win-50_emb-10.dill, 0, 0.600071220843967, 0.7968625242657026
vectors_patient2vec_pvdm_ns_win-50_emb-10.dill, 1, 0.5792302213781234, 0.794634298068286
vectors_patient2vec_pvdm_ns_win-50_emb-10.dill, 3, 0.5816665677488279, 0.8129554406876041
vectors_patient2vec_pvdm_ns_win-50_emb-10.dill, 6, 0.6040744257819455, 0.7965924503207712
vectors_patient2vec_pvdm_ns_win-50_emb-10.dill, 12, 0.596795062021485, 0.7809824612611121
vectors_patient2vec_pvdm_ns_win-50_emb-50.dill, 0, 0.698554810374503, 0.7225266313728085
vectors_patient2vec_pvdm_ns_win-50_emb-50.dill, 1, 0.6538696658555404, 0.7982717451756033
vectors_patient2vec_pvdm_ns_win-50_emb-50.dill, 3, 0.6530061131224405, 0.8001439770980673
vectors_patient2vec_pvdm_ns_win-50_emb-50.dill, 6, 0.6191821473084456, 0.8546091161895606
vectors_patient2vec_pvdm_ns_win-50_emb-50.dill, 12, 0.6669505608641463, 0.7656735057606778
vectors_patient2vec_pvdm_ns_win-50_emb-100.dill, 0, 0.6808000474805627, 0.8151067153555156
vectors_patient2vec_pvdm_ns_win-50_emb-100.dill, 1, 0.653388925158763, 0.8450874316517782
vectors_patient2vec_pvdm_ns_win-50_emb-100.dill, 3, 0.6624161671315805, 0.8061942633060306
vectors_patient2vec_pvdm_ns_win-50_emb-100.dill, 6, 0.6274437652086178, 0.8750115002947294
vectors_patient2vec_pvdm_ns_win-50_emb-100.dill, 12, 0.6639919283043505, 0.8234629215630043
vectors_patient2vec_pvdm_ns_win-50_emb-300.dill, 0, 0.7203632263042318, 0.758321808334168
vectors_patient2vec_pvdm_ns_win-50_emb-300.dill, 1, 0.698160128197519, 0.799798337071205
vectors_patient2vec_pvdm_ns_win-50_emb-300.dill, 3, 0.6799127544661404, 0.8328616238945219
vectors_patient2vec_pvdm_ns_win-50_emb-300.dill, 6, 0.6755682829841534, 0.8487776389312603
vectors_patient2vec_pvdm_ns_win-50_emb-300.dill, 12, 0.688382099827883, 0.8122542939614728
vectors_patient2vec_pvdm_ns_win-50_emb-500.dill, 0, 0.7381832749718085, 0.7498986370925739
vectors_patient2vec_pvdm_ns_win-50_emb-500.dill, 1, 0.7109086592676122, 0.7881813304359777
vectors_patient2vec_pvdm_ns_win-50_emb-500.dill, 3, 0.6918689536471008, 0.8250468303324676
vectors_patient2vec_pvdm_ns_win-50_emb-500.dill, 6, 0.6966407501928897, 0.817191806888008
vectors_patient2vec_pvdm_ns_win-50_emb-500.dill, 12, 0.6970591726511959, 0.8042982457953447
vectors_patient2vec_pvdm_ns_win-50_emb-1000.dill, 0, 0.7403673808534632, 0.7479283449004522
vectors_patient2vec_pvdm_ns_win-50_emb-1000.dill, 1, 0.6869250400617246, 0.8619651756670872
vectors_patient2vec_pvdm_ns_win-50_emb-1000.dill, 3, 0.7011929491364473, 0.8288689939033704
vectors_patient2vec_pvdm_ns_win-50_emb-1000.dill, 6, 0.6916493560448693, 0.8280196791432294
vectors_patient2vec_pvdm_ns_win-50_emb-1000.dill, 12, 0.7204997329218352, 0.770717014041005
