vectors_patient2vec_pvdbow_hs_win-5_emb-50.dill, 0, 0.8651700397649712, 0.46686778135971224
vectors_patient2vec_pvdbow_hs_win-5_emb-50.dill, 1, 0.840204166419372, 0.4996983726236489
vectors_patient2vec_pvdbow_hs_win-5_emb-50.dill, 3, 0.8356964805032939, 0.5059638668838792
vectors_patient2vec_pvdbow_hs_win-5_emb-50.dill, 6, 0.8337379072942014, 0.5081527074605336
vectors_patient2vec_pvdbow_hs_win-5_emb-50.dill, 12, 0.8296664490474213, 0.5113889777986385
vectors_patient2vec_pvdbow_hs_win-5_emb-100.dill, 0, 0.8723544424001426, 0.4468506345037453
vectors_patient2vec_pvdbow_hs_win-5_emb-100.dill, 1, 0.8418837913229271, 0.4928266235358545
vectors_patient2vec_pvdbow_hs_win-5_emb-100.dill, 3, 0.8401893287435457, 0.4923021905790796
vectors_patient2vec_pvdbow_hs_win-5_emb-100.dill, 6, 0.8345984924921359, 0.4999761126240748
vectors_patient2vec_pvdbow_hs_win-5_emb-100.dill, 12, 0.8329010623775893, 0.5033260672559713
vectors_patient2vec_pvdbow_hs_win-5_emb-300.dill, 0, 0.8685411597127425, 0.48280519648009473
vectors_patient2vec_pvdbow_hs_win-5_emb-300.dill, 1, 0.8346430055196155, 0.5254721455571678
vectors_patient2vec_pvdbow_hs_win-5_emb-300.dill, 3, 0.8292183512374622, 0.5335983441303123
vectors_patient2vec_pvdbow_hs_win-5_emb-300.dill, 6, 0.8271529467624191, 0.5342267103408432
vectors_patient2vec_pvdbow_hs_win-5_emb-300.dill, 12, 0.8280046293548577, 0.5359312937813635
vectors_patient2vec_pvdbow_hs_win-10_emb-50.dill, 0, 0.8663659564365837, 0.45927428171260326
vectors_patient2vec_pvdbow_hs_win-10_emb-50.dill, 1, 0.8380527034245355, 0.49834427187186287
vectors_patient2vec_pvdbow_hs_win-10_emb-50.dill, 3, 0.8310137100124636, 0.5067222166233809
vectors_patient2vec_pvdbow_hs_win-10_emb-50.dill, 6, 0.8295803905276277, 0.507504731584814
vectors_patient2vec_pvdbow_hs_win-10_emb-50.dill, 12, 0.8273399014778324, 0.5113763558519704
vectors_patient2vec_pvdbow_hs_win-10_emb-100.dill, 0, 0.8712712920648111, 0.4484971067921311
vectors_patient2vec_pvdbow_hs_win-10_emb-100.dill, 1, 0.8376936316695354, 0.49875947867185405
vectors_patient2vec_pvdbow_hs_win-10_emb-100.dill, 3, 0.8311442815597363, 0.5069059852207506
vectors_patient2vec_pvdbow_hs_win-10_emb-100.dill, 6, 0.8239213009674164, 0.5157835030506809
vectors_patient2vec_pvdbow_hs_win-10_emb-100.dill, 12, 0.8237580865333254, 0.5157406989184337
vectors_patient2vec_pvdbow_hs_win-10_emb-300.dill, 0, 0.8550804202029795, 0.47635142335478503
vectors_patient2vec_pvdbow_hs_win-10_emb-300.dill, 1, 0.8340435634162264, 0.5079380670631854
vectors_patient2vec_pvdbow_hs_win-10_emb-300.dill, 3, 0.8263843551546086, 0.520741365273072
vectors_patient2vec_pvdbow_hs_win-10_emb-300.dill, 6, 0.828025402101015, 0.5164014964109767
vectors_patient2vec_pvdbow_hs_win-10_emb-300.dill, 12, 0.82614398480622, 0.514104655900256
vectors_patient2vec_pvdbow_hs_win-20_emb-50.dill, 0, 0.8620066472787703, 0.4693830181735669
vectors_patient2vec_pvdbow_hs_win-20_emb-50.dill, 1, 0.8357053831087898, 0.5029833068101706
vectors_patient2vec_pvdbow_hs_win-20_emb-50.dill, 3, 0.8321116980236216, 0.5082227291339073
vectors_patient2vec_pvdbow_hs_win-20_emb-50.dill, 6, 0.8277256810493204, 0.5122260133374343
vectors_patient2vec_pvdbow_hs_win-20_emb-50.dill, 12, 0.8232476704848952, 0.51760906315957
vectors_patient2vec_pvdbow_hs_win-20_emb-100.dill, 0, 0.8683868478841474, 0.46447614164021817
vectors_patient2vec_pvdbow_hs_win-20_emb-100.dill, 1, 0.8358923378242032, 0.5078465533700263
vectors_patient2vec_pvdbow_hs_win-20_emb-100.dill, 3, 0.8319603537301917, 0.5137245027140491
vectors_patient2vec_pvdbow_hs_win-20_emb-100.dill, 6, 0.8214523117098937, 0.5211322051671169
vectors_patient2vec_pvdbow_hs_win-20_emb-100.dill, 12, 0.8193987773755118, 0.5246218912921408
vectors_patient2vec_pvdbow_hs_win-20_emb-300.dill, 0, 0.8713573505846045, 0.4528501735544632
vectors_patient2vec_pvdbow_hs_win-20_emb-300.dill, 1, 0.8411715828832571, 0.5005044322441295
vectors_patient2vec_pvdbow_hs_win-20_emb-300.dill, 3, 0.8281856489999407, 0.5158330720433285
vectors_patient2vec_pvdbow_hs_win-20_emb-300.dill, 6, 0.830794112410232, 0.5092289594600644
vectors_patient2vec_pvdbow_hs_win-20_emb-300.dill, 12, 0.8300047480562645, 0.5107513502751531
vectors_patient2vec_pvdbow_hs_win-30_emb-50.dill, 0, 0.8684461985874532, 0.4610030820352158
vectors_patient2vec_pvdbow_hs_win-30_emb-50.dill, 1, 0.8425040061724731, 0.4946233878979303
vectors_patient2vec_pvdbow_hs_win-30_emb-50.dill, 3, 0.8373345599145351, 0.5031455417202311
vectors_patient2vec_pvdbow_hs_win-30_emb-50.dill, 6, 0.833010861178705, 0.5062838178219886
vectors_patient2vec_pvdbow_hs_win-30_emb-50.dill, 12, 0.8310878983915959, 0.5083553921480798
vectors_patient2vec_pvdbow_hs_win-30_emb-100.dill, 0, 0.8739984568817141, 0.44429976291631124
vectors_patient2vec_pvdbow_hs_win-30_emb-100.dill, 1, 0.8370556116089977, 0.500133100446515
vectors_patient2vec_pvdbow_hs_win-30_emb-100.dill, 3, 0.8323075553445309, 0.5054615493597375
vectors_patient2vec_pvdbow_hs_win-30_emb-100.dill, 6, 0.8293311175737432, 0.5104067555560313
vectors_patient2vec_pvdbow_hs_win-30_emb-100.dill, 12, 0.8259867054424596, 0.5159458137233489
vectors_patient2vec_pvdbow_hs_win-30_emb-300.dill, 0, 0.8712861297406375, 0.4551414674286267
vectors_patient2vec_pvdbow_hs_win-30_emb-300.dill, 1, 0.8292480265891151, 0.5100784584608012
vectors_patient2vec_pvdbow_hs_win-30_emb-300.dill, 3, 0.8251736008071696, 0.5214699440886514
vectors_patient2vec_pvdbow_hs_win-30_emb-300.dill, 6, 0.8240103270223752, 0.5201807424495282
vectors_patient2vec_pvdbow_hs_win-30_emb-300.dill, 12, 0.823232832809069, 0.5183515230064524
vectors_patient2vec_pvdbow_hs_win-50_emb-50.dill, 0, 0.8660246898925753, 0.4692187986061283
vectors_patient2vec_pvdbow_hs_win-50_emb-50.dill, 1, 0.8391833343225117, 0.5035201371873969
vectors_patient2vec_pvdbow_hs_win-50_emb-50.dill, 3, 0.8320998278829603, 0.5113847903579859
vectors_patient2vec_pvdbow_hs_win-50_emb-50.dill, 6, 0.8311887945872158, 0.5129918385734711
vectors_patient2vec_pvdbow_hs_win-50_emb-50.dill, 12, 0.8266751736008072, 0.5165713841383341
vectors_patient2vec_pvdbow_hs_win-50_emb-100.dill, 0, 0.8714404415692327, 0.453241892546655
vectors_patient2vec_pvdbow_hs_win-50_emb-100.dill, 1, 0.8395394385423468, 0.49729468202752075
vectors_patient2vec_pvdbow_hs_win-50_emb-100.dill, 3, 0.83601400676598, 0.5030357028126479
vectors_patient2vec_pvdbow_hs_win-50_emb-100.dill, 6, 0.825716659742418, 0.513756921081953
vectors_patient2vec_pvdbow_hs_win-50_emb-100.dill, 12, 0.8278384473856015, 0.5133085180142015
vectors_patient2vec_pvdbow_hs_win-50_emb-300.dill, 0, 0.8606059706807525, 0.4734735057111017
vectors_patient2vec_pvdbow_hs_win-50_emb-300.dill, 1, 0.8323847112588284, 0.5166478700653448
vectors_patient2vec_pvdbow_hs_win-50_emb-300.dill, 3, 0.8208083565790254, 0.5261487513234071
vectors_patient2vec_pvdbow_hs_win-50_emb-300.dill, 6, 0.8173155676894771, 0.5297165057176335
vectors_patient2vec_pvdbow_hs_win-50_emb-300.dill, 12, 0.8221437474034068, 0.5224213253901603
