vectors_patient2vec_pvdbow_hs_win-5_emb-50.dill, 0, 0.8607395097631907, 0.5055161632983141
vectors_patient2vec_pvdbow_hs_win-5_emb-50.dill, 1, 0.8453943854234673, 0.5171995925719612
vectors_patient2vec_pvdbow_hs_win-5_emb-50.dill, 3, 0.8394029319247434, 0.5275663461308402
vectors_patient2vec_pvdbow_hs_win-5_emb-50.dill, 6, 0.8406374265535046, 0.522435881830041
vectors_patient2vec_pvdbow_hs_win-5_emb-50.dill, 12, 0.8413436999228441, 0.5289456257358467
vectors_patient2vec_pvdbow_hs_win-5_emb-100.dill, 0, 0.8642768116802184, 0.471894686304995
vectors_patient2vec_pvdbow_hs_win-5_emb-100.dill, 1, 0.840091400083091, 0.5104809709062357
vectors_patient2vec_pvdbow_hs_win-5_emb-100.dill, 3, 0.8414698201673689, 0.5014309562887301
vectors_patient2vec_pvdbow_hs_win-5_emb-100.dill, 6, 0.8416641937206957, 0.5010851741470412
vectors_patient2vec_pvdbow_hs_win-5_emb-100.dill, 12, 0.8439432607276396, 0.5022540201008252
vectors_patient2vec_pvdbow_hs_win-5_emb-300.dill, 0, 0.8642619740043919, 0.5180846045546136
vectors_patient2vec_pvdbow_hs_win-5_emb-300.dill, 1, 0.8303756899519259, 0.5664747321960815
vectors_patient2vec_pvdbow_hs_win-5_emb-300.dill, 3, 0.8307852098047362, 0.5734102810840449
vectors_patient2vec_pvdbow_hs_win-5_emb-300.dill, 6, 0.8384918986289988, 0.553032096146121
vectors_patient2vec_pvdbow_hs_win-5_emb-300.dill, 12, 0.8405840109205296, 0.5480825999938894
vectors_patient2vec_pvdbow_hs_win-10_emb-50.dill, 0, 0.8534156329752508, 0.6081294431922095
vectors_patient2vec_pvdbow_hs_win-10_emb-50.dill, 1, 0.8344797910855244, 0.6419039709364768
vectors_patient2vec_pvdbow_hs_win-10_emb-50.dill, 3, 0.8184996142204285, 0.6795259244880327
vectors_patient2vec_pvdbow_hs_win-10_emb-50.dill, 6, 0.8191198290699745, 0.672037370126311
vectors_patient2vec_pvdbow_hs_win-10_emb-50.dill, 12, 0.8399786337468099, 0.6405436128842303
vectors_patient2vec_pvdbow_hs_win-10_emb-100.dill, 0, 0.8655676894771205, 0.4742863106490297
vectors_patient2vec_pvdbow_hs_win-10_emb-100.dill, 1, 0.838637307852098, 0.5148897815415914
vectors_patient2vec_pvdbow_hs_win-10_emb-100.dill, 3, 0.8351860644548637, 0.5197758776814381
vectors_patient2vec_pvdbow_hs_win-10_emb-100.dill, 6, 0.8352276099471778, 0.5215297203207077
vectors_patient2vec_pvdbow_hs_win-10_emb-100.dill, 12, 0.8365481630957328, 0.5230531559639003
vectors_patient2vec_pvdbow_hs_win-10_emb-300.dill, 0, 0.8493204344471483, 0.4835378961157516
vectors_patient2vec_pvdbow_hs_win-10_emb-300.dill, 1, 0.8306190278354799, 0.509834110295652
vectors_patient2vec_pvdbow_hs_win-10_emb-300.dill, 3, 0.8150869487803432, 0.5296842162469265
vectors_patient2vec_pvdbow_hs_win-10_emb-300.dill, 6, 0.8287583832868421, 0.5120559953996217
vectors_patient2vec_pvdbow_hs_win-10_emb-300.dill, 12, 0.8247433082082023, 0.5159925027581174
vectors_patient2vec_pvdbow_hs_win-20_emb-50.dill, 0, 0.8639236749955488, 0.6321568710966481
vectors_patient2vec_pvdbow_hs_win-20_emb-50.dill, 1, 0.8429802955665024, 0.6861894968873898
vectors_patient2vec_pvdbow_hs_win-20_emb-50.dill, 3, 0.8315033533147367, 0.7084290392659143
vectors_patient2vec_pvdbow_hs_win-20_emb-50.dill, 6, 0.8306665083981246, 0.7031197562817876
vectors_patient2vec_pvdbow_hs_win-20_emb-50.dill, 12, 0.8354501750845748, 0.7216982416864101
vectors_patient2vec_pvdbow_hs_win-20_emb-100.dill, 0, 0.8740459374443587, 0.4666861591044667
vectors_patient2vec_pvdbow_hs_win-20_emb-100.dill, 1, 0.8379933527212295, 0.5320715006373646
vectors_patient2vec_pvdbow_hs_win-20_emb-100.dill, 3, 0.8390972758027182, 0.5243669672946154
vectors_patient2vec_pvdbow_hs_win-20_emb-100.dill, 6, 0.8314024571191169, 0.5367411333876515
vectors_patient2vec_pvdbow_hs_win-20_emb-100.dill, 12, 0.8413288622470176, 0.5266729854560438
vectors_patient2vec_pvdbow_hs_win-20_emb-300.dill, 0, 0.8655291115199716, 0.45659698291262973
vectors_patient2vec_pvdbow_hs_win-20_emb-300.dill, 1, 0.8281411359724613, 0.5073652631490075
vectors_patient2vec_pvdbow_hs_win-20_emb-300.dill, 3, 0.8238856905454329, 0.5153835569801167
vectors_patient2vec_pvdbow_hs_win-20_emb-300.dill, 6, 0.8401863612083803, 0.49522263847666886
vectors_patient2vec_pvdbow_hs_win-20_emb-300.dill, 12, 0.8329040299127545, 0.5031711193777036
vectors_patient2vec_pvdbow_hs_win-30_emb-50.dill, 0, 0.8693334916018755, 0.4747831041989431
vectors_patient2vec_pvdbow_hs_win-30_emb-50.dill, 1, 0.8470443349753696, 0.5086098338259624
vectors_patient2vec_pvdbow_hs_win-30_emb-50.dill, 3, 0.8433378835539201, 0.5126703303348606
vectors_patient2vec_pvdbow_hs_win-30_emb-50.dill, 6, 0.8436939877737551, 0.5114682488835619
vectors_patient2vec_pvdbow_hs_win-30_emb-50.dill, 12, 0.8425188438482996, 0.5150594040314274
vectors_patient2vec_pvdbow_hs_win-30_emb-100.dill, 0, 0.8772716481690308, 0.4511727043749399
vectors_patient2vec_pvdbow_hs_win-30_emb-100.dill, 1, 0.8438809424891686, 0.5081932618987444
vectors_patient2vec_pvdbow_hs_win-30_emb-100.dill, 3, 0.8436435396759451, 0.5095205706914523
vectors_patient2vec_pvdbow_hs_win-30_emb-100.dill, 6, 0.8468544127247908, 0.5072529165016674
vectors_patient2vec_pvdbow_hs_win-30_emb-100.dill, 12, 0.8489851029734703, 0.5015726493592623
vectors_patient2vec_pvdbow_hs_win-30_emb-300.dill, 0, 0.862330108611787, 0.4615864069545986
vectors_patient2vec_pvdbow_hs_win-30_emb-300.dill, 1, 0.8315656715532078, 0.5048601909357698
vectors_patient2vec_pvdbow_hs_win-30_emb-300.dill, 3, 0.8268680633865512, 0.5129315449248977
vectors_patient2vec_pvdbow_hs_win-30_emb-300.dill, 6, 0.8328773220962666, 0.507410593111867
vectors_patient2vec_pvdbow_hs_win-30_emb-300.dill, 12, 0.8296160009496112, 0.5086225091442017
vectors_patient2vec_pvdbow_hs_win-50_emb-50.dill, 0, 0.8637278176746396, 0.4620941822721104
vectors_patient2vec_pvdbow_hs_win-50_emb-50.dill, 1, 0.8341058816546977, 0.5038816302672428
vectors_patient2vec_pvdbow_hs_win-50_emb-50.dill, 3, 0.8453023918333433, 0.4860360795701393
vectors_patient2vec_pvdbow_hs_win-50_emb-50.dill, 6, 0.8351623241735414, 0.500166600392602
vectors_patient2vec_pvdbow_hs_win-50_emb-50.dill, 12, 0.832470769778622, 0.5090124707930328
vectors_patient2vec_pvdbow_hs_win-50_emb-100.dill, 0, 0.8669297881179892, 0.4621790214481825
vectors_patient2vec_pvdbow_hs_win-50_emb-100.dill, 1, 0.8379310344827586, 0.5072963181554205
vectors_patient2vec_pvdbow_hs_win-50_emb-100.dill, 3, 0.8459433794290462, 0.4961712705633225
vectors_patient2vec_pvdbow_hs_win-50_emb-100.dill, 6, 0.8406938097216452, 0.5011190568555377
vectors_patient2vec_pvdbow_hs_win-50_emb-100.dill, 12, 0.8466496527983857, 0.49773953495754536
vectors_patient2vec_pvdbow_hs_win-50_emb-300.dill, 0, 0.8607306071576948, 0.4741081487154588
vectors_patient2vec_pvdbow_hs_win-50_emb-300.dill, 1, 0.8266692385304766, 0.5266073319400579
vectors_patient2vec_pvdbow_hs_win-50_emb-300.dill, 3, 0.8377440797673452, 0.5098402506917913
vectors_patient2vec_pvdbow_hs_win-50_emb-300.dill, 6, 0.8295329099649832, 0.5184408733659343
vectors_patient2vec_pvdbow_hs_win-50_emb-300.dill, 12, 0.8357498961362693, 0.510113079967294
