vectors_patient2vec_pvdbow_hs_win-10_emb-100.dill, 0, 0.9141583468454516, 0.38713396050001647
vectors_patient2vec_pvdbow_hs_win-10_emb-100.dill, 1, 0.9007225946911039, 0.41490707071476884
vectors_patient2vec_pvdbow_hs_win-10_emb-100.dill, 3, 0.9004782378983038, 0.4113013170138613
vectors_patient2vec_pvdbow_hs_win-10_emb-100.dill, 6, 0.8940057434094263, 0.42702946098029676
vectors_patient2vec_pvdbow_hs_win-10_emb-100.dill, 12, 0.8962852301918417, 0.4259640631322321
vectors_patient2vec_pvdbow_hs_win-10_emb-300.dill, 0, 0.9138768696824501, 0.3896962086279294
vectors_patient2vec_pvdbow_hs_win-10_emb-300.dill, 1, 0.9066169906538653, 0.40229034802804065
vectors_patient2vec_pvdbow_hs_win-10_emb-300.dill, 3, 0.8980348977026363, 0.4243821909054915
vectors_patient2vec_pvdbow_hs_win-10_emb-300.dill, 6, 0.8990637923809872, 0.4213848875719997
vectors_patient2vec_pvdbow_hs_win-10_emb-300.dill, 12, 0.8960697954052725, 0.4313510065199451
vectors_patient2vec_pvdbow_hs_win-10_emb-500.dill, 0, 0.9089191368033669, 0.4068679256105799
vectors_patient2vec_pvdbow_hs_win-10_emb-500.dill, 1, 0.8982052414873654, 0.42977244690325483
vectors_patient2vec_pvdbow_hs_win-10_emb-500.dill, 3, 0.8937182313396128, 0.43727059332892143
vectors_patient2vec_pvdbow_hs_win-10_emb-500.dill, 6, 0.8917805707883182, 0.4386343275217529
vectors_patient2vec_pvdbow_hs_win-10_emb-500.dill, 12, 0.8958047149702125, 0.42915083866202525
vectors_patient2vec_pvdbow_hs_win-20_emb-100.dill, 0, 0.9175242307201806, 0.3786351892790754
vectors_patient2vec_pvdbow_hs_win-20_emb-100.dill, 1, 0.9065304523675053, 0.3994386905083851
vectors_patient2vec_pvdbow_hs_win-20_emb-100.dill, 3, 0.8976846453752116, 0.41858846159244395
vectors_patient2vec_pvdbow_hs_win-20_emb-100.dill, 6, 0.8992819599555466, 0.41727915212685057
vectors_patient2vec_pvdbow_hs_win-20_emb-100.dill, 12, 0.8974509920020406, 0.42016850167596276
vectors_patient2vec_pvdbow_hs_win-20_emb-300.dill, 0, 0.9111526216546122, 0.4012816441632933
vectors_patient2vec_pvdbow_hs_win-20_emb-300.dill, 1, 0.9027819781741333, 0.411911426401891
vectors_patient2vec_pvdbow_hs_win-20_emb-300.dill, 3, 0.8946421414126693, 0.4335105483516907
vectors_patient2vec_pvdbow_hs_win-20_emb-300.dill, 6, 0.8937344003352219, 0.432097448661004
vectors_patient2vec_pvdbow_hs_win-20_emb-300.dill, 12, 0.8865895261345625, 0.45320785289448545
vectors_patient2vec_pvdbow_hs_win-20_emb-500.dill, 0, 0.9098683251653336, 0.40149093960167553
vectors_patient2vec_pvdbow_hs_win-20_emb-500.dill, 1, 0.9054589717429722, 0.40871824954307084
vectors_patient2vec_pvdbow_hs_win-20_emb-500.dill, 3, 0.8979170462205542, 0.4227428781156619
vectors_patient2vec_pvdbow_hs_win-20_emb-500.dill, 6, 0.8906593306491282, 0.44273404942991723
vectors_patient2vec_pvdbow_hs_win-20_emb-500.dill, 12, 0.890773196815391, 0.4466899073610396
vectors_patient2vec_pvdbow_hs_win-30_emb-100.dill, 0, 0.9130661425786588, 0.38791153244403254
vectors_patient2vec_pvdbow_hs_win-30_emb-100.dill, 1, 0.9017093588879375, 0.41106642421104905
vectors_patient2vec_pvdbow_hs_win-30_emb-100.dill, 3, 0.8967443385742135, 0.4235374594963003
vectors_patient2vec_pvdbow_hs_win-30_emb-100.dill, 6, 0.8948603089872287, 0.42625293337122555
vectors_patient2vec_pvdbow_hs_win-30_emb-100.dill, 12, 0.8930653227422615, 0.429381003486131
vectors_patient2vec_pvdbow_hs_win-30_emb-300.dill, 0, 0.9121116025068776, 0.397565589426625
vectors_patient2vec_pvdbow_hs_win-30_emb-300.dill, 1, 0.9019040700322469, 0.41285977602932766
vectors_patient2vec_pvdbow_hs_win-30_emb-300.dill, 3, 0.8952085117236604, 0.43453555815533856
vectors_patient2vec_pvdbow_hs_win-30_emb-300.dill, 6, 0.894170280019676, 0.4369759498450863
vectors_patient2vec_pvdbow_hs_win-30_emb-300.dill, 12, 0.8960119513928109, 0.43210480370313226
vectors_patient2vec_pvdbow_hs_win-30_emb-500.dill, 0, 0.91205637741624, 0.3990375288736777
vectors_patient2vec_pvdbow_hs_win-30_emb-500.dill, 1, 0.898464628614112, 0.42333057600892077
vectors_patient2vec_pvdbow_hs_win-30_emb-500.dill, 3, 0.8957737433729891, 0.42983107123285463
vectors_patient2vec_pvdbow_hs_win-30_emb-500.dill, 6, 0.8919528502978739, 0.4419025260672457
vectors_patient2vec_pvdbow_hs_win-30_emb-500.dill, 12, 0.8959618502796552, 0.4296713102878663
vectors_patient2vec_pvdbow_hs_win-50_emb-100.dill, 0, 0.9172607444114484, 0.3762523716687094
vectors_patient2vec_pvdbow_hs_win-50_emb-100.dill, 1, 0.9036467917068994, 0.40392391328232324
vectors_patient2vec_pvdbow_hs_win-50_emb-100.dill, 3, 0.8995461294612764, 0.4128174449782409
vectors_patient2vec_pvdbow_hs_win-50_emb-100.dill, 6, 0.898592386452659, 0.4153137163830868
vectors_patient2vec_pvdbow_hs_win-50_emb-100.dill, 12, 0.8915365555940169, 0.43084496861481025
vectors_patient2vec_pvdbow_hs_win-50_emb-300.dill, 0, 0.9135382317039844, 0.39067967373954177
vectors_patient2vec_pvdbow_hs_win-50_emb-300.dill, 1, 0.9041176283043961, 0.4092891555854635
vectors_patient2vec_pvdbow_hs_win-50_emb-300.dill, 3, 0.8922725864927399, 0.4386353414430592
vectors_patient2vec_pvdbow_hs_win-50_emb-300.dill, 6, 0.8937849569130427, 0.4330232963844595
vectors_patient2vec_pvdbow_hs_win-50_emb-300.dill, 12, 0.8962419610486618, 0.4298476730244145
vectors_patient2vec_pvdbow_hs_win-50_emb-500.dill, 0, 0.9123089325730108, 0.399448871928507
vectors_patient2vec_pvdbow_hs_win-50_emb-500.dill, 1, 0.9001405108491684, 0.4211239675707137
vectors_patient2vec_pvdbow_hs_win-50_emb-500.dill, 3, 0.8912751188762775, 0.44476546320527055
vectors_patient2vec_pvdbow_hs_win-50_emb-500.dill, 6, 0.8917091767020714, 0.4418213618042102
vectors_patient2vec_pvdbow_hs_win-50_emb-500.dill, 12, 0.8921238772796007, 0.438862158339894
vectors_patient2vec_pvdbow_hs_win-5_emb-100.dill, 0, 0.9155431871595402, 0.3810779166441019
vectors_patient2vec_pvdbow_hs_win-5_emb-100.dill, 1, 0.9007098416804824, 0.4157228898204665
vectors_patient2vec_pvdbow_hs_win-5_emb-100.dill, 3, 0.8955421395908105, 0.42569036976641655
vectors_patient2vec_pvdbow_hs_win-5_emb-100.dill, 6, 0.8951807283790923, 0.4240895160723225
vectors_patient2vec_pvdbow_hs_win-5_emb-100.dill, 12, 0.8904737287981198, 0.43541897943350605
vectors_patient2vec_pvdbow_hs_win-5_emb-300.dill, 0, 0.9150134817540854, 0.38619216190879163
vectors_patient2vec_pvdbow_hs_win-5_emb-300.dill, 1, 0.8984072400663156, 0.4209675406468094
vectors_patient2vec_pvdbow_hs_win-5_emb-300.dill, 3, 0.8975562043396674, 0.4223745640876203
vectors_patient2vec_pvdbow_hs_win-5_emb-300.dill, 6, 0.8939628158647452, 0.43048036765522735
vectors_patient2vec_pvdbow_hs_win-5_emb-300.dill, 12, 0.8920762812221029, 0.4367468325408871
vectors_patient2vec_pvdbow_hs_win-5_emb-500.dill, 0, 0.906536828872816, 0.4090248764856974
vectors_patient2vec_pvdbow_hs_win-5_emb-500.dill, 1, 0.8998991145766913, 0.4193915565526936
vectors_patient2vec_pvdbow_hs_win-5_emb-500.dill, 3, 0.8914791670462205, 0.43706470551060966
vectors_patient2vec_pvdbow_hs_win-5_emb-500.dill, 6, 0.8912720444897886, 0.4399516132844258
vectors_patient2vec_pvdbow_hs_win-5_emb-500.dill, 12, 0.890213886206708, 0.44415496384869835
vectors_patient2vec_pvdbow_ns_win-10_emb-100.dill, 0, 0.9102841644045254, 0.39669968125529975
vectors_patient2vec_pvdbow_ns_win-10_emb-100.dill, 1, 0.898946737962069, 0.4230324554621089
vectors_patient2vec_pvdbow_ns_win-10_emb-100.dill, 3, 0.8959523993878555, 0.4300568522001765
vectors_patient2vec_pvdbow_ns_win-10_emb-100.dill, 6, 0.892490981799632, 0.43462871632108235
vectors_patient2vec_pvdbow_ns_win-10_emb-100.dill, 12, 0.8887830439614495, 0.44107529913623406
vectors_patient2vec_pvdbow_ns_win-10_emb-300.dill, 0, 0.9001225199948989, 0.4237946402964618
vectors_patient2vec_pvdbow_ns_win-10_emb-300.dill, 1, 0.8870558080854087, 0.4536160034688821
vectors_patient2vec_pvdbow_ns_win-10_emb-300.dill, 3, 0.8892886097396564, 0.4396323127326744
vectors_patient2vec_pvdbow_ns_win-10_emb-300.dill, 6, 0.8927178032028276, 0.43463727080359765
vectors_patient2vec_pvdbow_ns_win-10_emb-300.dill, 12, 0.8895512989852247, 0.4412999155601256
vectors_patient2vec_pvdbow_ns_win-10_emb-500.dill, 0, 0.9003716591666819, 0.4256985860212613
vectors_patient2vec_pvdbow_ns_win-10_emb-500.dill, 1, 0.887887372697626, 0.4501051222846495
vectors_patient2vec_pvdbow_ns_win-10_emb-500.dill, 3, 0.8885892437464702, 0.4456646473594793
vectors_patient2vec_pvdbow_ns_win-10_emb-500.dill, 6, 0.8829858897046767, 0.4584483920776091
vectors_patient2vec_pvdbow_ns_win-10_emb-500.dill, 12, 0.8777302829346499, 0.47395352171918803
vectors_patient2vec_pvdbow_ns_win-20_emb-100.dill, 0, 0.910200358906156, 0.39561578101735795
vectors_patient2vec_pvdbow_ns_win-20_emb-100.dill, 1, 0.8925593014993898, 0.4408833171121036
vectors_patient2vec_pvdbow_ns_win-20_emb-100.dill, 3, 0.8923857694620052, 0.4352735785220147
vectors_patient2vec_pvdbow_ns_win-20_emb-100.dill, 6, 0.8918207655450089, 0.43650354517740325
vectors_patient2vec_pvdbow_ns_win-20_emb-100.dill, 12, 0.8905912386817031, 0.4392929229178292
vectors_patient2vec_pvdbow_ns_win-20_emb-300.dill, 0, 0.903978028384558, 0.41256983794883956
vectors_patient2vec_pvdbow_ns_win-20_emb-300.dill, 1, 0.8889615861101496, 0.44579697738984136
vectors_patient2vec_pvdbow_ns_win-20_emb-300.dill, 3, 0.887685829583341, 0.4469815185642859
vectors_patient2vec_pvdbow_ns_win-20_emb-300.dill, 6, 0.886723205013755, 0.44937168345944634
vectors_patient2vec_pvdbow_ns_win-20_emb-300.dill, 12, 0.8857551148681885, 0.4522147044793989
vectors_patient2vec_pvdbow_ns_win-5_emb-100.dill, 0, 0.9124292891107508, 0.39561580174250915
vectors_patient2vec_pvdbow_ns_win-5_emb-100.dill, 1, 0.8969711599774088, 0.42390292212182956
vectors_patient2vec_pvdbow_ns_win-5_emb-100.dill, 3, 0.8934050993823899, 0.4365010434744562
vectors_patient2vec_pvdbow_ns_win-5_emb-100.dill, 6, 0.8972075461385707, 0.4224723668387163
vectors_patient2vec_pvdbow_ns_win-5_emb-100.dill, 12, 0.8916174005720636, 0.43602866848929556
vectors_patient2vec_pvdbow_ns_win-5_emb-300.dill, 0, 0.8966439086155696, 0.43668742898622437
vectors_patient2vec_pvdbow_ns_win-5_emb-300.dill, 1, 0.8908549527227677, 0.4408695572272215
vectors_patient2vec_pvdbow_ns_win-5_emb-300.dill, 3, 0.8885990362367688, 0.4403211015298371
vectors_patient2vec_pvdbow_ns_win-5_emb-300.dill, 6, 0.8878106269015649, 0.4510142828978004
vectors_patient2vec_pvdbow_ns_win-5_emb-300.dill, 12, 0.8817263021734774, 0.4585565967573875
vectors_patient2vec_pvdbow_ns_win-5_emb-500.dill, 0, 0.8970017899761336, 0.4301526551876143
vectors_patient2vec_pvdbow_ns_win-5_emb-500.dill, 1, 0.8837005137641423, 0.45841608591114463
vectors_patient2vec_pvdbow_ns_win-5_emb-500.dill, 3, 0.8874205214159485, 0.44572098433184715
vectors_patient2vec_pvdbow_ns_win-5_emb-500.dill, 6, 0.8823525660879228, 0.45829171476354885
vectors_patient2vec_pvdbow_ns_win-5_emb-500.dill, 12, 0.8794955501102224, 0.4688791643622892
vectors_patient2vec_pvdm_hs_win-10_emb-100.dill, 0, 0.8611290513581957, 0.49134024036138346
vectors_patient2vec_pvdm_hs_win-10_emb-100.dill, 1, 0.8443167119094901, 0.5108171855784687
vectors_patient2vec_pvdm_hs_win-10_emb-100.dill, 3, 0.8443299203847765, 0.515174011612545
vectors_patient2vec_pvdm_hs_win-10_emb-100.dill, 6, 0.8428851864672339, 0.512217879378693
vectors_patient2vec_pvdm_hs_win-10_emb-100.dill, 12, 0.8346777132030097, 0.5297621039863493
vectors_patient2vec_pvdm_hs_win-10_emb-300.dill, 0, 0.8781691231394269, 0.4585533314759867
vectors_patient2vec_pvdm_hs_win-10_emb-300.dill, 1, 0.8651457942392828, 0.47975232833468084
vectors_patient2vec_pvdm_hs_win-10_emb-300.dill, 3, 0.8548372624751771, 0.49911808985128886
vectors_patient2vec_pvdm_hs_win-10_emb-300.dill, 6, 0.8513506804642095, 0.5037868694320244
vectors_patient2vec_pvdm_hs_win-10_emb-300.dill, 12, 0.848449028949334, 0.5083661261494758
vectors_patient2vec_pvdm_hs_win-10_emb-500.dill, 0, 0.8788158829637998, 0.45669718620167654
vectors_patient2vec_pvdm_hs_win-10_emb-500.dill, 1, 0.8652284610759898, 0.4814564315498595
vectors_patient2vec_pvdm_hs_win-10_emb-500.dill, 3, 0.8638907613547341, 0.47655700245999405
vectors_patient2vec_pvdm_hs_win-10_emb-500.dill, 6, 0.8554639818542877, 0.4968933589891737
vectors_patient2vec_pvdm_hs_win-10_emb-500.dill, 12, 0.8522181129187997, 0.5011589680398687
vectors_patient2vec_pvdm_hs_win-20_emb-100.dill, 0, 0.8191067426989013, 0.5415879764612139
vectors_patient2vec_pvdm_hs_win-20_emb-100.dill, 1, 0.8040466896828145, 0.5623373695967628
vectors_patient2vec_pvdm_hs_win-20_emb-100.dill, 3, 0.7996907394924302, 0.5659671432468474
vectors_patient2vec_pvdm_hs_win-20_emb-100.dill, 6, 0.8094301681575542, 0.5578053633624728
vectors_patient2vec_pvdm_hs_win-20_emb-100.dill, 12, 0.7965591921878701, 0.5683590922740721
vectors_patient2vec_pvdm_hs_win-20_emb-300.dill, 0, 0.8442994042522183, 0.5055881804359993
vectors_patient2vec_pvdm_hs_win-20_emb-300.dill, 1, 0.8345494998997978, 0.5227977178969285
vectors_patient2vec_pvdm_hs_win-20_emb-300.dill, 3, 0.8277339266519703, 0.5277766851004675
vectors_patient2vec_pvdm_hs_win-20_emb-300.dill, 6, 0.819661954125599, 0.5449205098381593
vectors_patient2vec_pvdm_hs_win-20_emb-300.dill, 12, 0.8283622401574087, 0.5259777814017667
vectors_patient2vec_pvdm_hs_win-20_emb-500.dill, 0, 0.8559073767057152, 0.4877943336720661
vectors_patient2vec_pvdm_hs_win-20_emb-500.dill, 1, 0.8452850297873892, 0.507230646554473
vectors_patient2vec_pvdm_hs_win-20_emb-500.dill, 3, 0.8387370420302793, 0.5110551503180246
vectors_patient2vec_pvdm_hs_win-20_emb-500.dill, 6, 0.8357851755360819, 0.5163068706529478
vectors_patient2vec_pvdm_hs_win-20_emb-500.dill, 12, 0.8345089635446081, 0.5245812526849617
vectors_patient2vec_pvdm_hs_win-30_emb-100.dill, 0, 0.8132797555065678, 0.5457271748809821
vectors_patient2vec_pvdm_hs_win-30_emb-100.dill, 1, 0.8006527947311848, 0.5620086273345317
vectors_patient2vec_pvdm_hs_win-30_emb-100.dill, 3, 0.7920116052396654, 0.5697720506556903
vectors_patient2vec_pvdm_hs_win-30_emb-100.dill, 6, 0.7945162054327826, 0.5667584783031219
vectors_patient2vec_pvdm_hs_win-30_emb-100.dill, 12, 0.790612873253293, 0.5728721013635444
vectors_patient2vec_pvdm_hs_win-30_emb-300.dill, 0, 0.8273527027273224, 0.5308071654206633
vectors_patient2vec_pvdm_hs_win-30_emb-300.dill, 1, 0.8103423500154858, 0.5558136282529244
vectors_patient2vec_pvdm_hs_win-30_emb-300.dill, 3, 0.8105203228333546, 0.554473198369102
vectors_patient2vec_pvdm_hs_win-30_emb-300.dill, 6, 0.8024941245058208, 0.5617947569077311
vectors_patient2vec_pvdm_hs_win-30_emb-300.dill, 12, 0.8095977791542932, 0.550869158912507
vectors_patient2vec_pvdm_hs_win-30_emb-500.dill, 0, 0.8412869609575689, 0.5052705147070102
vectors_patient2vec_pvdm_hs_win-30_emb-500.dill, 1, 0.8228595438065915, 0.5310240423918281
vectors_patient2vec_pvdm_hs_win-30_emb-500.dill, 3, 0.8167819371823134, 0.5441225871272534
vectors_patient2vec_pvdm_hs_win-30_emb-500.dill, 6, 0.8176522162910601, 0.5384746762875522
vectors_patient2vec_pvdm_hs_win-30_emb-500.dill, 12, 0.8148583960356356, 0.5459504645562681
vectors_patient2vec_pvdm_hs_win-50_emb-100.dill, 0, 0.7812336032720582, 0.5818560138287416
vectors_patient2vec_pvdm_hs_win-50_emb-100.dill, 1, 0.7696628650549291, 0.5935628787252607
vectors_patient2vec_pvdm_hs_win-50_emb-100.dill, 3, 0.7653349259414454, 0.6002874833494334
vectors_patient2vec_pvdm_hs_win-50_emb-100.dill, 6, 0.7634603472462607, 0.6031037250548884
vectors_patient2vec_pvdm_hs_win-50_emb-100.dill, 12, 0.7589077501867405, 0.6095103629497005
vectors_patient2vec_pvdm_hs_win-50_emb-300.dill, 0, 0.814001667000674, 0.5416390331871106
vectors_patient2vec_pvdm_hs_win-50_emb-300.dill, 1, 0.7925483703474285, 0.5743878057078561
vectors_patient2vec_pvdm_hs_win-50_emb-300.dill, 3, 0.7868727112900582, 0.5844390110528588
vectors_patient2vec_pvdm_hs_win-50_emb-300.dill, 6, 0.7990956749075406, 0.5664595398147665
vectors_patient2vec_pvdm_hs_win-50_emb-300.dill, 12, 0.7947062480642753, 0.5724081006855792
vectors_patient2vec_pvdm_hs_win-50_emb-500.dill, 0, 0.8350541547486747, 0.5174679507211811
vectors_patient2vec_pvdm_hs_win-50_emb-500.dill, 1, 0.8210203774891144, 0.5369272199059881
vectors_patient2vec_pvdm_hs_win-50_emb-500.dill, 3, 0.8166713731348721, 0.5418593936524186
vectors_patient2vec_pvdm_hs_win-50_emb-500.dill, 6, 0.8088034487784437, 0.5548549270350441
vectors_patient2vec_pvdm_hs_win-50_emb-500.dill, 12, 0.8066891818032756, 0.5581434310698189
vectors_patient2vec_pvdm_hs_win-5_emb-100.dill, 0, 0.8863112372242161, 0.4436190707282123
vectors_patient2vec_pvdm_hs_win-5_emb-100.dill, 1, 0.8717043715498553, 0.46873168580613556
vectors_patient2vec_pvdm_hs_win-5_emb-100.dill, 3, 0.8664099364171327, 0.479335155996145
vectors_patient2vec_pvdm_hs_win-5_emb-100.dill, 6, 0.8611693599810528, 0.4853107221098711
vectors_patient2vec_pvdm_hs_win-5_emb-100.dill, 12, 0.8594896062963435, 0.4899037657954538
vectors_patient2vec_pvdm_hs_win-5_emb-300.dill, 0, 0.9006895735028877, 0.4109784363345363
vectors_patient2vec_pvdm_hs_win-5_emb-300.dill, 1, 0.8840129625243673, 0.4469345095748318
vectors_patient2vec_pvdm_hs_win-5_emb-300.dill, 3, 0.8774920749148282, 0.46144921144407414
vectors_patient2vec_pvdm_hs_win-5_emb-300.dill, 6, 0.8768726429703584, 0.4594263899596326
vectors_patient2vec_pvdm_hs_win-5_emb-300.dill, 12, 0.8718825721000564, 0.4712380611351968
vectors_patient2vec_pvdm_hs_win-5_emb-500.dill, 0, 0.8943230884148008, 0.4375420319519876
vectors_patient2vec_pvdm_hs_win-5_emb-500.dill, 1, 0.8828850042813678, 0.45486214119295204
vectors_patient2vec_pvdm_hs_win-5_emb-500.dill, 3, 0.8713155185920676, 0.48140398735416184
vectors_patient2vec_pvdm_hs_win-5_emb-500.dill, 6, 0.871003297564175, 0.48113536309062427
vectors_patient2vec_pvdm_hs_win-5_emb-500.dill, 12, 0.86829510466578, 0.4789893312903872
vectors_patient2vec_pvdm_ns_win-10_emb-100.dill, 0, 0.8504841589389496, 0.4908493884391039
vectors_patient2vec_pvdm_ns_win-10_emb-100.dill, 1, 0.8330776658346846, 0.5186909911133939
vectors_patient2vec_pvdm_ns_win-10_emb-100.dill, 3, 0.8286924520395709, 0.5257762178257726
vectors_patient2vec_pvdm_ns_win-10_emb-100.dill, 6, 0.8232329109657672, 0.5364980248235721
vectors_patient2vec_pvdm_ns_win-10_emb-100.dill, 12, 0.8234730547104155, 0.5337398468082655
vectors_patient2vec_pvdm_ns_win-10_emb-300.dill, 0, 0.8626253666490553, 0.480876433861316
vectors_patient2vec_pvdm_ns_win-10_emb-300.dill, 1, 0.8449049445244039, 0.5094734587525693
vectors_patient2vec_pvdm_ns_win-10_emb-300.dill, 3, 0.8477372515440252, 0.50518742374785
vectors_patient2vec_pvdm_ns_win-10_emb-300.dill, 6, 0.8435027965530434, 0.506070239876089
vectors_patient2vec_pvdm_ns_win-10_emb-300.dill, 12, 0.8321075260981254, 0.5226641458202163
vectors_patient2vec_pvdm_ns_win-10_emb-500.dill, 0, 0.8594718431744065, 0.4869660711821521
vectors_patient2vec_pvdm_ns_win-10_emb-500.dill, 1, 0.8515160141376232, 0.4955474988212048
vectors_patient2vec_pvdm_ns_win-10_emb-500.dill, 3, 0.8515781850644026, 0.5013198321738271
vectors_patient2vec_pvdm_ns_win-10_emb-500.dill, 6, 0.8426519885587277, 0.5125600989058642
vectors_patient2vec_pvdm_ns_win-10_emb-500.dill, 12, 0.8356672101878335, 0.527214509821136
vectors_patient2vec_pvdm_ns_win-20_emb-100.dill, 0, 0.805924228898322, 0.5532383536564569
vectors_patient2vec_pvdm_ns_win-20_emb-100.dill, 1, 0.7952939113483576, 0.5663258402243424
vectors_patient2vec_pvdm_ns_win-20_emb-100.dill, 3, 0.7867525824846509, 0.5807820215543933
vectors_patient2vec_pvdm_ns_win-20_emb-100.dill, 6, 0.7932234828472007, 0.5710352542233951
vectors_patient2vec_pvdm_ns_win-20_emb-100.dill, 12, 0.7880955200495546, 0.5775551234323947
vectors_patient2vec_pvdm_ns_win-20_emb-300.dill, 0, 0.8240602625298329, 0.5339604520268246
vectors_patient2vec_pvdm_ns_win-20_emb-300.dill, 1, 0.8090008927107436, 0.5473416579002743
vectors_patient2vec_pvdm_ns_win-20_emb-300.dill, 3, 0.8039437546685129, 0.5598123290763471
vectors_patient2vec_pvdm_ns_win-20_emb-300.dill, 6, 0.8039636812476088, 0.5578087619601613
vectors_patient2vec_pvdm_ns_win-20_emb-300.dill, 12, 0.8017130026052578, 0.5588291278759795
vectors_patient2vec_pvdm_ns_win-5_emb-100.dill, 0, 0.876172366047842, 0.46108309342552517
vectors_patient2vec_pvdm_ns_win-5_emb-100.dill, 1, 0.8615767731239411, 0.48025489717497244
vectors_patient2vec_pvdm_ns_win-5_emb-100.dill, 3, 0.860685998105267, 0.4833809570124387
vectors_patient2vec_pvdm_ns_win-5_emb-100.dill, 6, 0.8575691395361549, 0.48924737797119
vectors_patient2vec_pvdm_ns_win-5_emb-100.dill, 12, 0.8509364353513454, 0.49819291365626756
vectors_patient2vec_pvdm_ns_win-5_emb-300.dill, 0, 0.8861681074532238, 0.44485493887399613
vectors_patient2vec_pvdm_ns_win-5_emb-300.dill, 1, 0.8748351217912513, 0.46223974794528633
vectors_patient2vec_pvdm_ns_win-5_emb-300.dill, 3, 0.8635698864982053, 0.48743202465696894
vectors_patient2vec_pvdm_ns_win-5_emb-300.dill, 6, 0.8622669159576601, 0.48556199019149365
vectors_patient2vec_pvdm_ns_win-5_emb-300.dill, 12, 0.853747563264042, 0.5043129179058192
vectors_patient2vec_pvdm_ns_win-5_emb-500.dill, 0, 0.8864597187050229, 0.44513001256511736
vectors_patient2vec_pvdm_ns_win-5_emb-500.dill, 1, 0.8706724024850152, 0.4705237487235325
vectors_patient2vec_pvdm_ns_win-5_emb-500.dill, 3, 0.8599270801071253, 0.49740044975749675
vectors_patient2vec_pvdm_ns_win-5_emb-500.dill, 6, 0.8636433301754449, 0.4857713795913278
vectors_patient2vec_pvdm_ns_win-5_emb-500.dill, 12, 0.8603317604620233, 0.486615805913473
vectors_patient2vec_pvdbow_ns_win-20_emb-500.dill, 0, 0.8997677130208238, 0.42394036990604517
vectors_patient2vec_pvdbow_ns_win-20_emb-500.dill, 1, 0.8866683215216162, 0.44889531184878145
vectors_patient2vec_pvdbow_ns_win-20_emb-500.dill, 3, 0.8831915320009472, 0.4611565844369381
vectors_patient2vec_pvdbow_ns_win-20_emb-500.dill, 6, 0.879294348594436, 0.46985533555559905
vectors_patient2vec_pvdbow_ns_win-20_emb-500.dill, 12, 0.8835982619468381, 0.46035071879032374
vectors_patient2vec_pvdbow_ns_win-30_emb-100.dill, 0, 0.9099669332653173, 0.39502208646322795
vectors_patient2vec_pvdbow_ns_win-30_emb-100.dill, 1, 0.8995279108746743, 0.41734143726241635
vectors_patient2vec_pvdbow_ns_win-30_emb-100.dill, 3, 0.8918077848020549, 0.4383205838186647
vectors_patient2vec_pvdbow_ns_win-30_emb-100.dill, 6, 0.8974626063509992, 0.4223746740016052
vectors_patient2vec_pvdbow_ns_win-30_emb-100.dill, 12, 0.8938949516296526, 0.42990495628232556
vectors_patient2vec_pvdbow_ns_win-30_emb-300.dill, 0, 0.8993719142268943, 0.4248875990965199
vectors_patient2vec_pvdbow_ns_win-30_emb-300.dill, 1, 0.8894209222248537, 0.44334485951723074
vectors_patient2vec_pvdbow_ns_win-30_emb-300.dill, 3, 0.883947831077265, 0.45369105138874183
vectors_patient2vec_pvdbow_ns_win-30_emb-300.dill, 6, 0.8906600138461258, 0.4378890537868143
vectors_patient2vec_pvdbow_ns_win-30_emb-300.dill, 12, 0.8846569895607499, 0.4495062507779725
vectors_patient2vec_pvdbow_ns_win-30_emb-500.dill, 0, 0.8964362167283062, 0.43246206117962366
vectors_patient2vec_pvdbow_ns_win-30_emb-500.dill, 1, 0.8881891180382225, 0.44843772079920985
vectors_patient2vec_pvdbow_ns_win-30_emb-500.dill, 3, 0.8840298147169743, 0.45435675713880136
vectors_patient2vec_pvdbow_ns_win-30_emb-500.dill, 6, 0.881755565778207, 0.4586428703409427
vectors_patient2vec_pvdbow_ns_win-30_emb-500.dill, 12, 0.8809966477800651, 0.46061322149171596
vectors_patient2vec_pvdbow_ns_win-5_emb-10.dill, 0, 0.8624430669168686, 0.4737164565204614
vectors_patient2vec_pvdbow_ns_win-5_emb-10.dill, 1, 0.8628447867514439, 0.4711338810552901
vectors_patient2vec_pvdbow_ns_win-5_emb-10.dill, 3, 0.8579865729016743, 0.4812684948715564
vectors_patient2vec_pvdbow_ns_win-5_emb-10.dill, 6, 0.8566315655231467, 0.486613688867394
vectors_patient2vec_pvdbow_ns_win-5_emb-10.dill, 12, 0.8592394423290641, 0.48162716544290657
vectors_patient2vec_pvdm_ns_win-5_emb-10.dill, 0, 0.7859067846016505, 0.5746892975261054
vectors_patient2vec_pvdm_ns_win-5_emb-10.dill, 1, 0.7742307201807284, 0.5922423259263158
vectors_patient2vec_pvdm_ns_win-5_emb-10.dill, 3, 0.7718588879374738, 0.5902104417409835
vectors_patient2vec_pvdm_ns_win-5_emb-10.dill, 6, 0.7710390515403814, 0.5865972873351954
vectors_patient2vec_pvdm_ns_win-5_emb-10.dill, 12, 0.763440989997996, 0.6011991622172631
vectors_patient2vec_pvdbow_ns_win-5_emb-50.dill, 0, 0.9112786715006649, 0.39400735919254737
vectors_patient2vec_pvdbow_ns_win-5_emb-50.dill, 1, 0.893646495654867, 0.43062183144312194
vectors_patient2vec_pvdbow_ns_win-5_emb-50.dill, 3, 0.8944886498205469, 0.42631848554929985
vectors_patient2vec_pvdbow_ns_win-5_emb-50.dill, 6, 0.8920382499225711, 0.431682928893645
vectors_patient2vec_pvdbow_ns_win-5_emb-50.dill, 12, 0.8932436371586292, 0.4288714009274836
vectors_patient2vec_pvdm_ns_win-5_emb-50.dill, 0, 0.8682406766383064, 0.4737682824659628
vectors_patient2vec_pvdm_ns_win-5_emb-50.dill, 1, 0.8571423691450019, 0.4904284447961569
vectors_patient2vec_pvdm_ns_win-5_emb-50.dill, 3, 0.8566878154092805, 0.49043809111276193
vectors_patient2vec_pvdm_ns_win-5_emb-50.dill, 6, 0.850785904279546, 0.4969835446187628
vectors_patient2vec_pvdm_ns_win-5_emb-50.dill, 12, 0.8422281786878973, 0.5098751830461141
vectors_patient2vec_pvdbow_ns_win-5_emb-1000.dill, 0, 0.8935303521652791, 0.44413735663247744
vectors_patient2vec_pvdbow_ns_win-5_emb-1000.dill, 1, 0.8848826723022828, 0.45838329375147496
vectors_patient2vec_pvdbow_ns_win-5_emb-1000.dill, 3, 0.8823983402867606, 0.4585260036479897
vectors_patient2vec_pvdbow_ns_win-5_emb-1000.dill, 6, 0.8793050520140648, 0.46564591123348814
vectors_patient2vec_pvdbow_ns_win-5_emb-1000.dill, 12, 0.874520395707701, 0.4760133349448017
vectors_patient2vec_pvdm_ns_win-5_emb-1000.dill, 0, 0.885905645939988, 0.44970578933680383
vectors_patient2vec_pvdm_ns_win-5_emb-1000.dill, 1, 0.8709045755980251, 0.47954145250172725
vectors_patient2vec_pvdm_ns_win-5_emb-1000.dill, 3, 0.8673117564539343, 0.4789862001593197
vectors_patient2vec_pvdm_ns_win-5_emb-1000.dill, 6, 0.8607794822277688, 0.49476425815886216
vectors_patient2vec_pvdm_ns_win-5_emb-1000.dill, 12, 0.8549001165989543, 0.5021528462316559
vectors_patient2vec_pvdbow_ns_win-10_emb-10.dill, 0, 0.8694988977755106, 0.46332002518454934
vectors_patient2vec_pvdbow_ns_win-10_emb-10.dill, 1, 0.8611925886789703, 0.4800833797332353
vectors_patient2vec_pvdbow_ns_win-10_emb-10.dill, 3, 0.8563396126728487, 0.4894048250836149
vectors_patient2vec_pvdbow_ns_win-10_emb-10.dill, 6, 0.8604948168121117, 0.48049959690756167
vectors_patient2vec_pvdbow_ns_win-10_emb-10.dill, 12, 0.8581826504399789, 0.48611161262405744
vectors_patient2vec_pvdm_ns_win-10_emb-10.dill, 0, 0.7326855107580754, 0.6293219394388451
vectors_patient2vec_pvdm_ns_win-10_emb-10.dill, 1, 0.7341268286906302, 0.6214538947769607
vectors_patient2vec_pvdm_ns_win-10_emb-10.dill, 3, 0.7303621855016488, 0.6256455219472122
vectors_patient2vec_pvdm_ns_win-10_emb-10.dill, 6, 0.728573803494325, 0.6283043009022188
vectors_patient2vec_pvdm_ns_win-10_emb-10.dill, 12, 0.7254534150740586, 0.6279456384028292
vectors_patient2vec_pvdbow_ns_win-10_emb-50.dill, 0, 0.9146183661571535, 0.3807346858443936
vectors_patient2vec_pvdbow_ns_win-10_emb-50.dill, 1, 0.90688343748292, 0.3969295088839356
vectors_patient2vec_pvdbow_ns_win-10_emb-50.dill, 3, 0.8982111625280111, 0.41640244548150807
vectors_patient2vec_pvdbow_ns_win-10_emb-50.dill, 6, 0.8961920876678386, 0.4240807022242007
vectors_patient2vec_pvdbow_ns_win-10_emb-50.dill, 12, 0.896053512543497, 0.42357780467038664
vectors_patient2vec_pvdm_ns_win-10_emb-50.dill, 0, 0.8236055949279455, 0.5301250028893062
vectors_patient2vec_pvdm_ns_win-10_emb-50.dill, 1, 0.8067019348138973, 0.5516401962329122
vectors_patient2vec_pvdm_ns_win-10_emb-50.dill, 3, 0.803117200167611, 0.5578761038257599
vectors_patient2vec_pvdm_ns_win-10_emb-50.dill, 6, 0.807135992639691, 0.5461692421816943
vectors_patient2vec_pvdm_ns_win-10_emb-50.dill, 12, 0.7984006358286724, 0.5594924559767754
vectors_patient2vec_pvdbow_ns_win-10_emb-1000.dill, 0, 0.8969578376359562, 0.4309161490967177
vectors_patient2vec_pvdbow_ns_win-10_emb-1000.dill, 1, 0.8831569166864035, 0.4620625177945987
vectors_patient2vec_pvdbow_ns_win-10_emb-1000.dill, 3, 0.8873100712346738, 0.44657179395082136
vectors_patient2vec_pvdbow_ns_win-10_emb-1000.dill, 6, 0.8767300825301974, 0.47480515609938123
vectors_patient2vec_pvdbow_ns_win-10_emb-1000.dill, 12, 0.8804045437154987, 0.46631743325949854
vectors_patient2vec_pvdm_ns_win-10_emb-1000.dill, 0, 0.8665745868935488, 0.4783867174116595
vectors_patient2vec_pvdm_ns_win-10_emb-1000.dill, 1, 0.8492045309624879, 0.5090507999643284
vectors_patient2vec_pvdm_ns_win-10_emb-1000.dill, 3, 0.8474489424110478, 0.5045375679076355
vectors_patient2vec_pvdm_ns_win-10_emb-1000.dill, 6, 0.8473517007050593, 0.5076955229678046
vectors_patient2vec_pvdm_ns_win-10_emb-1000.dill, 12, 0.8466562061615259, 0.5028120899905832
vectors_patient2vec_pvdbow_ns_win-20_emb-10.dill, 0, 0.8661730947913061, 0.4689016426315352
vectors_patient2vec_pvdbow_ns_win-20_emb-10.dill, 1, 0.8577656725391245, 0.4829174118894632
vectors_patient2vec_pvdbow_ns_win-20_emb-10.dill, 3, 0.8538906930350344, 0.4891334173657605
vectors_patient2vec_pvdbow_ns_win-20_emb-10.dill, 6, 0.8582114585800432, 0.4855108998407164
vectors_patient2vec_pvdbow_ns_win-20_emb-10.dill, 12, 0.860469310790869, 0.4771871405766296
vectors_patient2vec_pvdm_ns_win-20_emb-10.dill, 0, 0.6988110094918837, 0.650490981508805
vectors_patient2vec_pvdm_ns_win-20_emb-10.dill, 1, 0.6928682204084606, 0.6573914736144023
vectors_patient2vec_pvdm_ns_win-20_emb-10.dill, 3, 0.7025558399679352, 0.647070789722715
vectors_patient2vec_pvdm_ns_win-20_emb-10.dill, 6, 0.6999255315272641, 0.649929797065008
vectors_patient2vec_pvdm_ns_win-20_emb-10.dill, 12, 0.6919544444242015, 0.6537533141107947
vectors_patient2vec_pvdbow_ns_win-20_emb-50.dill, 0, 0.9119133615114139, 0.39130887165848355
vectors_patient2vec_pvdbow_ns_win-20_emb-50.dill, 1, 0.9028564466468693, 0.40645877938549846
vectors_patient2vec_pvdbow_ns_win-20_emb-50.dill, 3, 0.9019876477982839, 0.40762592554375127
vectors_patient2vec_pvdbow_ns_win-20_emb-50.dill, 6, 0.89798024194283, 0.4163029270781119
vectors_patient2vec_pvdbow_ns_win-20_emb-50.dill, 12, 0.8937671937911058, 0.4249336935266804
vectors_patient2vec_pvdm_ns_win-20_emb-50.dill, 0, 0.7763090054473574, 0.5873315884508018
vectors_patient2vec_pvdm_ns_win-20_emb-50.dill, 1, 0.777077374337299, 0.5817549871243411
vectors_patient2vec_pvdm_ns_win-20_emb-50.dill, 3, 0.7686189400426315, 0.58860734005291
vectors_patient2vec_pvdm_ns_win-20_emb-50.dill, 6, 0.7490437519357247, 0.6193851345267645
vectors_patient2vec_pvdm_ns_win-20_emb-50.dill, 12, 0.7549668421723842, 0.606952713874022
vectors_patient2vec_pvdm_ns_win-20_emb-500.dill, 0, 0.8421461950481882, 0.504936081428562
vectors_patient2vec_pvdm_ns_win-20_emb-500.dill, 1, 0.8175433602361128, 0.5424743322095057
vectors_patient2vec_pvdm_ns_win-20_emb-500.dill, 3, 0.8192866512415967, 0.5315326741187819
vectors_patient2vec_pvdm_ns_win-20_emb-500.dill, 6, 0.8113251288965002, 0.5501808575853131
vectors_patient2vec_pvdm_ns_win-20_emb-500.dill, 12, 0.811451520341052, 0.5499359577412024
vectors_patient2vec_pvdbow_ns_win-20_emb-1000.dill, 0, 0.8947161544207402, 0.4385765380265777
vectors_patient2vec_pvdbow_ns_win-20_emb-1000.dill, 1, 0.8782686421687406, 0.4690564258518761
vectors_patient2vec_pvdbow_ns_win-20_emb-1000.dill, 3, 0.8832928728889213, 0.4586144311435592
vectors_patient2vec_pvdbow_ns_win-20_emb-1000.dill, 6, 0.8749394231995482, 0.4835543619690073
vectors_patient2vec_pvdbow_ns_win-20_emb-1000.dill, 12, 0.8792506239865912, 0.4719901215658088
vectors_patient2vec_pvdbow_hs_win-5_emb-10.dill, 0, 0.8622711290058118, 0.4734677682447747
vectors_patient2vec_pvdbow_hs_win-5_emb-10.dill, 1, 0.8537648709213139, 0.48840022450284704
vectors_patient2vec_pvdbow_hs_win-5_emb-10.dill, 3, 0.8516956949479859, 0.49195929671320343
vectors_patient2vec_pvdbow_hs_win-5_emb-10.dill, 6, 0.8482405399989068, 0.49874682014422017
vectors_patient2vec_pvdbow_hs_win-5_emb-10.dill, 12, 0.8469007906866586, 0.5026765154749654
vectors_patient2vec_pvdbow_hs_win-5_emb-50.dill, 0, 0.9098669587713385, 0.3951442822376789
vectors_patient2vec_pvdbow_hs_win-5_emb-50.dill, 1, 0.8940038076845997, 0.42672008496277225
vectors_patient2vec_pvdbow_hs_win-5_emb-50.dill, 3, 0.8916458671136294, 0.43274893023939104
vectors_patient2vec_pvdbow_hs_win-5_emb-50.dill, 6, 0.8925643116107054, 0.42843530835516996
vectors_patient2vec_pvdbow_hs_win-5_emb-50.dill, 12, 0.8932707373061998, 0.4255711882521612
vectors_patient2vec_pvdbow_hs_win-5_emb-1000.dill, 0, 0.9099553189163583, 0.4059105923374493
vectors_patient2vec_pvdbow_hs_win-5_emb-1000.dill, 1, 0.899742662464246, 0.42492781549013514
vectors_patient2vec_pvdbow_hs_win-5_emb-1000.dill, 3, 0.8910508025287398, 0.4439656584637996
vectors_patient2vec_pvdbow_hs_win-5_emb-1000.dill, 6, 0.8915825575251872, 0.4403105224568578
vectors_patient2vec_pvdbow_hs_win-5_emb-1000.dill, 12, 0.8888577401665179, 0.45141453223259287
vectors_patient2vec_pvdbow_hs_win-10_emb-10.dill, 0, 0.8629356519521214, 0.47063114699836167
vectors_patient2vec_pvdbow_hs_win-10_emb-10.dill, 1, 0.8537338993240904, 0.48707939585057847
vectors_patient2vec_pvdbow_hs_win-10_emb-10.dill, 3, 0.850230465120516, 0.4926680446527727
vectors_patient2vec_pvdbow_hs_win-10_emb-10.dill, 6, 0.8474475760170528, 0.5000175133966943
vectors_patient2vec_pvdbow_hs_win-10_emb-10.dill, 12, 0.8495365647033104, 0.49321356545345535
vectors_patient2vec_pvdbow_hs_win-10_emb-50.dill, 0, 0.9090906192497586, 0.39699398038207717
vectors_patient2vec_pvdbow_hs_win-10_emb-50.dill, 1, 0.8984571134471387, 0.415994658627038
vectors_patient2vec_pvdbow_hs_win-10_emb-50.dill, 3, 0.8933117291260543, 0.4273749672889285
vectors_patient2vec_pvdbow_hs_win-10_emb-50.dill, 6, 0.8900642660642388, 0.43186598203384663
vectors_patient2vec_pvdbow_hs_win-10_emb-50.dill, 12, 0.8900658601905664, 0.4313236698560393
vectors_patient2vec_pvdbow_hs_win-10_emb-1000.dill, 0, 0.908133687988486, 0.40847926952527347
vectors_patient2vec_pvdbow_hs_win-10_emb-1000.dill, 1, 0.8989269252491393, 0.42437782992963274
vectors_patient2vec_pvdbow_hs_win-10_emb-1000.dill, 3, 0.8868006340068137, 0.45269053372712903
vectors_patient2vec_pvdbow_hs_win-10_emb-1000.dill, 6, 0.8917481189309333, 0.4369164968459598
vectors_patient2vec_pvdbow_hs_win-10_emb-1000.dill, 12, 0.8882836269562207, 0.452092012547335
vectors_patient2vec_pvdbow_hs_win-20_emb-10.dill, 0, 0.8616334784747399, 0.4753659655123014
vectors_patient2vec_pvdbow_hs_win-20_emb-10.dill, 1, 0.856144332197708, 0.4834298735824297
vectors_patient2vec_pvdbow_hs_win-20_emb-10.dill, 3, 0.8490688024923027, 0.49677218145091945
vectors_patient2vec_pvdbow_hs_win-20_emb-10.dill, 6, 0.8495771010584999, 0.49908910289554437
vectors_patient2vec_pvdbow_hs_win-20_emb-10.dill, 12, 0.8486957769316257, 0.4948166587870246
vectors_patient2vec_pvdbow_hs_win-20_emb-50.dill, 0, 0.9091090655686932, 0.3949995123421744
vectors_patient2vec_pvdbow_hs_win-20_emb-50.dill, 1, 0.8960625079706317, 0.4222964431109489
vectors_patient2vec_pvdbow_hs_win-20_emb-50.dill, 3, 0.8910435150940991, 0.4315243705796982
vectors_patient2vec_pvdbow_hs_win-20_emb-50.dill, 6, 0.88832051959409, 0.4391426933960779
vectors_patient2vec_pvdbow_hs_win-20_emb-50.dill, 12, 0.8859877434458635, 0.44054365137063156
vectors_patient2vec_pvdbow_hs_win-20_emb-1000.dill, 0, 0.9067697990489898, 0.4120550763286982
vectors_patient2vec_pvdbow_hs_win-20_emb-1000.dill, 1, 0.8974673887299824, 0.42686092112458784
vectors_patient2vec_pvdbow_hs_win-20_emb-1000.dill, 3, 0.896168403505256, 0.42939830555990377
vectors_patient2vec_pvdbow_hs_win-20_emb-1000.dill, 6, 0.8877402576108147, 0.4543896184295111
vectors_patient2vec_pvdbow_hs_win-20_emb-1000.dill, 12, 0.8917772686694967, 0.443944102697072
vectors_patient2vec_pvdbow_hs_win-30_emb-10.dill, 0, 0.8602030916941463, 0.47798144338482873
vectors_patient2vec_pvdbow_hs_win-30_emb-10.dill, 1, 0.8562578567654722, 0.4831024476822499
vectors_patient2vec_pvdbow_hs_win-30_emb-10.dill, 3, 0.8477281422507241, 0.49893131410071684
vectors_patient2vec_pvdbow_hs_win-30_emb-10.dill, 6, 0.8514126236586566, 0.4903678672803795
vectors_patient2vec_pvdbow_hs_win-30_emb-10.dill, 12, 0.8513736814297946, 0.4910973309879548
vectors_patient2vec_pvdbow_hs_win-30_emb-50.dill, 0, 0.91161275483248, 0.3914271885868438
vectors_patient2vec_pvdbow_hs_win-30_emb-50.dill, 1, 0.8929491792526736, 0.43309707223625926
vectors_patient2vec_pvdbow_hs_win-30_emb-50.dill, 3, 0.8893760589553463, 0.43476188836149926
vectors_patient2vec_pvdbow_hs_win-30_emb-50.dill, 6, 0.8874107289256499, 0.4402273457501117
vectors_patient2vec_pvdbow_hs_win-30_emb-50.dill, 12, 0.8860960301699794, 0.4428147840844622
vectors_patient2vec_pvdbow_hs_win-30_emb-1000.dill, 0, 0.9084338392027547, 0.41424463920584453
vectors_patient2vec_pvdbow_hs_win-30_emb-1000.dill, 1, 0.897838592431999, 0.42974834396188394
vectors_patient2vec_pvdbow_hs_win-30_emb-1000.dill, 3, 0.8877940024412907, 0.4561556798514304
vectors_patient2vec_pvdbow_hs_win-30_emb-1000.dill, 6, 0.8891246424602379, 0.4473002369686426
vectors_patient2vec_pvdbow_hs_win-30_emb-1000.dill, 12, 0.8915527245896262, 0.4474682559061648
vectors_patient2vec_pvdbow_hs_win-50_emb-10.dill, 0, 0.8621211672648436, 0.47505271792863807
vectors_patient2vec_pvdbow_hs_win-50_emb-10.dill, 1, 0.8549588715407459, 0.48594685675429733
vectors_patient2vec_pvdbow_hs_win-50_emb-10.dill, 3, 0.8498966095210334, 0.492316104807672
vectors_patient2vec_pvdbow_hs_win-50_emb-10.dill, 6, 0.8467520814735193, 0.4988186546970702
vectors_patient2vec_pvdbow_hs_win-50_emb-10.dill, 12, 0.8471105321649146, 0.4989735722365765
vectors_patient2vec_pvdbow_hs_win-50_emb-50.dill, 0, 0.9077747818324253, 0.3996351965396768
vectors_patient2vec_pvdbow_hs_win-50_emb-50.dill, 1, 0.8942515804623876, 0.4267539392093892
vectors_patient2vec_pvdbow_hs_win-50_emb-50.dill, 3, 0.8910913388839294, 0.43372678351662775
vectors_patient2vec_pvdbow_hs_win-50_emb-50.dill, 6, 0.8885666982455501, 0.43734008220749987
vectors_patient2vec_pvdbow_hs_win-50_emb-50.dill, 12, 0.8879651432891835, 0.43721305965110924
vectors_patient2vec_pvdbow_hs_win-50_emb-1000.dill, 0, 0.9123608555448268, 0.3991015877109695
vectors_patient2vec_pvdbow_hs_win-50_emb-1000.dill, 1, 0.8975743090601032, 0.43022315545415624
vectors_patient2vec_pvdbow_hs_win-50_emb-1000.dill, 3, 0.8877625753794018, 0.4503673876420637
vectors_patient2vec_pvdbow_hs_win-50_emb-1000.dill, 6, 0.8896356738144255, 0.44903176345155627
vectors_patient2vec_pvdbow_hs_win-50_emb-1000.dill, 12, 0.8866245969137715, 0.4558602477355963
vectors_patient2vec_pvdbow_ns_win-30_emb-10.dill, 0, 0.8671338975022318, 0.46778980469096965
vectors_patient2vec_pvdbow_ns_win-30_emb-10.dill, 1, 0.861498774800051, 0.4738469829453895
vectors_patient2vec_pvdbow_ns_win-30_emb-10.dill, 3, 0.8597783708939861, 0.48187419831284223
vectors_patient2vec_pvdbow_ns_win-30_emb-10.dill, 6, 0.8647493122483557, 0.4716936471552615
vectors_patient2vec_pvdbow_ns_win-30_emb-10.dill, 12, 0.856927162090765, 0.4879588443219335
vectors_patient2vec_pvdbow_ns_win-30_emb-50.dill, 0, 0.9125483931206617, 0.3915332194707905
vectors_patient2vec_pvdbow_ns_win-30_emb-50.dill, 1, 0.898682454590173, 0.42059110120499965
vectors_patient2vec_pvdbow_ns_win-30_emb-50.dill, 3, 0.8940188380185466, 0.4317905020251102
vectors_patient2vec_pvdbow_ns_win-30_emb-50.dill, 6, 0.8906366712820419, 0.4384429562164945
vectors_patient2vec_pvdbow_ns_win-30_emb-50.dill, 12, 0.8935540363278617, 0.4276200777371147
vectors_patient2vec_pvdbow_ns_win-30_emb-1000.dill, 0, 0.8925743318333365, 0.4450401975865622
vectors_patient2vec_pvdbow_ns_win-30_emb-1000.dill, 1, 0.8822348284720071, 0.46478618354001705
vectors_patient2vec_pvdbow_ns_win-30_emb-1000.dill, 3, 0.8797781659348868, 0.471442931045156
vectors_patient2vec_pvdbow_ns_win-30_emb-1000.dill, 6, 0.877386748711035, 0.47455840366867935
vectors_patient2vec_pvdbow_ns_win-30_emb-1000.dill, 12, 0.8754423700559311, 0.4753919666327604
vectors_patient2vec_pvdbow_ns_win-50_emb-10.dill, 0, 0.868769926579096, 0.46105587469262194
vectors_patient2vec_pvdbow_ns_win-50_emb-10.dill, 1, 0.8638518191258721, 0.4718361635869618
vectors_patient2vec_pvdbow_ns_win-50_emb-10.dill, 3, 0.861555138552351, 0.47540475732844206
vectors_patient2vec_pvdbow_ns_win-50_emb-10.dill, 6, 0.8598954253129042, 0.4825495909885052
vectors_patient2vec_pvdbow_ns_win-50_emb-10.dill, 12, 0.8620144746670555, 0.47700326532750426
vectors_patient2vec_pvdbow_ns_win-50_emb-50.dill, 0, 0.9115947639782106, 0.3924083183326706
vectors_patient2vec_pvdbow_ns_win-50_emb-50.dill, 1, 0.9005504290477143, 0.414830678779591
vectors_patient2vec_pvdbow_ns_win-50_emb-50.dill, 3, 0.8965780939714698, 0.4185213334424632
vectors_patient2vec_pvdbow_ns_win-50_emb-50.dill, 6, 0.8921849095447175, 0.4311789765417758
vectors_patient2vec_pvdbow_ns_win-50_emb-50.dill, 12, 0.8911480442347283, 0.43005387187916705
vectors_patient2vec_pvdbow_ns_win-50_emb-100.dill, 0, 0.9103820893075116, 0.3938937821450989
vectors_patient2vec_pvdbow_ns_win-50_emb-100.dill, 1, 0.9009407622656634, 0.41437853175733397
vectors_patient2vec_pvdbow_ns_win-50_emb-100.dill, 3, 0.8938352857585309, 0.43004106240256723
vectors_patient2vec_pvdbow_ns_win-50_emb-100.dill, 6, 0.8926478893767421, 0.4343006273717325
vectors_patient2vec_pvdbow_ns_win-50_emb-100.dill, 12, 0.8890929876660169, 0.4426097966929674
vectors_patient2vec_pvdbow_ns_win-50_emb-300.dill, 0, 0.8959525132540218, 0.4331999326729833
vectors_patient2vec_pvdbow_ns_win-50_emb-300.dill, 1, 0.8905677822514529, 0.44308925817964684
vectors_patient2vec_pvdbow_ns_win-50_emb-300.dill, 3, 0.8873059720526881, 0.4471892229819527
vectors_patient2vec_pvdbow_ns_win-50_emb-300.dill, 6, 0.8921689682814409, 0.4361238784118503
vectors_patient2vec_pvdbow_ns_win-50_emb-300.dill, 12, 0.8818137513891672, 0.4622145300861153
vectors_patient2vec_pvdbow_ns_win-50_emb-500.dill, 0, 0.8995133360053926, 0.4272598908183199
vectors_patient2vec_pvdbow_ns_win-50_emb-500.dill, 1, 0.8826991746980271, 0.46267349088369164
vectors_patient2vec_pvdbow_ns_win-50_emb-500.dill, 3, 0.8854453988959535, 0.4529487291605176
vectors_patient2vec_pvdbow_ns_win-50_emb-500.dill, 6, 0.885754887135856, 0.4526344615682084
vectors_patient2vec_pvdbow_ns_win-50_emb-500.dill, 12, 0.883647907595329, 0.45974148171026186
vectors_patient2vec_pvdbow_ns_win-50_emb-1000.dill, 0, 0.893055074787298, 0.44002057864906025
vectors_patient2vec_pvdbow_ns_win-50_emb-1000.dill, 1, 0.8878944323999345, 0.44237229167049813
vectors_patient2vec_pvdbow_ns_win-50_emb-1000.dill, 3, 0.880253557179034, 0.4691604011124321
vectors_patient2vec_pvdbow_ns_win-50_emb-1000.dill, 6, 0.883568315145111, 0.4585591305156711
vectors_patient2vec_pvdbow_ns_win-50_emb-1000.dill, 12, 0.8818334502359307, 0.46293954181814573
vectors_patient2vec_pvdm_hs_win-5_emb-10.dill, 0, 0.7809898158100895, 0.579788132554922
vectors_patient2vec_pvdm_hs_win-5_emb-10.dill, 1, 0.7657358487128569, 0.5968038693031495
vectors_patient2vec_pvdm_hs_win-5_emb-10.dill, 3, 0.7724307238244457, 0.5863073545871721
vectors_patient2vec_pvdm_hs_win-5_emb-10.dill, 6, 0.7607414509282371, 0.6082932063105824
vectors_patient2vec_pvdm_hs_win-5_emb-10.dill, 12, 0.7620897402029551, 0.6072260336072758
vectors_patient2vec_pvdm_hs_win-5_emb-50.dill, 0, 0.8657388092331797, 0.47460453037181866
vectors_patient2vec_pvdm_hs_win-5_emb-50.dill, 1, 0.8596506130554391, 0.4821233756419346
vectors_patient2vec_pvdm_hs_win-5_emb-50.dill, 3, 0.8548110732569368, 0.4895461149781805
vectors_patient2vec_pvdm_hs_win-5_emb-50.dill, 6, 0.8547532292444753, 0.49128168508817766
vectors_patient2vec_pvdm_hs_win-5_emb-50.dill, 12, 0.8468388474922115, 0.5041115803033015
vectors_patient2vec_pvdm_hs_win-5_emb-1000.dill, 0, 0.8981193863980033, 0.43088739562016326
vectors_patient2vec_pvdm_hs_win-5_emb-1000.dill, 1, 0.8833921641859026, 0.45596439297134944
vectors_patient2vec_pvdm_hs_win-5_emb-1000.dill, 3, 0.8779527774235274, 0.46245945433869207
vectors_patient2vec_pvdm_hs_win-5_emb-1000.dill, 6, 0.8692707099783198, 0.4880815896899993
vectors_patient2vec_pvdm_hs_win-5_emb-1000.dill, 12, 0.8699810071234673, 0.48293693156337636
vectors_patient2vec_pvdm_hs_win-10_emb-10.dill, 0, 0.7444196469237917, 0.6179170707078883
vectors_patient2vec_pvdm_hs_win-10_emb-10.dill, 1, 0.7430924228898321, 0.623037644902231
vectors_patient2vec_pvdm_hs_win-10_emb-10.dill, 3, 0.7320448997066807, 0.6251343248745523
vectors_patient2vec_pvdm_hs_win-10_emb-10.dill, 6, 0.7419701579551458, 0.6159690117693022
vectors_patient2vec_pvdm_hs_win-10_emb-10.dill, 12, 0.7372986846180474, 0.6209056906969077
vectors_patient2vec_pvdm_hs_win-10_emb-50.dill, 0, 0.8377871704713149, 0.5118365459307469
vectors_patient2vec_pvdm_hs_win-10_emb-50.dill, 1, 0.8315903459709595, 0.5225750258053267
vectors_patient2vec_pvdm_hs_win-10_emb-50.dill, 3, 0.8261566525168977, 0.528830860963545
vectors_patient2vec_pvdm_hs_win-10_emb-50.dill, 6, 0.8225541547486745, 0.5385259304066826
vectors_patient2vec_pvdm_hs_win-10_emb-50.dill, 12, 0.8224985880595383, 0.5298592851421385
vectors_patient2vec_pvdm_hs_win-10_emb-1000.dill, 0, 0.8736153874182442, 0.4738498096848611
vectors_patient2vec_pvdm_hs_win-10_emb-1000.dill, 1, 0.8694202162546228, 0.47358964271232434
vectors_patient2vec_pvdm_hs_win-10_emb-1000.dill, 3, 0.860439022390643, 0.49087671205634287
vectors_patient2vec_pvdm_hs_win-10_emb-1000.dill, 6, 0.8609076955309807, 0.492806685694328
vectors_patient2vec_pvdm_hs_win-10_emb-1000.dill, 12, 0.8532925540636558, 0.5020357619765486
vectors_patient2vec_pvdm_hs_win-20_emb-10.dill, 0, 0.6955717447940388, 0.6582589124274
vectors_patient2vec_pvdm_hs_win-20_emb-10.dill, 1, 0.6869160942994043, 0.6632841996495338
vectors_patient2vec_pvdm_hs_win-20_emb-10.dill, 3, 0.6867118183971288, 0.6573973659670166
vectors_patient2vec_pvdm_hs_win-20_emb-10.dill, 6, 0.6955205050192205, 0.6539820536434265
vectors_patient2vec_pvdm_hs_win-20_emb-10.dill, 12, 0.7069633715316366, 0.6422393678200949
vectors_patient2vec_pvdm_hs_win-20_emb-50.dill, 0, 0.7993550620342874, 0.5677129737832086
vectors_patient2vec_pvdm_hs_win-20_emb-50.dill, 1, 0.7927988759132066, 0.5705380510409724
vectors_patient2vec_pvdm_hs_win-20_emb-50.dill, 3, 0.7893029568766055, 0.5708881539409302
vectors_patient2vec_pvdm_hs_win-20_emb-50.dill, 6, 0.7954872560986719, 0.5640490081776344
vectors_patient2vec_pvdm_hs_win-20_emb-50.dill, 12, 0.7856585563591976, 0.5804926226838727
vectors_patient2vec_pvdm_hs_win-20_emb-1000.dill, 0, 0.8601438812876897, 0.4828158534658728
vectors_patient2vec_pvdm_hs_win-20_emb-1000.dill, 1, 0.8514406347355572, 0.49226216695142255
vectors_patient2vec_pvdm_hs_win-20_emb-1000.dill, 3, 0.8432618557452312, 0.506883595610247
vectors_patient2vec_pvdm_hs_win-20_emb-1000.dill, 6, 0.8395764634079688, 0.5099610130686014
vectors_patient2vec_pvdm_hs_win-20_emb-1000.dill, 12, 0.8422215744502541, 0.5052112101646405
vectors_patient2vec_pvdm_hs_win-30_emb-10.dill, 0, 0.6055919674251672, 0.7103695901728205
vectors_patient2vec_pvdm_hs_win-30_emb-10.dill, 1, 0.6185910428318971, 0.6972097600540857
vectors_patient2vec_pvdm_hs_win-30_emb-10.dill, 3, 0.6152441746069339, 0.6985195158967613
vectors_patient2vec_pvdm_hs_win-30_emb-10.dill, 6, 0.6108222959062837, 0.7076764883561097
vectors_patient2vec_pvdm_hs_win-30_emb-10.dill, 12, 0.646256308185611, 0.6814898592070759
vectors_patient2vec_pvdm_hs_win-30_emb-50.dill, 0, 0.7817263021734774, 0.5833672929149792
vectors_patient2vec_pvdm_hs_win-30_emb-50.dill, 1, 0.7783626956220737, 0.5868886249959352
vectors_patient2vec_pvdm_hs_win-30_emb-50.dill, 3, 0.7639196833609649, 0.6057207742897109
vectors_patient2vec_pvdm_hs_win-30_emb-50.dill, 6, 0.7777220845706789, 0.5841790418547546
vectors_patient2vec_pvdm_hs_win-30_emb-50.dill, 12, 0.7711278671500665, 0.5942723267871819
vectors_patient2vec_pvdm_hs_win-50_emb-10.dill, 0, 0.6132396746160432, 0.70610489786891
vectors_patient2vec_pvdm_hs_win-50_emb-10.dill, 1, 0.6258109548361238, 0.6989589789762581
vectors_patient2vec_pvdm_hs_win-50_emb-10.dill, 3, 0.6279508416987011, 0.6947436291790401
vectors_patient2vec_pvdm_hs_win-50_emb-10.dill, 6, 0.632779791943741, 0.6978712049288723
vectors_patient2vec_pvdm_hs_win-50_emb-10.dill, 12, 0.6608737634134344, 0.6791752190852879
vectors_patient2vec_pvdm_hs_win-30_emb-1000.dill, 0, 0.847841552952322, 0.49516989599405264
vectors_patient2vec_pvdm_hs_win-30_emb-1000.dill, 1, 0.8249350962852302, 0.5328752905688439
vectors_patient2vec_pvdm_hs_win-30_emb-1000.dill, 3, 0.8257617646522982, 0.5324532280923637
vectors_patient2vec_pvdm_hs_win-30_emb-1000.dill, 6, 0.8169111752810218, 0.5488239837724072
vectors_patient2vec_pvdm_hs_win-30_emb-1000.dill, 12, 0.8206202517808668, 0.5420984819391166
vectors_patient2vec_pvdm_hs_win-50_emb-50.dill, 0, 0.731562334894059, 0.6347471141375196
vectors_patient2vec_pvdm_hs_win-50_emb-50.dill, 1, 0.7280163147443022, 0.6373317951290347
vectors_patient2vec_pvdm_hs_win-50_emb-50.dill, 3, 0.7279700850807994, 0.6328326138518566
vectors_patient2vec_pvdm_hs_win-50_emb-50.dill, 6, 0.7193217220208057, 0.649080264825939
vectors_patient2vec_pvdm_hs_win-50_emb-50.dill, 12, 0.726993341106597, 0.6359010723920212
vectors_patient2vec_pvdm_hs_win-50_emb-1000.dill, 0, 0.8203009710506658, 0.5358406759902515
vectors_patient2vec_pvdm_hs_win-50_emb-1000.dill, 1, 0.8164509282369874, 0.5395637630066992
vectors_patient2vec_pvdm_hs_win-50_emb-1000.dill, 3, 0.8149503998979759, 0.5434264150433563
vectors_patient2vec_pvdm_hs_win-50_emb-1000.dill, 6, 0.8070599300406276, 0.5577422773944167
vectors_patient2vec_pvdm_hs_win-50_emb-1000.dill, 12, 0.8063837927453588, 0.5529029085112774
vectors_patient2vec_pvdm_ns_win-20_emb-1000.dill, 0, 0.8471724753593617, 0.49505052164255536
vectors_patient2vec_pvdm_ns_win-20_emb-1000.dill, 1, 0.824125735575434, 0.5351962748333086
vectors_patient2vec_pvdm_ns_win-20_emb-1000.dill, 3, 0.8312558071744793, 0.518064075306645
vectors_patient2vec_pvdm_ns_win-20_emb-1000.dill, 6, 0.8222904407076098, 0.5399327854676029
vectors_patient2vec_pvdm_ns_win-20_emb-1000.dill, 12, 0.8183520377489114, 0.5377496641784085
vectors_patient2vec_pvdm_ns_win-30_emb-10.dill, 0, 0.6713387472899852, 0.6668792902260045
vectors_patient2vec_pvdm_ns_win-30_emb-10.dill, 1, 0.6752117910692488, 0.6658198374217965
vectors_patient2vec_pvdm_ns_win-30_emb-10.dill, 3, 0.6782725136183935, 0.6596386252080555
vectors_patient2vec_pvdm_ns_win-30_emb-10.dill, 6, 0.6702280967042576, 0.6660736910222141
vectors_patient2vec_pvdm_ns_win-30_emb-10.dill, 12, 0.6738474466650878, 0.6623432034357523
vectors_patient2vec_pvdm_ns_win-30_emb-50.dill, 0, 0.7578667856947657, 0.6004553602098844
vectors_patient2vec_pvdm_ns_win-30_emb-50.dill, 1, 0.7456993887664195, 0.6158860502215353
vectors_patient2vec_pvdm_ns_win-30_emb-50.dill, 3, 0.7347455774381024, 0.6241142362353318
vectors_patient2vec_pvdm_ns_win-30_emb-50.dill, 6, 0.7326471378600448, 0.6261362333241305
vectors_patient2vec_pvdm_ns_win-30_emb-50.dill, 12, 0.7347353294831388, 0.6293956292753641
vectors_patient2vec_pvdm_ns_win-30_emb-100.dill, 0, 0.7779495891708721, 0.5854660736416953
vectors_patient2vec_pvdm_ns_win-30_emb-100.dill, 1, 0.7721700841698702, 0.5929572132389478
vectors_patient2vec_pvdm_ns_win-30_emb-100.dill, 3, 0.7616888174315436, 0.6039545278304514
vectors_patient2vec_pvdm_ns_win-30_emb-100.dill, 6, 0.7685749877024541, 0.594084435360043
vectors_patient2vec_pvdm_ns_win-30_emb-100.dill, 12, 0.7595481335058026, 0.6062760880710687
vectors_patient2vec_pvdm_ns_win-30_emb-300.dill, 0, 0.8068567928000145, 0.5533590299592553
vectors_patient2vec_pvdm_ns_win-30_emb-300.dill, 1, 0.8009585253876004, 0.5566352128147427
vectors_patient2vec_pvdm_ns_win-30_emb-300.dill, 3, 0.7997383355499281, 0.5598528211824209
vectors_patient2vec_pvdm_ns_win-30_emb-300.dill, 6, 0.7981057224580517, 0.5611340078260768
vectors_patient2vec_pvdm_ns_win-30_emb-300.dill, 12, 0.7958577766036911, 0.5615217766044959
vectors_patient2vec_pvdm_ns_win-30_emb-500.dill, 0, 0.8225628085773106, 0.532435387302366
vectors_patient2vec_pvdm_ns_win-30_emb-500.dill, 1, 0.8085206052214469, 0.5566402706970771
vectors_patient2vec_pvdm_ns_win-30_emb-500.dill, 3, 0.8028934531509045, 0.5634130474117566
vectors_patient2vec_pvdm_ns_win-30_emb-500.dill, 6, 0.794063701288054, 0.5706506137627188
vectors_patient2vec_pvdm_ns_win-30_emb-500.dill, 12, 0.7971549399697572, 0.5694741349521358
vectors_patient2vec_pvdm_ns_win-30_emb-1000.dill, 0, 0.8237925631729491, 0.536812402360698
vectors_patient2vec_pvdm_ns_win-30_emb-1000.dill, 1, 0.8156292699812349, 0.5416938121213982
vectors_patient2vec_pvdm_ns_win-30_emb-1000.dill, 3, 0.809438252655359, 0.555059408223488
vectors_patient2vec_pvdm_ns_win-30_emb-1000.dill, 6, 0.8033135054382481, 0.5633598008475036
vectors_patient2vec_pvdm_ns_win-30_emb-1000.dill, 12, 0.7967293082402667, 0.574697326161239
vectors_patient2vec_pvdm_ns_win-50_emb-10.dill, 0, 0.6596950208602816, 0.6743768243244341
vectors_patient2vec_pvdm_ns_win-50_emb-10.dill, 1, 0.6481615168795205, 0.6854742543849474
vectors_patient2vec_pvdm_ns_win-50_emb-10.dill, 3, 0.6560741906392902, 0.675912377239707
vectors_patient2vec_pvdm_ns_win-50_emb-10.dill, 6, 0.6591322942666108, 0.6727901511290544
vectors_patient2vec_pvdm_ns_win-50_emb-10.dill, 12, 0.6692661553316694, 0.6712131496230385
vectors_patient2vec_pvdm_ns_win-50_emb-50.dill, 0, 0.7274683907522455, 0.6279346434821023
vectors_patient2vec_pvdm_ns_win-50_emb-50.dill, 1, 0.717446346262457, 0.635242567376788
vectors_patient2vec_pvdm_ns_win-50_emb-50.dill, 3, 0.7054462187323507, 0.6434278441266665
vectors_patient2vec_pvdm_ns_win-50_emb-50.dill, 6, 0.711385705696952, 0.6379743365518015
vectors_patient2vec_pvdm_ns_win-50_emb-50.dill, 12, 0.7193331086374319, 0.6324094302026717
vectors_patient2vec_pvdm_ns_win-50_emb-100.dill, 0, 0.7640549563664851, 0.5953957568113807
vectors_patient2vec_pvdm_ns_win-50_emb-100.dill, 1, 0.7451741241414491, 0.6165741367323766
vectors_patient2vec_pvdm_ns_win-50_emb-100.dill, 3, 0.7503645994643735, 0.6142914682419126
vectors_patient2vec_pvdm_ns_win-50_emb-100.dill, 6, 0.7566461403924284, 0.6014576633918002
vectors_patient2vec_pvdm_ns_win-50_emb-100.dill, 12, 0.7490023046512051, 0.6139778630015039
vectors_patient2vec_pvdm_ns_win-50_emb-300.dill, 0, 0.7927937519357248, 0.565908282007831
vectors_patient2vec_pvdm_ns_win-50_emb-300.dill, 1, 0.7810458379638907, 0.5810460636398614
vectors_patient2vec_pvdm_ns_win-50_emb-300.dill, 3, 0.7833830548926014, 0.5784278891683752
vectors_patient2vec_pvdm_ns_win-50_emb-300.dill, 6, 0.7659086975532438, 0.6008450409970947
vectors_patient2vec_pvdm_ns_win-50_emb-300.dill, 12, 0.7694148645448087, 0.5983010165145988
vectors_patient2vec_pvdm_ns_win-50_emb-500.dill, 0, 0.8035845069139536, 0.5617826913297476
vectors_patient2vec_pvdm_ns_win-50_emb-500.dill, 1, 0.7917034833937583, 0.5782974944897846
vectors_patient2vec_pvdm_ns_win-50_emb-500.dill, 3, 0.7917242070360182, 0.5720297904559566
vectors_patient2vec_pvdm_ns_win-50_emb-500.dill, 6, 0.7826130918763321, 0.5885914612678544
vectors_patient2vec_pvdm_ns_win-50_emb-500.dill, 12, 0.7773950609411722, 0.5894394433095472
vectors_patient2vec_pvdm_ns_win-50_emb-1000.dill, 0, 0.8191639035143653, 0.5417083569423955
vectors_patient2vec_pvdm_ns_win-50_emb-1000.dill, 1, 0.8090965402904043, 0.5530368651775507
vectors_patient2vec_pvdm_ns_win-50_emb-1000.dill, 3, 0.7970415292681593, 0.5736152722965671
vectors_patient2vec_pvdm_ns_win-50_emb-1000.dill, 6, 0.7907850388966823, 0.5820350893961657
vectors_patient2vec_pvdm_ns_win-50_emb-1000.dill, 12, 0.7956755907376707, 0.5709147338580793
