vectors_patient2vec_pvdbow_hs_win-30_emb-100.dill, 0, 0.9245878044781285, 0.36696337865866346
vectors_patient2vec_pvdbow_hs_win-30_emb-100.dill, 1, 0.9140959481863398, 0.3879306544838284
vectors_patient2vec_pvdbow_hs_win-30_emb-100.dill, 3, 0.9091502851208804, 0.39614813432089907
vectors_patient2vec_pvdbow_hs_win-30_emb-100.dill, 6, 0.9064685091730583, 0.41498776174950563
vectors_patient2vec_pvdbow_hs_win-30_emb-100.dill, 12, 0.9036113793291918, 0.42498245639158955
vectors_patient2vec_pvdbow_hs_win-30_emb-50.dill, 0, 0.9170162737524824, 0.46330450328408534
vectors_patient2vec_pvdbow_hs_win-30_emb-50.dill, 1, 0.9076564748856784, 0.482994894907053
vectors_patient2vec_pvdbow_hs_win-30_emb-50.dill, 3, 0.9023516779318259, 0.4938547236731526
vectors_patient2vec_pvdbow_hs_win-30_emb-50.dill, 6, 0.9029466286505492, 0.44716708112588976
vectors_patient2vec_pvdbow_hs_win-30_emb-50.dill, 12, 0.9027778789921478, 0.4448295851638253
vectors_patient2vec_pvdbow_hs_win-50_emb-100.dill, 0, 0.9221879611579734, 0.3866757854418856
vectors_patient2vec_pvdbow_hs_win-50_emb-100.dill, 1, 0.9150640383319062, 0.46253593432330986
vectors_patient2vec_pvdbow_hs_win-50_emb-100.dill, 3, 0.9094406438448506, 0.4103645892725477
vectors_patient2vec_pvdbow_hs_win-50_emb-100.dill, 6, 0.9072708101805462, 0.3983281900191046
vectors_patient2vec_pvdbow_hs_win-50_emb-100.dill, 12, 0.9069941153965275, 0.44273791284952135
vectors_patient2vec_pvdbow_hs_win-5_emb-100.dill, 0, 0.921637532110259, 0.36532652529986076
vectors_patient2vec_pvdbow_hs_win-5_emb-100.dill, 1, 0.9114436635755797, 0.39771199184526795
vectors_patient2vec_pvdbow_hs_win-5_emb-100.dill, 3, 0.908174452076008, 0.4534637181204545
vectors_patient2vec_pvdbow_hs_win-5_emb-100.dill, 6, 0.9060851217912513, 0.3928526307222927
vectors_patient2vec_pvdbow_hs_win-5_emb-100.dill, 12, 0.9047361493195358, 0.424955969896363
