vectors_patient2vec_pvdbow_hs_win-5_emb-50.dill, 0, 0.9183645630272004, 0.38569711968554476
vectors_patient2vec_pvdbow_hs_win-5_emb-50.dill, 1, 0.9086743245459017, 0.4052716830578165
vectors_patient2vec_pvdbow_hs_win-5_emb-50.dill, 3, 0.9034207673668678, 0.41877297414267034
vectors_patient2vec_pvdbow_hs_win-5_emb-50.dill, 6, 0.9035835959846236, 0.41644171700193067
vectors_patient2vec_pvdbow_hs_win-5_emb-50.dill, 12, 0.9025667711198967, 0.4180371100197228
vectors_patient2vec_pvdbow_hs_win-5_emb-100.dill, 0, 0.9209297400207692, 0.41501193623254756
vectors_patient2vec_pvdbow_hs_win-5_emb-100.dill, 1, 0.9089104829747306, 0.4518686837122213
vectors_patient2vec_pvdbow_hs_win-5_emb-100.dill, 3, 0.9080716309278727, 0.45419517865200415
vectors_patient2vec_pvdbow_hs_win-5_emb-100.dill, 6, 0.9062488613383373, 0.45638022609383877
vectors_patient2vec_pvdbow_hs_win-5_emb-100.dill, 12, 0.902923513818798, 0.46289992636835353
vectors_patient2vec_pvdbow_hs_win-5_emb-300.dill, 0, 0.9130984805698773, 0.40344507124202894
vectors_patient2vec_pvdbow_hs_win-5_emb-300.dill, 1, 0.9069137258831461, 0.4133518716470187
vectors_patient2vec_pvdbow_hs_win-5_emb-300.dill, 3, 0.9017601431980906, 0.42822045938983555
vectors_patient2vec_pvdbow_hs_win-5_emb-300.dill, 6, 0.9016105230556214, 0.43207375696145517
vectors_patient2vec_pvdbow_hs_win-5_emb-300.dill, 12, 0.9007799832389003, 0.4315124040323561
vectors_patient2vec_pvdbow_hs_win-10_emb-50.dill, 0, 0.9174224343675418, 0.4472433422210736
vectors_patient2vec_pvdbow_hs_win-10_emb-50.dill, 1, 0.906337107617191, 0.4766251336413342
vectors_patient2vec_pvdbow_hs_win-10_emb-50.dill, 3, 0.9048111871231029, 0.4790322654272096
vectors_patient2vec_pvdbow_hs_win-10_emb-50.dill, 6, 0.9012778061178014, 0.49089735953072533
vectors_patient2vec_pvdbow_hs_win-10_emb-50.dill, 12, 0.9005996192315401, 0.4884042522122831
vectors_patient2vec_pvdbow_hs_win-10_emb-100.dill, 0, 0.9225961713640256, 0.4433853886375883
vectors_patient2vec_pvdbow_hs_win-10_emb-100.dill, 1, 0.9115131219370001, 0.4712690762849785
vectors_patient2vec_pvdbow_hs_win-10_emb-100.dill, 3, 0.9097499043524204, 0.47921073577653195
vectors_patient2vec_pvdbow_hs_win-10_emb-100.dill, 6, 0.9055459654939969, 0.49445430068378277
vectors_patient2vec_pvdbow_hs_win-10_emb-100.dill, 12, 0.9048730164513836, 0.4946976322599829
vectors_patient2vec_pvdbow_hs_win-10_emb-300.dill, 0, 0.9153680609958279, 0.3875175049176609
vectors_patient2vec_pvdbow_hs_win-10_emb-300.dill, 1, 0.9034018655832681, 0.41542795745788713
vectors_patient2vec_pvdbow_hs_win-10_emb-300.dill, 3, 0.905636944560841, 0.4079023632155191
vectors_patient2vec_pvdbow_hs_win-10_emb-300.dill, 6, 0.9030520687205086, 0.4163155738867409
vectors_patient2vec_pvdbow_hs_win-10_emb-300.dill, 12, 0.8997428901965785, 0.42599698191744134
vectors_patient2vec_pvdbow_hs_win-20_emb-50.dill, 0, 0.9201852830257428, 0.38835550258440804
vectors_patient2vec_pvdbow_hs_win-20_emb-50.dill, 1, 0.9095103299386034, 0.4123999025501892
