vectors_patient2vec_pvdbow_hs_win-5_emb-50.dill, 0, 0.9044036601140484, 0.39886163049672996
vectors_patient2vec_pvdbow_hs_win-5_emb-50.dill, 1, 0.891549536336971, 0.41980224431019536
vectors_patient2vec_pvdbow_hs_win-5_emb-50.dill, 3, 0.8840853814061105, 0.4312198412475551
vectors_patient2vec_pvdbow_hs_win-5_emb-50.dill, 6, 0.878178687897393, 0.44058369051612034
vectors_patient2vec_pvdbow_hs_win-5_emb-50.dill, 12, 0.8722257647251725, 0.4512206675953141
vectors_patient2vec_pvdbow_hs_win-5_emb-100.dill, 0, 0.9123982036473609, 0.3738786153773471
vectors_patient2vec_pvdbow_hs_win-5_emb-100.dill, 1, 0.9014246934722805, 0.3953714749778267
vectors_patient2vec_pvdbow_hs_win-5_emb-100.dill, 3, 0.8928537594053453, 0.4102777483321118
vectors_patient2vec_pvdbow_hs_win-5_emb-100.dill, 6, 0.8884951902931371, 0.41777659061590633
vectors_patient2vec_pvdbow_hs_win-5_emb-100.dill, 12, 0.8824495800615788, 0.42992436235373743
vectors_patient2vec_pvdbow_hs_win-5_emb-300.dill, 0, 0.9106105048370348, 0.3841176285094716
vectors_patient2vec_pvdbow_hs_win-5_emb-300.dill, 1, 0.9021994388675326, 0.4031458708943221
vectors_patient2vec_pvdbow_hs_win-5_emb-300.dill, 3, 0.8923099345952742, 0.4201711627888669
vectors_patient2vec_pvdbow_hs_win-5_emb-300.dill, 6, 0.8922810125890432, 0.42088782614441494
vectors_patient2vec_pvdbow_hs_win-5_emb-300.dill, 12, 0.8923206380149029, 0.4251819611954409
vectors_patient2vec_pvdbow_hs_win-10_emb-50.dill, 0, 0.9030661881251254, 0.39619532253058165
vectors_patient2vec_pvdbow_hs_win-10_emb-50.dill, 1, 0.890079979595183, 0.418321207960389
vectors_patient2vec_pvdbow_hs_win-10_emb-50.dill, 3, 0.8820701779955912, 0.43078010609806666
vectors_patient2vec_pvdbow_hs_win-10_emb-50.dill, 6, 0.876830057024176, 0.43944192799136617
vectors_patient2vec_pvdbow_hs_win-10_emb-50.dill, 12, 0.8693030479695385, 0.4521907661241602
vectors_patient2vec_pvdbow_hs_win-10_emb-100.dill, 0, 0.9149975404908087, 0.36794888763863837
vectors_patient2vec_pvdbow_hs_win-10_emb-100.dill, 1, 0.9023037402758294, 0.3922864255216109
vectors_patient2vec_pvdbow_hs_win-10_emb-100.dill, 3, 0.8932418152999692, 0.4096966671404494
vectors_patient2vec_pvdbow_hs_win-10_emb-100.dill, 6, 0.8896502486837071, 0.41626457869529826
vectors_patient2vec_pvdbow_hs_win-10_emb-100.dill, 12, 0.8854806974074951, 0.42385492131596736
vectors_patient2vec_pvdbow_hs_win-10_emb-300.dill, 0, 0.9112711563336917, 0.37766170209703537
vectors_patient2vec_pvdbow_hs_win-10_emb-300.dill, 1, 0.8959607116179926, 0.40795566617673307
vectors_patient2vec_pvdbow_hs_win-10_emb-300.dill, 3, 0.8952271857749275, 0.4106265526245466
vectors_patient2vec_pvdbow_hs_win-10_emb-300.dill, 6, 0.8888579678988504, 0.4238213569044862
vectors_patient2vec_pvdbow_hs_win-10_emb-300.dill, 12, 0.8829025396709724, 0.43305510319321433
vectors_patient2vec_pvdbow_hs_win-20_emb-50.dill, 0, 0.9049634261873963, 0.4002938144008542
vectors_patient2vec_pvdbow_hs_win-20_emb-50.dill, 1, 0.8911603417806847, 0.422693164887527
vectors_patient2vec_pvdbow_hs_win-20_emb-50.dill, 3, 0.8828717958060814, 0.4349130651855516
vectors_patient2vec_pvdbow_hs_win-20_emb-50.dill, 6, 0.8784622146513874, 0.44234332417642175
vectors_patient2vec_pvdbow_hs_win-20_emb-50.dill, 12, 0.8700873581227567, 0.45605479544828714
vectors_patient2vec_pvdbow_hs_win-20_emb-100.dill, 0, 0.9132071088924921, 0.3710950009691723
vectors_patient2vec_pvdbow_hs_win-20_emb-100.dill, 1, 0.902923172220299, 0.3916202756150966
vectors_patient2vec_pvdbow_hs_win-20_emb-100.dill, 3, 0.8931256718103808, 0.40949331332246786
vectors_patient2vec_pvdbow_hs_win-20_emb-100.dill, 6, 0.8890148754759606, 0.4168201767095154
vectors_patient2vec_pvdbow_hs_win-20_emb-100.dill, 12, 0.8840245768733259, 0.4251352975849235
vectors_patient2vec_pvdbow_hs_win-20_emb-300.dill, 0, 0.9101928437391829, 0.3908747373592137
vectors_patient2vec_pvdbow_hs_win-20_emb-300.dill, 1, 0.8954378381825137, 0.416015168143526
vectors_patient2vec_pvdbow_hs_win-20_emb-300.dill, 3, 0.8888686713184791, 0.427997095259581
vectors_patient2vec_pvdbow_hs_win-20_emb-300.dill, 6, 0.888845214888229, 0.4292752550065343
vectors_patient2vec_pvdbow_hs_win-20_emb-300.dill, 12, 0.8811906757273773, 0.44123375231124873
vectors_patient2vec_pvdbow_hs_win-30_emb-50.dill, 0, 0.907806664358979, 0.3832056199267489
vectors_patient2vec_pvdbow_hs_win-30_emb-50.dill, 1, 0.8937870065040354, 0.40798729483602275
vectors_patient2vec_pvdbow_hs_win-30_emb-50.dill, 3, 0.8856369217876078, 0.42153593031834535
vectors_patient2vec_pvdbow_hs_win-30_emb-50.dill, 6, 0.8804252673577584, 0.43061690946629755
vectors_patient2vec_pvdbow_hs_win-30_emb-50.dill, 12, 0.874058099072674, 0.44134288248022335
vectors_patient2vec_pvdbow_hs_win-30_emb-100.dill, 0, 0.9145227185774928, 0.36887412035878875
vectors_patient2vec_pvdbow_hs_win-30_emb-100.dill, 1, 0.9021816757455956, 0.3934307969519439
vectors_patient2vec_pvdbow_hs_win-30_emb-100.dill, 3, 0.8956951757182677, 0.40540182728338203
vectors_patient2vec_pvdbow_hs_win-30_emb-100.dill, 6, 0.8888315509482774, 0.418092472527312
vectors_patient2vec_pvdbow_hs_win-30_emb-100.dill, 12, 0.8840111406657072, 0.4266236513970711
vectors_patient2vec_pvdbow_hs_win-30_emb-300.dill, 0, 0.9144104465375577, 0.38035286822127445
vectors_patient2vec_pvdbow_hs_win-30_emb-300.dill, 1, 0.8997583759951903, 0.4058408004437256
vectors_patient2vec_pvdbow_hs_win-30_emb-300.dill, 3, 0.8973867714842683, 0.41296993475791655
vectors_patient2vec_pvdbow_hs_win-30_emb-300.dill, 6, 0.8871568073748839, 0.4291688293919982
vectors_patient2vec_pvdbow_hs_win-30_emb-300.dill, 12, 0.8842757656361019, 0.43383938263035104
vectors_patient2vec_pvdbow_hs_win-50_emb-50.dill, 0, 0.905062489752045, 0.38849214328508547
vectors_patient2vec_pvdbow_hs_win-50_emb-50.dill, 1, 0.8905195029969575, 0.41447142633106004
vectors_patient2vec_pvdbow_hs_win-50_emb-50.dill, 3, 0.8826477071908762, 0.4276932624172809
vectors_patient2vec_pvdbow_hs_win-50_emb-50.dill, 6, 0.8785428318971015, 0.43494606769584937
vectors_patient2vec_pvdbow_hs_win-50_emb-50.dill, 12, 0.8710823206835614, 0.4476607671906567
vectors_patient2vec_pvdbow_hs_win-50_emb-100.dill, 0, 0.9131526808650186, 0.37111062062664263
vectors_patient2vec_pvdbow_hs_win-50_emb-100.dill, 1, 0.9018332452768314, 0.3933872934338553
vectors_patient2vec_pvdbow_hs_win-50_emb-100.dill, 3, 0.8967113173859972, 0.4023024563596836
vectors_patient2vec_pvdbow_hs_win-50_emb-100.dill, 6, 0.8906654794221064, 0.4144366620507682
vectors_patient2vec_pvdbow_hs_win-50_emb-100.dill, 12, 0.887255187742535, 0.4210720881325379
vectors_patient2vec_pvdbow_hs_win-50_emb-300.dill, 0, 0.9090398349396055, 0.38422518764629
vectors_patient2vec_pvdbow_hs_win-50_emb-300.dill, 1, 0.899866093388475, 0.40174143017620517
vectors_patient2vec_pvdbow_hs_win-50_emb-300.dill, 3, 0.8958227058244821, 0.4083257651607558
vectors_patient2vec_pvdbow_hs_win-50_emb-300.dill, 6, 0.891279673522928, 0.42013191420214296
vectors_patient2vec_pvdbow_hs_win-50_emb-300.dill, 12, 0.8867295815190657, 0.42646062680166047
