vectors_patient2vec_pvdbow_hs_win-5_emb-50.dill, 0, 0.7959340314893549, 0.561152319431083
vectors_patient2vec_pvdbow_hs_win-5_emb-50.dill, 1, 0.7274700015270488, 0.6058827437502132
vectors_patient2vec_pvdbow_hs_win-5_emb-50.dill, 3, 0.713509560129558, 0.6164121920551014
vectors_patient2vec_pvdbow_hs_win-5_emb-50.dill, 6, 0.7040298015640195, 0.6179707599280518
vectors_patient2vec_pvdbow_hs_win-5_emb-50.dill, 12, 0.7067704524083168, 0.614940013882119
vectors_patient2vec_pvdbow_hs_win-5_emb-100.dill, 0, 0.7973766908047547, 0.5540604771523235
vectors_patient2vec_pvdbow_hs_win-5_emb-100.dill, 1, 0.7385652170418652, 0.6022427527724827
vectors_patient2vec_pvdbow_hs_win-5_emb-100.dill, 3, 0.7205380034238043, 0.6097904302807573
vectors_patient2vec_pvdbow_hs_win-5_emb-100.dill, 6, 0.7132644286024288, 0.6141723224869856
vectors_patient2vec_pvdbow_hs_win-5_emb-100.dill, 12, 0.7008029062150888, 0.6174075915651057
vectors_patient2vec_pvdbow_hs_win-5_emb-300.dill, 0, 0.7972641714152529, 0.5513608868180718
vectors_patient2vec_pvdbow_hs_win-5_emb-300.dill, 1, 0.7412656823899118, 0.5821323534505158
vectors_patient2vec_pvdbow_hs_win-5_emb-300.dill, 3, 0.7359129742893196, 0.5874686668788731
vectors_patient2vec_pvdbow_hs_win-5_emb-300.dill, 6, 0.7153540744074649, 0.5981458291826202
vectors_patient2vec_pvdbow_hs_win-5_emb-300.dill, 12, 0.7221936458693328, 0.5944305218099663
vectors_patient2vec_pvdbow_hs_win-10_emb-50.dill, 0, 0.8047668035652573, 0.5568001208300334
vectors_patient2vec_pvdbow_hs_win-10_emb-50.dill, 1, 0.7349846893259284, 0.6082529454869932
vectors_patient2vec_pvdbow_hs_win-10_emb-50.dill, 3, 0.7189145093752763, 0.6155003253781814
vectors_patient2vec_pvdbow_hs_win-10_emb-50.dill, 6, 0.7180143542592609, 0.615156714009071
vectors_patient2vec_pvdbow_hs_win-10_emb-50.dill, 12, 0.7145905499787018, 0.6141045683865575
vectors_patient2vec_pvdbow_hs_win-10_emb-100.dill, 0, 0.7950620062207149, 0.551195551952545
vectors_patient2vec_pvdbow_hs_win-10_emb-100.dill, 1, 0.7304718580969757, 0.5955560657170447
vectors_patient2vec_pvdbow_hs_win-10_emb-100.dill, 3, 0.7211608786156902, 0.6058732155420156
vectors_patient2vec_pvdbow_hs_win-10_emb-100.dill, 6, 0.7064811168353118, 0.6109215720048827
vectors_patient2vec_pvdbow_hs_win-10_emb-100.dill, 12, 0.7059546868344277, 0.6064447726575909
vectors_patient2vec_pvdbow_hs_win-10_emb-300.dill, 0, 0.7913729776649012, 0.5556231715444352
vectors_patient2vec_pvdbow_hs_win-10_emb-300.dill, 1, 0.7258183776311454, 0.5959055945732432
vectors_patient2vec_pvdbow_hs_win-10_emb-300.dill, 3, 0.7189064722760261, 0.5990653327361553
vectors_patient2vec_pvdbow_hs_win-10_emb-300.dill, 6, 0.7282053961084366, 0.598436345806095
vectors_patient2vec_pvdbow_hs_win-10_emb-300.dill, 12, 0.7237006019787339, 0.5976381936502217
vectors_patient2vec_pvdbow_hs_win-20_emb-50.dill, 0, 0.7982848830200204, 0.5582824068280042
vectors_patient2vec_pvdbow_hs_win-20_emb-50.dill, 1, 0.7308777316091076, 0.6035962994280007
vectors_patient2vec_pvdbow_hs_win-20_emb-50.dill, 3, 0.7173553121207494, 0.6112933475686282
vectors_patient2vec_pvdbow_hs_win-20_emb-50.dill, 6, 0.7169815870056179, 0.6141838679285558
vectors_patient2vec_pvdbow_hs_win-20_emb-50.dill, 12, 0.7153380002089647, 0.6102599650690522
vectors_patient2vec_pvdbow_hs_win-20_emb-100.dill, 0, 0.7930929169044308, 0.5509810736965296
vectors_patient2vec_pvdbow_hs_win-20_emb-100.dill, 1, 0.7406628999461514, 0.5970421102294178
vectors_patient2vec_pvdbow_hs_win-20_emb-100.dill, 3, 0.7173030709756234, 0.6043570788892916
vectors_patient2vec_pvdbow_hs_win-20_emb-100.dill, 6, 0.7130152785256744, 0.6102366352603998
vectors_patient2vec_pvdbow_hs_win-20_emb-100.dill, 12, 0.7123361436390377, 0.6045138091686653
vectors_patient2vec_pvdbow_hs_win-20_emb-300.dill, 0, 0.7937037364474415, 0.5566637977734744
vectors_patient2vec_pvdbow_hs_win-20_emb-300.dill, 1, 0.7378901007048537, 0.5937502210670087
vectors_patient2vec_pvdbow_hs_win-20_emb-300.dill, 3, 0.7250146677061314, 0.5947249173048932
vectors_patient2vec_pvdbow_hs_win-20_emb-300.dill, 6, 0.7320350739011277, 0.5953283340159446
vectors_patient2vec_pvdbow_hs_win-20_emb-300.dill, 12, 0.7192319747956568, 0.5973987915656777
vectors_patient2vec_pvdbow_hs_win-30_emb-50.dill, 0, 0.7757247454248812, 0.6118642791713724
vectors_patient2vec_pvdbow_hs_win-30_emb-50.dill, 1, 0.7079318132499618, 0.641415506637851
vectors_patient2vec_pvdbow_hs_win-30_emb-50.dill, 3, 0.692986827194329, 0.6464676594421292
vectors_patient2vec_pvdbow_hs_win-30_emb-50.dill, 6, 0.6946746180368581, 0.6466115482847058
vectors_patient2vec_pvdbow_hs_win-30_emb-50.dill, 12, 0.6832177330557855, 0.6467959771596103
vectors_patient2vec_pvdbow_hs_win-30_emb-100.dill, 0, 0.7986465524862766, 0.5497692946307955
vectors_patient2vec_pvdbow_hs_win-30_emb-100.dill, 1, 0.7309259542046085, 0.6049497527353237
vectors_patient2vec_pvdbow_hs_win-30_emb-100.dill, 3, 0.7079679801965875, 0.6126254315290725
vectors_patient2vec_pvdbow_hs_win-30_emb-100.dill, 6, 0.7086230037854737, 0.6164524979831472
vectors_patient2vec_pvdbow_hs_win-30_emb-100.dill, 12, 0.7038168184338909, 0.6147287295038134
vectors_patient2vec_pvdbow_hs_win-30_emb-300.dill, 0, 0.8054901424977697, 0.5483894447726146
vectors_patient2vec_pvdbow_hs_win-30_emb-300.dill, 1, 0.7372471327648424, 0.5943955853708414
vectors_patient2vec_pvdbow_hs_win-30_emb-300.dill, 3, 0.7163587118137322, 0.6079051023637086
vectors_patient2vec_pvdbow_hs_win-30_emb-300.dill, 6, 0.7235117301463556, 0.6000065691228458
vectors_patient2vec_pvdbow_hs_win-30_emb-300.dill, 12, 0.7211568600660648, 0.5940078921426629
vectors_patient2vec_pvdbow_hs_win-50_emb-50.dill, 0, 0.7948892085868368, 0.5609816486309177
vectors_patient2vec_pvdbow_hs_win-50_emb-50.dill, 1, 0.7322922610771322, 0.6054923220173328
vectors_patient2vec_pvdbow_hs_win-50_emb-50.dill, 3, 0.7167203812799884, 0.6136608291631483
vectors_patient2vec_pvdbow_hs_win-50_emb-50.dill, 6, 0.7146990508185785, 0.6141681896832524
vectors_patient2vec_pvdbow_hs_win-50_emb-50.dill, 12, 0.7128304252429213, 0.6110192615343741
vectors_patient2vec_pvdbow_hs_win-50_emb-100.dill, 0, 0.8065831879957885, 0.5398264814029776
vectors_patient2vec_pvdbow_hs_win-50_emb-100.dill, 1, 0.732240019932006, 0.6032498675321348
vectors_patient2vec_pvdbow_hs_win-50_emb-100.dill, 3, 0.7120910121119086, 0.609056192352314
vectors_patient2vec_pvdbow_hs_win-50_emb-100.dill, 6, 0.7145141975358255, 0.6092184841000352
vectors_patient2vec_pvdbow_hs_win-50_emb-100.dill, 12, 0.7095432516496147, 0.6091243026846435
vectors_patient2vec_pvdbow_hs_win-50_emb-300.dill, 0, 0.7906817871293893, 0.5498038309723254
vectors_patient2vec_pvdbow_hs_win-50_emb-300.dill, 1, 0.7262885479372785, 0.5929615311258847
vectors_patient2vec_pvdbow_hs_win-50_emb-300.dill, 3, 0.7153540744074649, 0.6088177097091925
vectors_patient2vec_pvdbow_hs_win-50_emb-300.dill, 6, 0.7173070895252486, 0.5947433756128612
vectors_patient2vec_pvdbow_hs_win-50_emb-300.dill, 12, 0.7084180577545952, 0.5901522450357125
