vectors_patient2vec_pvdbow_hs_win-30_emb-100.dill, 0, 0.7964162574443632, 0.4796410940932669
vectors_patient2vec_pvdbow_hs_win-30_emb-100.dill, 1, 0.7249101854158797, 0.563823113196363
vectors_patient2vec_pvdbow_hs_win-30_emb-100.dill, 3, 0.7135015230303079, 0.41138154592706583
vectors_patient2vec_pvdbow_hs_win-30_emb-100.dill, 6, 0.7029769415622513, 0.6129216084718413
vectors_patient2vec_pvdbow_hs_win-30_emb-100.dill, 12, 0.7027237729358721, 0.4482040481111927
vectors_patient2vec_pvdbow_hs_win-30_emb-50.dill, 0, 0.8010817935590687, 0.39887343472597186
vectors_patient2vec_pvdbow_hs_win-30_emb-50.dill, 1, 0.728297822749813, 0.43355005080573145
vectors_patient2vec_pvdbow_hs_win-30_emb-50.dill, 3, 0.7154505195984665, 0.4400619961263103
vectors_patient2vec_pvdbow_hs_win-30_emb-50.dill, 6, 0.7277955040466795, 0.42810267959697185
vectors_patient2vec_pvdbow_hs_win-30_emb-50.dill, 12, 0.7040820427091454, 0.44722751658298343
vectors_patient2vec_pvdbow_hs_win-50_emb-100.dill, 0, 0.8138045216720381, 0.4721696532428605
vectors_patient2vec_pvdbow_hs_win-50_emb-100.dill, 1, 0.7567853210419295, 0.4202090794214171
vectors_patient2vec_pvdbow_hs_win-50_emb-100.dill, 3, 0.7228205396108437, 0.4565768418255642
vectors_patient2vec_pvdbow_hs_win-50_emb-100.dill, 6, 0.709912958215121, 0.5535531797013351
vectors_patient2vec_pvdbow_hs_win-50_emb-100.dill, 12, 0.7006743126270867, 0.44479843603909286
vectors_patient2vec_pvdbow_hs_win-5_emb-100.dill, 0, 0.801793076842706, 0.3960317146403296
vectors_patient2vec_pvdbow_hs_win-5_emb-100.dill, 1, 0.7540647629457576, 0.40245953891734
vectors_patient2vec_pvdbow_hs_win-5_emb-100.dill, 3, 0.7126013679142923, 0.4410719738382315
vectors_patient2vec_pvdbow_hs_win-5_emb-100.dill, 6, 0.7212372310585662, 0.41932976812884104
vectors_patient2vec_pvdbow_hs_win-5_emb-100.dill, 12, 0.7070396952331965, 0.44057362250663595
