vectors_patient2vec_pvdbow_hs_win-5_emb-50.dill, 0, 0.7486212977210698, 0.4716971887171793
vectors_patient2vec_pvdbow_hs_win-5_emb-50.dill, 1, 0.6832298136645963, 0.48207347905618353
vectors_patient2vec_pvdbow_hs_win-5_emb-50.dill, 3, 0.6887745742215433, 0.4833484440277224
vectors_patient2vec_pvdbow_hs_win-5_emb-50.dill, 6, 0.6768276931025574, 0.4841888289341479
vectors_patient2vec_pvdbow_hs_win-5_emb-50.dill, 12, 0.697273295669396, 0.48303769377013805
vectors_patient2vec_pvdbow_hs_win-5_emb-100.dill, 0, 0.7916690066230124, 0.38708511435172777
vectors_patient2vec_pvdbow_hs_win-5_emb-100.dill, 1, 0.7432974290431638, 0.4119585182250114
vectors_patient2vec_pvdbow_hs_win-5_emb-100.dill, 3, 0.7274231651934301, 0.419120458883979
vectors_patient2vec_pvdbow_hs_win-5_emb-100.dill, 6, 0.7336642967588797, 0.4162291218157956
vectors_patient2vec_pvdbow_hs_win-5_emb-100.dill, 12, 0.7113092898138893, 0.4245747985629654
vectors_patient2vec_pvdbow_hs_win-5_emb-300.dill, 0, 0.8264613495370631, 0.4376252007111583
vectors_patient2vec_pvdbow_hs_win-5_emb-300.dill, 1, 0.7553716037873598, 0.49969667852126703
vectors_patient2vec_pvdbow_hs_win-5_emb-300.dill, 3, 0.7439413850295209, 0.5113737866469974
vectors_patient2vec_pvdbow_hs_win-5_emb-300.dill, 6, 0.7193737153639661, 0.5257342346343531
vectors_patient2vec_pvdbow_hs_win-5_emb-300.dill, 12, 0.7291303973433071, 0.5250632940944364
vectors_patient2vec_pvdbow_hs_win-10_emb-50.dill, 0, 0.791129880680946, 0.38567845779812493
vectors_patient2vec_pvdbow_hs_win-10_emb-50.dill, 1, 0.7526460226358017, 0.40654331136254535
vectors_patient2vec_pvdbow_hs_win-10_emb-50.dill, 3, 0.7402461259682739, 0.41115949245284467
vectors_patient2vec_pvdbow_hs_win-10_emb-50.dill, 6, 0.7321255414658984, 0.412384814219522
vectors_patient2vec_pvdbow_hs_win-10_emb-50.dill, 12, 0.7229117293587771, 0.4173301065482658
vectors_patient2vec_pvdbow_hs_win-10_emb-100.dill, 0, 0.8036308634626111, 0.3795780255356831
vectors_patient2vec_pvdbow_hs_win-10_emb-100.dill, 1, 0.7517587111894841, 0.4070258835512227
vectors_patient2vec_pvdbow_hs_win-10_emb-100.dill, 3, 0.7322640668815682, 0.4180600893037814
vectors_patient2vec_pvdbow_hs_win-10_emb-100.dill, 6, 0.7385164302374776, 0.41515540724546485
vectors_patient2vec_pvdbow_hs_win-10_emb-100.dill, 12, 0.727419421263277, 0.41880852693372306
vectors_patient2vec_pvdbow_hs_win-10_emb-300.dill, 0, 0.7927510024372983, 0.49077800801789845
vectors_patient2vec_pvdbow_hs_win-10_emb-300.dill, 1, 0.7294448874761793, 0.5539958774527769
vectors_patient2vec_pvdbow_hs_win-10_emb-300.dill, 3, 0.7352779306549256, 0.5444474946297387
vectors_patient2vec_pvdbow_hs_win-10_emb-300.dill, 6, 0.7158600369151514, 0.5649766252103707
vectors_patient2vec_pvdbow_hs_win-10_emb-300.dill, 12, 0.7271124189907114, 0.5467584963102275
vectors_patient2vec_pvdbow_hs_win-20_emb-50.dill, 0, 0.7760306103729329, 0.4646343876910874
vectors_patient2vec_pvdbow_hs_win-20_emb-50.dill, 1, 0.7368091980876004, 0.47419094977097426
vectors_patient2vec_pvdbow_hs_win-20_emb-50.dill, 3, 0.724476692162831, 0.4758564871558346
vectors_patient2vec_pvdbow_hs_win-20_emb-50.dill, 6, 0.7106353823863062, 0.47679137469124583
vectors_patient2vec_pvdbow_hs_win-20_emb-50.dill, 12, 0.70333471858749, 0.4797683289913663
