vectors_patient2vec_pvdbow_hs_win-10_emb-100.dill, 0, 0.804232336465123, 0.5004175092278862
vectors_patient2vec_pvdbow_hs_win-10_emb-100.dill, 1, 0.7206223929659308, 0.5830277225340715
vectors_patient2vec_pvdbow_hs_win-10_emb-100.dill, 3, 0.686786205122847, 0.618142626042187
vectors_patient2vec_pvdbow_hs_win-10_emb-100.dill, 6, 0.6710817131880762, 0.6442084046798776
vectors_patient2vec_pvdbow_hs_win-10_emb-100.dill, 12, 0.6665608448598732, 0.6450008670672428
vectors_patient2vec_pvdbow_hs_win-10_emb-300.dill, 0, 0.7947847262965849, 0.5498513430080683
vectors_patient2vec_pvdbow_hs_win-10_emb-300.dill, 1, 0.6985605555243002, 0.6478866178646298
vectors_patient2vec_pvdbow_hs_win-10_emb-300.dill, 3, 0.689743857646898, 0.6791537209942123
vectors_patient2vec_pvdbow_hs_win-10_emb-300.dill, 6, 0.6937543701727173, 0.6626996942980579
vectors_patient2vec_pvdbow_hs_win-10_emb-300.dill, 12, 0.6624016459979264, 0.7158144644733367
vectors_patient2vec_pvdbow_hs_win-10_emb-500.dill, 0, 0.7688409699171375, 0.5995450860645289
vectors_patient2vec_pvdbow_hs_win-10_emb-500.dill, 1, 0.6967481896433938, 0.687013661951279
vectors_patient2vec_pvdbow_hs_win-10_emb-500.dill, 3, 0.6806981024408669, 0.7075301489734755
vectors_patient2vec_pvdbow_hs_win-10_emb-500.dill, 6, 0.6842866672560539, 0.6764983379821469
vectors_patient2vec_pvdbow_hs_win-10_emb-500.dill, 12, 0.7010199078948426, 0.6531827798180311
vectors_patient2vec_pvdbow_hs_win-20_emb-100.dill, 0, 0.762841275326909, 0.572039615791165
vectors_patient2vec_pvdbow_hs_win-20_emb-100.dill, 1, 0.713224243106178, 0.5997856514257734
vectors_patient2vec_pvdbow_hs_win-20_emb-100.dill, 3, 0.7160251721948514, 0.5868253759872295
vectors_patient2vec_pvdbow_hs_win-20_emb-100.dill, 6, 0.6960449434590067, 0.60870208812713
vectors_patient2vec_pvdbow_hs_win-20_emb-100.dill, 12, 0.7012007426279707, 0.611928969874206
vectors_patient2vec_pvdbow_hs_win-20_emb-300.dill, 0, 0.7769383474116521, 0.5852947199946353
vectors_patient2vec_pvdbow_hs_win-20_emb-300.dill, 1, 0.6901336569605299, 0.6545233813503494
vectors_patient2vec_pvdbow_hs_win-20_emb-300.dill, 3, 0.71188606608103, 0.6304626168207166
vectors_patient2vec_pvdbow_hs_win-20_emb-300.dill, 6, 0.6872644125282303, 0.671501320303196
vectors_patient2vec_pvdbow_hs_win-20_emb-300.dill, 12, 0.675128392660521, 0.7043751586302667
vectors_patient2vec_pvdbow_hs_win-20_emb-500.dill, 0, 0.7884113065912252, 0.569334895443277
vectors_patient2vec_pvdbow_hs_win-20_emb-500.dill, 1, 0.6958681272755037, 0.6965368581812227
vectors_patient2vec_pvdbow_hs_win-20_emb-500.dill, 3, 0.6734084534209912, 0.7197870395366923
vectors_patient2vec_pvdbow_hs_win-20_emb-500.dill, 6, 0.6791429237359652, 0.7100442264588375
vectors_patient2vec_pvdbow_hs_win-20_emb-500.dill, 12, 0.6842505003094282, 0.702585519632784
vectors_patient2vec_pvdbow_hs_win-30_emb-100.dill, 0, 0.78174051421361, 0.5302155591351314
vectors_patient2vec_pvdbow_hs_win-30_emb-100.dill, 1, 0.6963342790320117, 0.6266693927395833
vectors_patient2vec_pvdbow_hs_win-30_emb-100.dill, 3, 0.6987293346085531, 0.5920387631904416
vectors_patient2vec_pvdbow_hs_win-30_emb-100.dill, 6, 0.6929546787973284, 0.5972772123717709
vectors_patient2vec_pvdbow_hs_win-30_emb-100.dill, 12, 0.6778810991536934, 0.6373125272203245
vectors_patient2vec_pvdbow_hs_win-30_emb-300.dill, 0, 0.7740369545823522, 0.5910488928076884
vectors_patient2vec_pvdbow_hs_win-30_emb-300.dill, 1, 0.697037525216399, 0.6782014705093605
vectors_patient2vec_pvdbow_hs_win-30_emb-300.dill, 3, 0.7012529837730966, 0.6536024973937841
vectors_patient2vec_pvdbow_hs_win-30_emb-300.dill, 6, 0.7163386190656068, 0.6234857271367409
vectors_patient2vec_pvdbow_hs_win-30_emb-300.dill, 12, 0.6744572948731343, 0.6751461187630057
vectors_patient2vec_pvdbow_hs_win-30_emb-500.dill, 0, 0.7906817871293893, 0.5640277775915924
vectors_patient2vec_pvdbow_hs_win-30_emb-500.dill, 1, 0.7085908553884732, 0.6751655640954027
vectors_patient2vec_pvdbow_hs_win-30_emb-500.dill, 3, 0.6937543701727172, 0.675209916561408
vectors_patient2vec_pvdbow_hs_win-30_emb-500.dill, 6, 0.6532433714023935, 0.7443250933251423
vectors_patient2vec_pvdbow_hs_win-30_emb-500.dill, 12, 0.6825024312225232, 0.7042600019579077
vectors_patient2vec_pvdbow_hs_win-50_emb-100.dill, 0, 0.7822468514663687, 0.5321175534967073
vectors_patient2vec_pvdbow_hs_win-50_emb-100.dill, 1, 0.6973791019345298, 0.6230680615707558
vectors_patient2vec_pvdbow_hs_win-50_emb-100.dill, 3, 0.671250492272329, 0.628651149012111
vectors_patient2vec_pvdbow_hs_win-50_emb-100.dill, 6, 0.6775837264814384, 0.6307477628632118
vectors_patient2vec_pvdbow_hs_win-50_emb-100.dill, 12, 0.6854882135939496, 0.6152728430948844
vectors_patient2vec_pvdbow_hs_win-50_emb-300.dill, 0, 0.785100021700168, 0.5757042176680819
vectors_patient2vec_pvdbow_hs_win-50_emb-300.dill, 1, 0.7033305739292574, 0.659835917078835
vectors_patient2vec_pvdbow_hs_win-50_emb-300.dill, 3, 0.7036239280518874, 0.6494443368485328
vectors_patient2vec_pvdbow_hs_win-50_emb-300.dill, 6, 0.7020486565988603, 0.6490428876120476
vectors_patient2vec_pvdbow_hs_win-50_emb-300.dill, 12, 0.6956872925423755, 0.6601288167182319
vectors_patient2vec_pvdbow_hs_win-50_emb-500.dill, 0, 0.780406355738087, 0.5710868525741326
vectors_patient2vec_pvdbow_hs_win-50_emb-500.dill, 1, 0.6979537545309148, 0.700883220393221
vectors_patient2vec_pvdbow_hs_win-50_emb-500.dill, 3, 0.6923398407046928, 0.6927913133397388
vectors_patient2vec_pvdbow_hs_win-50_emb-500.dill, 6, 0.6883775507743745, 0.6933378145571039
vectors_patient2vec_pvdbow_hs_win-50_emb-500.dill, 12, 0.694369208265353, 0.6834509199371633
vectors_patient2vec_pvdbow_hs_win-5_emb-100.dill, 0, 0.8021467092097121, 0.4940926423995422
vectors_patient2vec_pvdbow_hs_win-5_emb-100.dill, 1, 0.7090128030991055, 0.5877528617814572
vectors_patient2vec_pvdbow_hs_win-5_emb-100.dill, 3, 0.7061957998119319, 0.5893361294894567
vectors_patient2vec_pvdbow_hs_win-5_emb-100.dill, 6, 0.6918375220015591, 0.6017056723946621
vectors_patient2vec_pvdbow_hs_win-5_emb-100.dill, 12, 0.6853194345096968, 0.6213923890882963
vectors_patient2vec_pvdbow_hs_win-5_emb-300.dill, 0, 0.7713324706846805, 0.5777121239432288
vectors_patient2vec_pvdbow_hs_win-5_emb-300.dill, 1, 0.7030251641577523, 0.6565317297315639
vectors_patient2vec_pvdbow_hs_win-5_emb-300.dill, 3, 0.6985444813257998, 0.6769524546256686
vectors_patient2vec_pvdbow_hs_win-5_emb-300.dill, 6, 0.6712504922723291, 0.7000985506066447
vectors_patient2vec_pvdbow_hs_win-5_emb-300.dill, 12, 0.6925769351325719, 0.6695798419192996
vectors_patient2vec_pvdbow_hs_win-5_emb-500.dill, 0, 0.7908344920151419, 0.5684289485524371
vectors_patient2vec_pvdbow_hs_win-5_emb-500.dill, 1, 0.7097039936346174, 0.6580572145237916
vectors_patient2vec_pvdbow_hs_win-5_emb-500.dill, 3, 0.6896875979521472, 0.7032881341609678
vectors_patient2vec_pvdbow_hs_win-5_emb-500.dill, 6, 0.6752248378515227, 0.7117967219954343
vectors_patient2vec_pvdbow_hs_win-5_emb-500.dill, 12, 0.6737138631924966, 0.6953255973755077
vectors_patient2vec_pvdbow_ns_win-10_emb-100.dill, 0, 0.7902437652202567, 0.5215251244858814
vectors_patient2vec_pvdbow_ns_win-10_emb-100.dill, 1, 0.7222981281595846, 0.5880151644261258
vectors_patient2vec_pvdbow_ns_win-10_emb-100.dill, 3, 0.6844353535921814, 0.6226008051005683
vectors_patient2vec_pvdbow_ns_win-10_emb-100.dill, 6, 0.6733521937262403, 0.6328260890399585
vectors_patient2vec_pvdbow_ns_win-10_emb-100.dill, 12, 0.7019843598048593, 0.5937510545582886
vectors_patient2vec_pvdbow_ns_win-10_emb-300.dill, 0, 0.7636771336489234, 0.5812394516850559
vectors_patient2vec_pvdbow_ns_win-10_emb-300.dill, 1, 0.6885543669578775, 0.6788604866740903
vectors_patient2vec_pvdbow_ns_win-10_emb-300.dill, 3, 0.7152214622698376, 0.6381782376935771
vectors_patient2vec_pvdbow_ns_win-10_emb-300.dill, 6, 0.6634384318011944, 0.7087179415209944
vectors_patient2vec_pvdbow_ns_win-10_emb-300.dill, 12, 0.6672239055480096, 0.7145781609867371
vectors_patient2vec_pvdbow_ns_win-10_emb-500.dill, 0, 0.7673541065558618, 0.6157756711072873
vectors_patient2vec_pvdbow_ns_win-10_emb-500.dill, 1, 0.6794362778585953, 0.6946159118442121
vectors_patient2vec_pvdbow_ns_win-10_emb-500.dill, 3, 0.7105358334070067, 0.6685926202578191
vectors_patient2vec_pvdbow_ns_win-10_emb-500.dill, 6, 0.6864245356565909, 0.6875405467386682
vectors_patient2vec_pvdbow_ns_win-10_emb-500.dill, 12, 0.6652427605828505, 0.7351525202313245
vectors_patient2vec_pvdbow_ns_win-20_emb-100.dill, 0, 0.7805630791734647, 0.5437962702970002
vectors_patient2vec_pvdbow_ns_win-20_emb-100.dill, 1, 0.7179219276178842, 0.5764561937784594
vectors_patient2vec_pvdbow_ns_win-20_emb-100.dill, 3, 0.694783118876735, 0.5945401015755577
vectors_patient2vec_pvdbow_ns_win-20_emb-100.dill, 6, 0.683651736415293, 0.6380563172943133
vectors_patient2vec_pvdbow_ns_win-20_emb-100.dill, 12, 0.7099772550091222, 0.5946555396864734
vectors_patient2vec_pvdbow_ns_win-20_emb-300.dill, 0, 0.746200461329497, 0.623365322925711
vectors_patient2vec_pvdbow_ns_win-20_emb-300.dill, 1, 0.6929747715454537, 0.6655561097503555
vectors_patient2vec_pvdbow_ns_win-20_emb-300.dill, 3, 0.7125410896699162, 0.6270305957402788
vectors_patient2vec_pvdbow_ns_win-20_emb-300.dill, 6, 0.6722470925793462, 0.6859275425485143
vectors_patient2vec_pvdbow_ns_win-20_emb-300.dill, 12, 0.7043231556866495, 0.6396116206471489
vectors_patient2vec_pvdbow_ns_win-5_emb-100.dill, 0, 0.759538027535102, 0.558021362079671
vectors_patient2vec_pvdbow_ns_win-5_emb-100.dill, 1, 0.7171463475402459, 0.5899330580477327
vectors_patient2vec_pvdbow_ns_win-5_emb-100.dill, 3, 0.6969611727735225, 0.6204812539245786
vectors_patient2vec_pvdbow_ns_win-5_emb-100.dill, 6, 0.7160934875384777, 0.5963461376147912
vectors_patient2vec_pvdbow_ns_win-5_emb-100.dill, 12, 0.674895316782267, 0.6303489417362345
vectors_patient2vec_pvdbow_ns_win-5_emb-300.dill, 0, 0.7747160894689887, 0.5797448094026277
vectors_patient2vec_pvdbow_ns_win-5_emb-300.dill, 1, 0.6919781712384365, 0.675732570448321
vectors_patient2vec_pvdbow_ns_win-5_emb-300.dill, 3, 0.6827636369481527, 0.6891545215281579
vectors_patient2vec_pvdbow_ns_win-5_emb-300.dill, 6, 0.6793237584690933, 0.6817864436260078
vectors_patient2vec_pvdbow_ns_win-5_emb-300.dill, 12, 0.6990789484259341, 0.6563389347291597
vectors_patient2vec_pvdbow_ns_win-5_emb-500.dill, 0, 0.754141115388634, 0.639664624081748
vectors_patient2vec_pvdbow_ns_win-5_emb-500.dill, 1, 0.7003046060615802, 0.6762897318808231
vectors_patient2vec_pvdbow_ns_win-5_emb-500.dill, 3, 0.678206601673324, 0.7213371726323898
vectors_patient2vec_pvdbow_ns_win-5_emb-500.dill, 6, 0.6985163514784244, 0.6885879998438273
vectors_patient2vec_pvdbow_ns_win-5_emb-500.dill, 12, 0.6994084694951899, 0.6911624220228011
vectors_patient2vec_pvdm_hs_win-10_emb-100.dill, 0, 0.75854544577771, 0.55486267092741
vectors_patient2vec_pvdm_hs_win-10_emb-100.dill, 1, 0.6780619338868216, 0.6100585745539734
vectors_patient2vec_pvdm_hs_win-10_emb-100.dill, 3, 0.6664844924169968, 0.620681007359526
vectors_patient2vec_pvdm_hs_win-10_emb-100.dill, 6, 0.6743045899873819, 0.6058933657021351
vectors_patient2vec_pvdm_hs_win-10_emb-100.dill, 12, 0.6250371715840319, 0.6615688827440812
vectors_patient2vec_pvdm_hs_win-10_emb-300.dill, 0, 0.7645893444138141, 0.5942769787108307
vectors_patient2vec_pvdm_hs_win-10_emb-300.dill, 1, 0.716181895630229, 0.6250777514012399
vectors_patient2vec_pvdm_hs_win-10_emb-300.dill, 3, 0.6821206690081416, 0.6708073445901036
vectors_patient2vec_pvdm_hs_win-10_emb-300.dill, 6, 0.694264725975101, 0.6448862822029467
vectors_patient2vec_pvdm_hs_win-10_emb-300.dill, 12, 0.679532723049597, 0.6530806043977697
vectors_patient2vec_pvdm_hs_win-10_emb-500.dill, 0, 0.7587584289078386, 0.6121615789307884
vectors_patient2vec_pvdm_hs_win-10_emb-500.dill, 1, 0.7124285702804143, 0.649135150444984
vectors_patient2vec_pvdm_hs_win-10_emb-500.dill, 3, 0.6694943860861738, 0.7046456424250318
vectors_patient2vec_pvdm_hs_win-10_emb-500.dill, 6, 0.68087491862437, 0.6875834936565233
vectors_patient2vec_pvdm_hs_win-10_emb-500.dill, 12, 0.656924362858957, 0.7178350308313012
vectors_patient2vec_pvdm_hs_win-20_emb-100.dill, 0, 0.7292582561102048, 0.5842211845656262
vectors_patient2vec_pvdm_hs_win-20_emb-100.dill, 1, 0.6766795528157977, 0.5966515780661138
vectors_patient2vec_pvdm_hs_win-20_emb-100.dill, 3, 0.634316002668317, 0.6433383252846879
vectors_patient2vec_pvdm_hs_win-20_emb-100.dill, 6, 0.6352643803798333, 0.6418313811724903
vectors_patient2vec_pvdm_hs_win-20_emb-100.dill, 12, 0.6315994631217701, 0.6507450577127631
vectors_patient2vec_pvdm_hs_win-20_emb-300.dill, 0, 0.7278236338940549, 0.6434935018192083
vectors_patient2vec_pvdm_hs_win-20_emb-300.dill, 1, 0.6825225239706485, 0.6690184986174224
vectors_patient2vec_pvdm_hs_win-20_emb-300.dill, 3, 0.6612844892021571, 0.6917134325332273
vectors_patient2vec_pvdm_hs_win-20_emb-300.dill, 6, 0.6575150896538422, 0.6857088455509381
vectors_patient2vec_pvdm_hs_win-20_emb-300.dill, 12, 0.6475450680340451, 0.7007684248128133
vectors_patient2vec_pvdm_hs_win-20_emb-500.dill, 0, 0.7691383425893927, 0.6118578410832369
vectors_patient2vec_pvdm_hs_win-20_emb-500.dill, 1, 0.6888838880271333, 0.6789197101421789
vectors_patient2vec_pvdm_hs_win-20_emb-500.dill, 3, 0.6663719730274948, 0.7038979272914216
vectors_patient2vec_pvdm_hs_win-20_emb-500.dill, 6, 0.6480514052868038, 0.7206996521121658
vectors_patient2vec_pvdm_hs_win-20_emb-500.dill, 12, 0.6372897293908681, 0.7257081417301882
vectors_patient2vec_pvdm_hs_win-30_emb-100.dill, 0, 0.6904712151290355, 0.6286911950850923
vectors_patient2vec_pvdm_hs_win-30_emb-100.dill, 1, 0.653388039188896, 0.6198722452890442
vectors_patient2vec_pvdm_hs_win-30_emb-100.dill, 3, 0.6428152351253386, 0.6272908299235318
vectors_patient2vec_pvdm_hs_win-30_emb-100.dill, 6, 0.6264034784565554, 0.6527551305679332
vectors_patient2vec_pvdm_hs_win-30_emb-100.dill, 12, 0.6146452022536025, 0.6491880773924593
vectors_patient2vec_pvdm_hs_win-30_emb-300.dill, 0, 0.7207108010576823, 0.6365235495646012
vectors_patient2vec_pvdm_hs_win-30_emb-300.dill, 1, 0.653271501249769, 0.7058611671762328
vectors_patient2vec_pvdm_hs_win-30_emb-300.dill, 3, 0.6565104522475748, 0.6743354188195335
vectors_patient2vec_pvdm_hs_win-30_emb-300.dill, 6, 0.6425660850485843, 0.7121627174144888
vectors_patient2vec_pvdm_hs_win-30_emb-300.dill, 12, 0.604432058381489, 0.7316442815259423
vectors_patient2vec_pvdm_hs_win-30_emb-500.dill, 0, 0.7235760269403566, 0.6475725906159948
vectors_patient2vec_pvdm_hs_win-30_emb-500.dill, 1, 0.6885704411563779, 0.6713681490353691
vectors_patient2vec_pvdm_hs_win-30_emb-500.dill, 3, 0.6514068942237368, 0.7000240979201278
vectors_patient2vec_pvdm_hs_win-30_emb-500.dill, 6, 0.6134798228623326, 0.7556006113237095
vectors_patient2vec_pvdm_hs_win-30_emb-500.dill, 12, 0.6368075034358598, 0.6994530591824641
vectors_patient2vec_pvdm_hs_win-50_emb-100.dill, 0, 0.6963543717801371, 0.5841299892097455
vectors_patient2vec_pvdm_hs_win-50_emb-100.dill, 1, 0.6405969957323003, 0.6110444736905126
vectors_patient2vec_pvdm_hs_win-50_emb-100.dill, 3, 0.6377840109947517, 0.6244237394109178
vectors_patient2vec_pvdm_hs_win-50_emb-100.dill, 6, 0.6315070364803934, 0.6142537204825755
vectors_patient2vec_pvdm_hs_win-50_emb-100.dill, 12, 0.6214847737154706, 0.6407676141733694
vectors_patient2vec_pvdm_hs_win-50_emb-300.dill, 0, 0.7249624265610056, 0.6274457298008028
vectors_patient2vec_pvdm_hs_win-50_emb-300.dill, 1, 0.6201345410414474, 0.7126049587915927
vectors_patient2vec_pvdm_hs_win-50_emb-300.dill, 3, 0.5982053157374441, 0.7415435304056722
vectors_patient2vec_pvdm_hs_win-50_emb-300.dill, 6, 0.6131744130908273, 0.7130356053397682
vectors_patient2vec_pvdm_hs_win-50_emb-300.dill, 12, 0.6036705432275382, 0.7129203167007552
vectors_patient2vec_pvdm_hs_win-50_emb-500.dill, 0, 0.6909976451299197, 0.6802435291219772
vectors_patient2vec_pvdm_hs_win-50_emb-500.dill, 1, 0.6601633138567629, 0.6853863140751385
vectors_patient2vec_pvdm_hs_win-50_emb-500.dill, 3, 0.6305425845703768, 0.7259160015922382
vectors_patient2vec_pvdm_hs_win-50_emb-500.dill, 6, 0.616401308439758, 0.7510182671220892
vectors_patient2vec_pvdm_hs_win-50_emb-500.dill, 12, 0.6171286659218954, 0.7236642889622062
vectors_patient2vec_pvdm_hs_win-5_emb-100.dill, 0, 0.7521720260723499, 0.5561101308375289
vectors_patient2vec_pvdm_hs_win-5_emb-100.dill, 1, 0.7037886885865152, 0.5866106639128594
vectors_patient2vec_pvdm_hs_win-5_emb-100.dill, 3, 0.6691126238717922, 0.6156887393404255
vectors_patient2vec_pvdm_hs_win-5_emb-100.dill, 6, 0.6664965480658721, 0.6337806918600024
vectors_patient2vec_pvdm_hs_win-5_emb-100.dill, 12, 0.6842987229049291, 0.5995671791605385
vectors_patient2vec_pvdm_hs_win-5_emb-300.dill, 0, 0.7818208852061115, 0.5884478839695834
vectors_patient2vec_pvdm_hs_win-5_emb-300.dill, 1, 0.7334415662699018, 0.6162266536523812
vectors_patient2vec_pvdm_hs_win-5_emb-300.dill, 3, 0.7157318180722213, 0.6403446533624372
vectors_patient2vec_pvdm_hs_win-5_emb-300.dill, 6, 0.6691809392154184, 0.6923732104809274
vectors_patient2vec_pvdm_hs_win-5_emb-300.dill, 12, 0.6673283878382614, 0.6866568542692602
vectors_patient2vec_pvdm_hs_win-5_emb-500.dill, 0, 0.777798317031417, 0.5814383049931935
vectors_patient2vec_pvdm_hs_win-5_emb-500.dill, 1, 0.7218922546474525, 0.6443608788395879
vectors_patient2vec_pvdm_hs_win-5_emb-500.dill, 3, 0.693850815363719, 0.6657397097992496
vectors_patient2vec_pvdm_hs_win-5_emb-500.dill, 6, 0.6899488036777766, 0.6924089095121834
vectors_patient2vec_pvdm_hs_win-5_emb-500.dill, 12, 0.6727333370839796, 0.701595568716988
vectors_patient2vec_pvdm_ns_win-10_emb-100.dill, 0, 0.71216334600516, 0.6116216127453032
vectors_patient2vec_pvdm_ns_win-10_emb-100.dill, 1, 0.6824180416803967, 0.6145346506891614
vectors_patient2vec_pvdm_ns_win-10_emb-100.dill, 3, 0.6525481623172564, 0.635547726860047
vectors_patient2vec_pvdm_ns_win-10_emb-100.dill, 6, 0.6709330268519486, 0.620831252644881
vectors_patient2vec_pvdm_ns_win-10_emb-100.dill, 12, 0.6611960811104056, 0.6427318567321044
vectors_patient2vec_pvdm_ns_win-10_emb-300.dill, 0, 0.7426520820105608, 0.633287470080191
vectors_patient2vec_pvdm_ns_win-10_emb-300.dill, 1, 0.6643305498179597, 0.6831848421668243
vectors_patient2vec_pvdm_ns_win-10_emb-300.dill, 3, 0.6727413741832298, 0.6615463218495079
vectors_patient2vec_pvdm_ns_win-10_emb-300.dill, 6, 0.6695988683764256, 0.6614102169225762
vectors_patient2vec_pvdm_ns_win-10_emb-300.dill, 12, 0.6701132427284344, 0.6749527942578899
vectors_patient2vec_pvdm_ns_win-10_emb-500.dill, 0, 0.7465420380476278, 0.6182378039836156
vectors_patient2vec_pvdm_ns_win-10_emb-500.dill, 1, 0.671423289906207, 0.7056011143477028
vectors_patient2vec_pvdm_ns_win-10_emb-500.dill, 3, 0.6671957757006342, 0.712543239089622
vectors_patient2vec_pvdm_ns_win-10_emb-500.dill, 6, 0.652057899262998, 0.7186174616394154
vectors_patient2vec_pvdm_ns_win-10_emb-500.dill, 12, 0.6390458355770235, 0.7368157489490902
vectors_patient2vec_pvdm_ns_win-20_emb-100.dill, 0, 0.7044999718701527, 0.6060095851284342
vectors_patient2vec_pvdm_ns_win-20_emb-100.dill, 1, 0.6563336360640717, 0.6399276014260139
vectors_patient2vec_pvdm_ns_win-20_emb-100.dill, 3, 0.6542480088086609, 0.6101587497775073
vectors_patient2vec_pvdm_ns_win-20_emb-100.dill, 6, 0.638840889546145, 0.6455954599366348
vectors_patient2vec_pvdm_ns_win-20_emb-100.dill, 12, 0.6452424390988803, 0.6378966862936213
vectors_patient2vec_pvdm_ns_win-20_emb-300.dill, 0, 0.7348601142875513, 0.6265260513649354
vectors_patient2vec_pvdm_ns_win-20_emb-300.dill, 1, 0.668634416466409, 0.6743647019578408
vectors_patient2vec_pvdm_ns_win-20_emb-300.dill, 3, 0.6301929707529959, 0.7140559851752456
vectors_patient2vec_pvdm_ns_win-20_emb-300.dill, 6, 0.639704877715535, 0.6997441916838895
vectors_patient2vec_pvdm_ns_win-20_emb-300.dill, 12, 0.650201329336216, 0.6772657020246161
vectors_patient2vec_pvdm_ns_win-5_emb-100.dill, 0, 0.7695241233533994, 0.517472032074268
vectors_patient2vec_pvdm_ns_win-5_emb-100.dill, 1, 0.6957033667408759, 0.5937658429349824
vectors_patient2vec_pvdm_ns_win-5_emb-100.dill, 3, 0.6965713734598908, 0.5978365699435437
vectors_patient2vec_pvdm_ns_win-5_emb-100.dill, 6, 0.6816625543508836, 0.6020979291837694
vectors_patient2vec_pvdm_ns_win-5_emb-100.dill, 12, 0.6826350433601505, 0.6067887142217877
vectors_patient2vec_pvdm_ns_win-5_emb-300.dill, 0, 0.7552502350851531, 0.6049512290778442
vectors_patient2vec_pvdm_ns_win-5_emb-300.dill, 1, 0.6850582287840672, 0.6711845058572146
vectors_patient2vec_pvdm_ns_win-5_emb-300.dill, 3, 0.6814254599230046, 0.687117017278383
vectors_patient2vec_pvdm_ns_win-5_emb-300.dill, 6, 0.6623534234024256, 0.689468954466123
vectors_patient2vec_pvdm_ns_win-5_emb-300.dill, 12, 0.6598137000393818, 0.7236323644382758
vectors_patient2vec_pvdm_ns_win-5_emb-500.dill, 0, 0.7756644671805052, 0.594273251914901
vectors_patient2vec_pvdm_ns_win-5_emb-500.dill, 1, 0.6848653384020639, 0.701576234288078
vectors_patient2vec_pvdm_ns_win-5_emb-500.dill, 3, 0.6832096959565354, 0.6965575218423781
vectors_patient2vec_pvdm_ns_win-5_emb-500.dill, 6, 0.6726087620456026, 0.7210135978105972
vectors_patient2vec_pvdm_ns_win-5_emb-500.dill, 12, 0.6624418314941772, 0.7344749990226616
vectors_patient2vec_pvdbow_ns_win-20_emb-500.dill, 0, 0.7508378675968269, 0.6318216584403897
vectors_patient2vec_pvdbow_ns_win-20_emb-500.dill, 1, 0.6803324144249857, 0.6922407185696822
vectors_patient2vec_pvdbow_ns_win-20_emb-500.dill, 3, 0.6680115412745232, 0.7143616616134677
vectors_patient2vec_pvdbow_ns_win-20_emb-500.dill, 6, 0.7116328974546506, 0.6466996673749517
vectors_patient2vec_pvdbow_ns_win-20_emb-500.dill, 12, 0.6830610096204077, 0.7071823124632828
vectors_patient2vec_pvdbow_ns_win-30_emb-100.dill, 0, 0.777854576726168, 0.5220872187714016
vectors_patient2vec_pvdbow_ns_win-30_emb-100.dill, 1, 0.6956471070461249, 0.5979114193107462
vectors_patient2vec_pvdbow_ns_win-30_emb-100.dill, 3, 0.6936137209358398, 0.5994091170493532
vectors_patient2vec_pvdbow_ns_win-30_emb-100.dill, 6, 0.6856811039759529, 0.6177804742999305
vectors_patient2vec_pvdbow_ns_win-30_emb-100.dill, 12, 0.6691849577650435, 0.6527931211213625
vectors_patient2vec_pvdbow_ns_win-30_emb-300.dill, 0, 0.7746759039727382, 0.5765170282575626
vectors_patient2vec_pvdbow_ns_win-30_emb-300.dill, 1, 0.693858852462969, 0.6516092821666031
vectors_patient2vec_pvdbow_ns_win-30_emb-300.dill, 3, 0.6784838815974538, 0.672595892919181
vectors_patient2vec_pvdbow_ns_win-30_emb-300.dill, 6, 0.6815178865643813, 0.6807474680976272
vectors_patient2vec_pvdbow_ns_win-30_emb-300.dill, 12, 0.6744814061708848, 0.6965260301522581
vectors_patient2vec_pvdbow_ns_win-30_emb-500.dill, 0, 0.7359571783351954, 0.6500242313862589
vectors_patient2vec_pvdbow_ns_win-30_emb-500.dill, 1, 0.6743970166287584, 0.693327179808288
vectors_patient2vec_pvdbow_ns_win-30_emb-500.dill, 3, 0.6725002612057257, 0.6914145696766794
vectors_patient2vec_pvdbow_ns_win-30_emb-500.dill, 6, 0.6873166536733561, 0.6903446356038471
vectors_patient2vec_pvdbow_ns_win-30_emb-500.dill, 12, 0.6640813997412054, 0.7097792288071357
vectors_patient2vec_pvdbow_ns_win-5_emb-10.dill, 0, 0.7333611952774003, 0.4813537110877159
vectors_patient2vec_pvdbow_ns_win-5_emb-10.dill, 1, 0.6614492497367851, 0.5285959333286928
vectors_patient2vec_pvdbow_ns_win-5_emb-10.dill, 3, 0.6736495663984955, 0.5114446975013685
vectors_patient2vec_pvdbow_ns_win-5_emb-10.dill, 6, 0.6772863538091831, 0.5116008664509584
vectors_patient2vec_pvdbow_ns_win-5_emb-10.dill, 12, 0.6592269917941216, 0.5309757678716265
vectors_patient2vec_pvdm_ns_win-5_emb-10.dill, 0, 0.7005075428176462, 0.4954459681874564
vectors_patient2vec_pvdm_ns_win-5_emb-10.dill, 1, 0.6349388778602028, 0.542254305308011
vectors_patient2vec_pvdm_ns_win-5_emb-10.dill, 3, 0.6089067133890037, 0.5523774450825765
vectors_patient2vec_pvdm_ns_win-5_emb-10.dill, 6, 0.6310770516705111, 0.5434620340341424
vectors_patient2vec_pvdm_ns_win-5_emb-10.dill, 12, 0.6073475161344768, 0.5528854117013097
vectors_patient2vec_pvdbow_ns_win-5_emb-50.dill, 0, 0.774663848323863, 0.520511188388909
vectors_patient2vec_pvdbow_ns_win-5_emb-50.dill, 1, 0.6999188252975737, 0.5663571142549492
vectors_patient2vec_pvdbow_ns_win-5_emb-50.dill, 3, 0.6808347331281194, 0.5751537377633807
vectors_patient2vec_pvdbow_ns_win-5_emb-50.dill, 6, 0.6900613230672785, 0.5648480826675044
vectors_patient2vec_pvdbow_ns_win-5_emb-50.dill, 12, 0.6783633251087018, 0.58747465846583
vectors_patient2vec_pvdm_ns_win-5_emb-50.dill, 0, 0.720116055713172, 0.5816871155282606
vectors_patient2vec_pvdm_ns_win-5_emb-50.dill, 1, 0.6940115573487218, 0.5615903888583093
vectors_patient2vec_pvdm_ns_win-5_emb-50.dill, 3, 0.6608745971404, 0.5864870072654234
vectors_patient2vec_pvdm_ns_win-5_emb-50.dill, 6, 0.6615215836300362, 0.5807303214711004
vectors_patient2vec_pvdm_ns_win-5_emb-50.dill, 12, 0.6515555805598644, 0.5950943779833631
vectors_patient2vec_pvdbow_ns_win-5_emb-1000.dill, 0, 0.7627126817389067, 0.6310608311014668
vectors_patient2vec_pvdbow_ns_win-5_emb-1000.dill, 1, 0.7109055399725132, 0.6737176247423864
vectors_patient2vec_pvdbow_ns_win-5_emb-1000.dill, 3, 0.7097964202759939, 0.6687030201812295
vectors_patient2vec_pvdbow_ns_win-5_emb-1000.dill, 6, 0.6494257492585777, 0.7587407964688263
vectors_patient2vec_pvdbow_ns_win-5_emb-1000.dill, 12, 0.6557830947654373, 0.7466784192687389
vectors_patient2vec_pvdm_ns_win-5_emb-1000.dill, 0, 0.7699902751099073, 0.6224320381799925
vectors_patient2vec_pvdm_ns_win-5_emb-1000.dill, 1, 0.6876019706967361, 0.7307648214646089
vectors_patient2vec_pvdm_ns_win-5_emb-1000.dill, 3, 0.7036882248458887, 0.6988317092639903
vectors_patient2vec_pvdm_ns_win-5_emb-1000.dill, 6, 0.6653592985219774, 0.7221844859587376
vectors_patient2vec_pvdm_ns_win-5_emb-1000.dill, 12, 0.6977849754466618, 0.6970031507887067
vectors_patient2vec_pvdbow_ns_win-10_emb-10.dill, 0, 0.7074134203483278, 0.5018669852945573
vectors_patient2vec_pvdbow_ns_win-10_emb-10.dill, 1, 0.6821246875577668, 0.5113060107830796
vectors_patient2vec_pvdbow_ns_win-10_emb-10.dill, 3, 0.660900717712963, 0.5199364799833551
vectors_patient2vec_pvdbow_ns_win-10_emb-10.dill, 6, 0.6775435409851877, 0.509158882551902
vectors_patient2vec_pvdbow_ns_win-10_emb-10.dill, 12, 0.6658214317288604, 0.5219773280653356
vectors_patient2vec_pvdm_ns_win-10_emb-10.dill, 0, 0.696350353230512, 0.5031938032989858
vectors_patient2vec_pvdm_ns_win-10_emb-10.dill, 1, 0.6441493936008615, 0.5175896411791467
vectors_patient2vec_pvdm_ns_win-10_emb-10.dill, 3, 0.6266003873881838, 0.5211239846851892
vectors_patient2vec_pvdm_ns_win-10_emb-10.dill, 6, 0.6288869421248483, 0.5249915240409793
vectors_patient2vec_pvdm_ns_win-10_emb-10.dill, 12, 0.6105302074375316, 0.5378581148086562
vectors_patient2vec_pvdbow_ns_win-10_emb-50.dill, 0, 0.7655256664764554, 0.5248146144133677
vectors_patient2vec_pvdbow_ns_win-10_emb-50.dill, 1, 0.6909052184885431, 0.5957946834662058
vectors_patient2vec_pvdbow_ns_win-10_emb-50.dill, 3, 0.6667014940967506, 0.5792440251995491
vectors_patient2vec_pvdbow_ns_win-10_emb-50.dill, 6, 0.6938267040659686, 0.5769450435553863
vectors_patient2vec_pvdbow_ns_win-10_emb-50.dill, 12, 0.6658736728739864, 0.6051334155257699
vectors_patient2vec_pvdm_ns_win-10_emb-50.dill, 0, 0.7325213184057611, 0.5332290796734398
vectors_patient2vec_pvdm_ns_win-10_emb-50.dill, 1, 0.672001961052217, 0.5671451315951348
vectors_patient2vec_pvdm_ns_win-10_emb-50.dill, 3, 0.6548065872065455, 0.5841727527227611
vectors_patient2vec_pvdm_ns_win-10_emb-50.dill, 6, 0.6365623719087306, 0.5910193212139366
vectors_patient2vec_pvdm_ns_win-10_emb-50.dill, 12, 0.6255756572337912, 0.6209704080604358
vectors_patient2vec_pvdbow_ns_win-10_emb-1000.dill, 0, 0.7465782049942535, 0.6480041342832755
vectors_patient2vec_pvdbow_ns_win-10_emb-1000.dill, 1, 0.7011927055287206, 0.7143833369583629
vectors_patient2vec_pvdbow_ns_win-10_emb-1000.dill, 3, 0.6760526590742869, 0.7199033579117262
vectors_patient2vec_pvdbow_ns_win-10_emb-1000.dill, 6, 0.6640733626419553, 0.7520409425332409
vectors_patient2vec_pvdbow_ns_win-10_emb-1000.dill, 12, 0.666613086004999, 0.7358047776006609
vectors_patient2vec_pvdm_ns_win-10_emb-1000.dill, 0, 0.7196378483077889, 0.6897244781381209
vectors_patient2vec_pvdm_ns_win-10_emb-1000.dill, 1, 0.6792514245758421, 0.7160935581323565
vectors_patient2vec_pvdm_ns_win-10_emb-1000.dill, 3, 0.6661027302026152, 0.7227491090210767
vectors_patient2vec_pvdm_ns_win-10_emb-1000.dill, 6, 0.645274587495881, 0.7324528169572319
vectors_patient2vec_pvdm_ns_win-10_emb-1000.dill, 12, 0.6471914356670391, 0.7467415774991241
vectors_patient2vec_pvdbow_ns_win-20_emb-10.dill, 0, 0.717331200822999, 0.4933839204692413
vectors_patient2vec_pvdbow_ns_win-20_emb-10.dill, 1, 0.7120427895164078, 0.4848070580564618
vectors_patient2vec_pvdbow_ns_win-20_emb-10.dill, 3, 0.696756226742644, 0.4896516029523282
vectors_patient2vec_pvdbow_ns_win-20_emb-10.dill, 6, 0.6600628501161361, 0.5232808203680229
vectors_patient2vec_pvdbow_ns_win-20_emb-10.dill, 12, 0.6950563802512398, 0.4862820312275945
vectors_patient2vec_pvdm_ns_win-20_emb-10.dill, 0, 0.6349147665624522, 0.5398151406550994
vectors_patient2vec_pvdm_ns_win-20_emb-10.dill, 1, 0.6464761338337767, 0.5146547927155142
vectors_patient2vec_pvdm_ns_win-20_emb-10.dill, 3, 0.5923623445825932, 0.5322063133963558
vectors_patient2vec_pvdm_ns_win-20_emb-10.dill, 6, 0.623417696085129, 0.5249811071817562
vectors_patient2vec_pvdm_ns_win-20_emb-10.dill, 12, 0.6142875513369714, 0.5346618101747106
vectors_patient2vec_pvdbow_ns_win-20_emb-50.dill, 0, 0.7757528752722568, 0.5080207102068865
vectors_patient2vec_pvdbow_ns_win-20_emb-50.dill, 1, 0.7130675196708004, 0.570916890400569
vectors_patient2vec_pvdbow_ns_win-20_emb-50.dill, 3, 0.7091373781374826, 0.5625964138595425
vectors_patient2vec_pvdbow_ns_win-20_emb-50.dill, 6, 0.7037886885865153, 0.5573344290774219
vectors_patient2vec_pvdbow_ns_win-20_emb-50.dill, 12, 0.6795648714465975, 0.5756317464774552
vectors_patient2vec_pvdm_ns_win-20_emb-50.dill, 0, 0.7015825048423523, 0.5534422312356665
vectors_patient2vec_pvdm_ns_win-20_emb-50.dill, 1, 0.6423731946665809, 0.5974271651433717
vectors_patient2vec_pvdm_ns_win-20_emb-50.dill, 3, 0.6698439999035548, 0.5500480008488022
vectors_patient2vec_pvdm_ns_win-20_emb-50.dill, 6, 0.6135119712593331, 0.6160658722190027
vectors_patient2vec_pvdm_ns_win-20_emb-50.dill, 12, 0.6384068861866374, 0.5681300476431779
vectors_patient2vec_pvdm_ns_win-20_emb-500.dill, 0, 0.7203089460951753, 0.6638339106634521
vectors_patient2vec_pvdm_ns_win-20_emb-500.dill, 1, 0.6796211311413485, 0.6814778074666136
vectors_patient2vec_pvdm_ns_win-20_emb-500.dill, 3, 0.645105808411628, 0.7333828537477031
vectors_patient2vec_pvdm_ns_win-20_emb-500.dill, 6, 0.6408622200075549, 0.723161007087219
vectors_patient2vec_pvdm_ns_win-20_emb-500.dill, 12, 0.6225938934119897, 0.7222153141414445
vectors_patient2vec_pvdbow_ns_win-20_emb-1000.dill, 0, 0.7454851594962347, 0.640605435833456
vectors_patient2vec_pvdbow_ns_win-20_emb-1000.dill, 1, 0.683884812293547, 0.7177042447370044
vectors_patient2vec_pvdbow_ns_win-20_emb-1000.dill, 3, 0.7173151266244988, 0.675445504604732
vectors_patient2vec_pvdbow_ns_win-20_emb-1000.dill, 6, 0.6701735209728105, 0.731509990404918
vectors_patient2vec_pvdbow_ns_win-20_emb-1000.dill, 12, 0.6872603939786053, 0.7076548110475059
vectors_patient2vec_pvdbow_hs_win-5_emb-10.dill, 0, 0.722153460373082, 0.4972716580832566
vectors_patient2vec_pvdbow_hs_win-5_emb-10.dill, 1, 0.689796098792024, 0.5099704112512435
vectors_patient2vec_pvdbow_hs_win-5_emb-10.dill, 3, 0.6701574467743103, 0.5144794957387547
vectors_patient2vec_pvdbow_hs_win-5_emb-10.dill, 6, 0.66434662401646, 0.5239169241307404
vectors_patient2vec_pvdbow_hs_win-5_emb-10.dill, 12, 0.6790625527434637, 0.5063219561377376
vectors_patient2vec_pvdbow_hs_win-5_emb-50.dill, 0, 0.758722261961213, 0.5187130726242948
vectors_patient2vec_pvdbow_hs_win-5_emb-50.dill, 1, 0.7128786478384221, 0.5524855905914701
vectors_patient2vec_pvdbow_hs_win-5_emb-50.dill, 3, 0.6855525103879507, 0.5861175999294501
vectors_patient2vec_pvdbow_hs_win-5_emb-50.dill, 6, 0.6900211375710279, 0.5686304913297313
vectors_patient2vec_pvdbow_hs_win-5_emb-50.dill, 12, 0.6788616252622104, 0.5800498996946037
vectors_patient2vec_pvdbow_hs_win-5_emb-1000.dill, 0, 0.790963085603144, 0.5760344686029959
vectors_patient2vec_pvdbow_hs_win-5_emb-1000.dill, 1, 0.7333893251247758, 0.6682927582669967
vectors_patient2vec_pvdbow_hs_win-5_emb-1000.dill, 3, 0.6956993481912508, 0.6991222790245979
vectors_patient2vec_pvdbow_hs_win-5_emb-1000.dill, 6, 0.6658977841717367, 0.7664451439279301
vectors_patient2vec_pvdbow_hs_win-5_emb-1000.dill, 12, 0.7055849802689214, 0.6983978723781923
vectors_patient2vec_pvdbow_hs_win-10_emb-10.dill, 0, 0.727301222442796, 0.48456196509267696
vectors_patient2vec_pvdbow_hs_win-10_emb-10.dill, 1, 0.7073330493558264, 0.48432296788875295
vectors_patient2vec_pvdbow_hs_win-10_emb-10.dill, 3, 0.6697957773080541, 0.5188930445659832
vectors_patient2vec_pvdbow_hs_win-10_emb-10.dill, 6, 0.6731552847946118, 0.5134810368919618
vectors_patient2vec_pvdbow_hs_win-10_emb-10.dill, 12, 0.6620399765316702, 0.52313065774672
vectors_patient2vec_pvdbow_hs_win-10_emb-50.dill, 0, 0.7597670848637309, 0.5372136793290905
vectors_patient2vec_pvdbow_hs_win-10_emb-50.dill, 1, 0.709394565313487, 0.5560572112315008
vectors_patient2vec_pvdbow_hs_win-10_emb-50.dill, 3, 0.67332808242849, 0.597340486042608
vectors_patient2vec_pvdbow_hs_win-10_emb-50.dill, 6, 0.6704246803243774, 0.5937906461701815
vectors_patient2vec_pvdbow_hs_win-10_emb-50.dill, 12, 0.6700529644840584, 0.6042906011009043
vectors_patient2vec_pvdbow_hs_win-10_emb-1000.dill, 0, 0.7862453083433126, 0.606348995681531
vectors_patient2vec_pvdbow_hs_win-10_emb-1000.dill, 1, 0.7245284232014981, 0.6596165413622139
vectors_patient2vec_pvdbow_hs_win-10_emb-1000.dill, 3, 0.7085104843959718, 0.6972607180650493
vectors_patient2vec_pvdbow_hs_win-10_emb-1000.dill, 6, 0.7102384607347516, 0.6960499665731468
vectors_patient2vec_pvdbow_hs_win-10_emb-1000.dill, 12, 0.6833784750407883, 0.7170119672766773
vectors_patient2vec_pvdbow_hs_win-20_emb-10.dill, 0, 0.723194264725975, 0.4939284392473432
vectors_patient2vec_pvdbow_hs_win-20_emb-10.dill, 1, 0.6604486308801427, 0.5327895770132007
vectors_patient2vec_pvdbow_hs_win-20_emb-10.dill, 3, 0.6567676394235792, 0.53473143630107
vectors_patient2vec_pvdbow_hs_win-20_emb-10.dill, 6, 0.6767759980067994, 0.5270636138288401
vectors_patient2vec_pvdbow_hs_win-20_emb-10.dill, 12, 0.6802801732798598, 0.4987138444260608
vectors_patient2vec_pvdbow_hs_win-20_emb-50.dill, 0, 0.7730483913745851, 0.519510890495474
vectors_patient2vec_pvdbow_hs_win-20_emb-50.dill, 1, 0.6763540502961669, 0.5913055488571384
vectors_patient2vec_pvdbow_hs_win-20_emb-50.dill, 3, 0.6686585277641593, 0.5840083705689187
vectors_patient2vec_pvdbow_hs_win-20_emb-50.dill, 6, 0.6816866656486341, 0.5865092469633887
vectors_patient2vec_pvdbow_hs_win-20_emb-50.dill, 12, 0.672978468611109, 0.5769335040255549
vectors_patient2vec_pvdbow_hs_win-20_emb-1000.dill, 0, 0.777561222603538, 0.611796124696967
vectors_patient2vec_pvdbow_hs_win-20_emb-1000.dill, 1, 0.7260836019064, 0.6685314051193825
vectors_patient2vec_pvdbow_hs_win-20_emb-1000.dill, 3, 0.6845719842794339, 0.700489228106694
vectors_patient2vec_pvdbow_hs_win-20_emb-1000.dill, 6, 0.6792634802247174, 0.7289687325199111
vectors_patient2vec_pvdbow_hs_win-20_emb-1000.dill, 12, 0.6623333306543002, 0.7315991154099952
vectors_patient2vec_pvdbow_hs_win-30_emb-10.dill, 0, 0.7385571799426149, 0.47757757630312586
vectors_patient2vec_pvdbow_hs_win-30_emb-10.dill, 1, 0.7066619515684399, 0.49504348501856854
vectors_patient2vec_pvdbow_hs_win-30_emb-10.dill, 3, 0.6800953199971066, 0.5161894694265516
vectors_patient2vec_pvdbow_hs_win-30_emb-10.dill, 6, 0.6814857381673807, 0.5017192998698172
vectors_patient2vec_pvdbow_hs_win-30_emb-10.dill, 12, 0.6965392250628902, 0.4908505778403621
vectors_patient2vec_pvdbow_hs_win-30_emb-50.dill, 0, 0.7515290581323388, 0.5249590064507368
vectors_patient2vec_pvdbow_hs_win-30_emb-50.dill, 1, 0.6629602243958111, 0.6069065300248158
vectors_patient2vec_pvdbow_hs_win-30_emb-50.dill, 3, 0.6886749234466295, 0.5638312813934493
vectors_patient2vec_pvdbow_hs_win-30_emb-50.dill, 6, 0.6944616349067295, 0.5690475533913446
vectors_patient2vec_pvdbow_hs_win-30_emb-50.dill, 12, 0.6851747667231942, 0.5660525474714242
vectors_patient2vec_pvdbow_hs_win-30_emb-1000.dill, 0, 0.7905009523962611, 0.5847492473235939
vectors_patient2vec_pvdbow_hs_win-30_emb-1000.dill, 1, 0.7249664451106306, 0.659282974691692
vectors_patient2vec_pvdbow_hs_win-30_emb-1000.dill, 3, 0.6947951745256103, 0.7009241206687763
vectors_patient2vec_pvdbow_hs_win-30_emb-1000.dill, 6, 0.6884539032172508, 0.7223978864919426
vectors_patient2vec_pvdbow_hs_win-30_emb-1000.dill, 12, 0.6898563770364, 0.7152839207504748
vectors_patient2vec_pvdbow_hs_win-50_emb-10.dill, 0, 0.7368292036038353, 0.46405009761693616
vectors_patient2vec_pvdbow_hs_win-50_emb-10.dill, 1, 0.6815339607628814, 0.507601377620619
vectors_patient2vec_pvdbow_hs_win-50_emb-10.dill, 3, 0.6933243853628349, 0.492958014527111
vectors_patient2vec_pvdbow_hs_win-50_emb-10.dill, 6, 0.6423209535214551, 0.5423644165592484
vectors_patient2vec_pvdbow_hs_win-50_emb-10.dill, 12, 0.6707260715462575, 0.5084769510332985
vectors_patient2vec_pvdbow_hs_win-50_emb-50.dill, 0, 0.7711918214478031, 0.5195856777213506
vectors_patient2vec_pvdbow_hs_win-50_emb-50.dill, 1, 0.7077268672190833, 0.5609716477752006
vectors_patient2vec_pvdbow_hs_win-50_emb-50.dill, 3, 0.6924764713919452, 0.5746851844409987
vectors_patient2vec_pvdbow_hs_win-50_emb-50.dill, 6, 0.683591458170917, 0.591869655471649
vectors_patient2vec_pvdbow_hs_win-50_emb-50.dill, 12, 0.6753092273936492, 0.5881104664222292
vectors_patient2vec_pvdbow_hs_win-50_emb-1000.dill, 0, 0.7872017231540793, 0.5972010517615324
vectors_patient2vec_pvdbow_hs_win-50_emb-1000.dill, 1, 0.7042226919460228, 0.7024284569024003
vectors_patient2vec_pvdbow_hs_win-50_emb-1000.dill, 3, 0.7055528318719206, 0.699881960209563
vectors_patient2vec_pvdbow_hs_win-50_emb-1000.dill, 6, 0.6816062946561328, 0.7245371217030357
vectors_patient2vec_pvdbow_hs_win-50_emb-1000.dill, 12, 0.670257910514937, 0.740454879515433
vectors_patient2vec_pvdbow_ns_win-30_emb-10.dill, 0, 0.7499537866793117, 0.47585755870397783
vectors_patient2vec_pvdbow_ns_win-30_emb-10.dill, 1, 0.6940838912419729, 0.5060313816258212
vectors_patient2vec_pvdbow_ns_win-30_emb-10.dill, 3, 0.6528495535391367, 0.5214364629096481
vectors_patient2vec_pvdbow_ns_win-30_emb-10.dill, 6, 0.6496266767398311, 0.5278098324001832
vectors_patient2vec_pvdbow_ns_win-30_emb-10.dill, 12, 0.6621645515700474, 0.5209714771448166
vectors_patient2vec_pvdbow_ns_win-30_emb-50.dill, 0, 0.7581877948610788, 0.535273356396956
vectors_patient2vec_pvdbow_ns_win-30_emb-50.dill, 1, 0.7160512927674143, 0.5394714940433993
vectors_patient2vec_pvdbow_ns_win-30_emb-50.dill, 3, 0.7057296480554238, 0.5655780942880034
vectors_patient2vec_pvdbow_ns_win-30_emb-50.dill, 6, 0.6939995016998465, 0.5669000286084183
vectors_patient2vec_pvdbow_ns_win-30_emb-50.dill, 12, 0.6743608496821327, 0.5766787503878962
vectors_patient2vec_pvdbow_ns_win-30_emb-1000.dill, 0, 0.7269837570224154, 0.6606694388291753
vectors_patient2vec_pvdbow_ns_win-30_emb-1000.dill, 1, 0.7093624169164865, 0.6851175521152706
vectors_patient2vec_pvdbow_ns_win-30_emb-1000.dill, 3, 0.7100978114978742, 0.6782300697275419
vectors_patient2vec_pvdbow_ns_win-30_emb-1000.dill, 6, 0.6830891394677833, 0.715821006469245
vectors_patient2vec_pvdbow_ns_win-30_emb-1000.dill, 12, 0.6936539064320906, 0.7037625964150429
vectors_patient2vec_pvdbow_ns_win-50_emb-10.dill, 0, 0.708466280350096, 0.4976047365003778
vectors_patient2vec_pvdbow_ns_win-50_emb-10.dill, 1, 0.6944415421586041, 0.497480249386545
vectors_patient2vec_pvdbow_ns_win-50_emb-10.dill, 3, 0.6697515732621782, 0.512865452721039
vectors_patient2vec_pvdbow_ns_win-50_emb-10.dill, 6, 0.689273687340765, 0.5092869797642451
vectors_patient2vec_pvdbow_ns_win-50_emb-10.dill, 12, 0.6744532763235093, 0.5035561140447452
vectors_patient2vec_pvdbow_ns_win-50_emb-50.dill, 0, 0.7641432854054313, 0.5293470044595372
vectors_patient2vec_pvdbow_ns_win-50_emb-50.dill, 1, 0.6930913094845809, 0.5882591708005568
vectors_patient2vec_pvdbow_ns_win-50_emb-50.dill, 3, 0.6752168007522725, 0.6021104182128098
vectors_patient2vec_pvdbow_ns_win-50_emb-50.dill, 6, 0.6834648738577274, 0.5835029152035126
vectors_patient2vec_pvdbow_ns_win-50_emb-50.dill, 12, 0.6825104683217734, 0.5912182064357058
vectors_patient2vec_pvdbow_ns_win-50_emb-100.dill, 0, 0.7618044895236411, 0.5411579069999936
vectors_patient2vec_pvdbow_ns_win-50_emb-100.dill, 1, 0.6997138792666951, 0.6300280743716975
vectors_patient2vec_pvdbow_ns_win-50_emb-100.dill, 3, 0.6986931676619275, 0.601367203104424
vectors_patient2vec_pvdbow_ns_win-50_emb-100.dill, 6, 0.6776922273213152, 0.6341381195301472
vectors_patient2vec_pvdbow_ns_win-50_emb-100.dill, 12, 0.7069231572940694, 0.5874979837702903
vectors_patient2vec_pvdbow_ns_win-50_emb-300.dill, 0, 0.7803139290967105, 0.5778185131402889
vectors_patient2vec_pvdbow_ns_win-50_emb-300.dill, 1, 0.6934569975004622, 0.6848210308070073
vectors_patient2vec_pvdbow_ns_win-50_emb-300.dill, 3, 0.6699002595983058, 0.7028079395859764
vectors_patient2vec_pvdbow_ns_win-50_emb-300.dill, 6, 0.6938829637607196, 0.6605361937209814
vectors_patient2vec_pvdbow_ns_win-50_emb-300.dill, 12, 0.6826270062609003, 0.6834832624332977
vectors_patient2vec_pvdbow_ns_win-50_emb-500.dill, 0, 0.7555998489025342, 0.6147282099405876
vectors_patient2vec_pvdbow_ns_win-50_emb-500.dill, 1, 0.713798895702563, 0.6519955737937163
vectors_patient2vec_pvdbow_ns_win-50_emb-500.dill, 3, 0.7076826631732075, 0.675507397202408
vectors_patient2vec_pvdbow_ns_win-50_emb-500.dill, 6, 0.638664073362642, 0.7311221240229905
vectors_patient2vec_pvdbow_ns_win-50_emb-500.dill, 12, 0.6834066048881637, 0.7045947303411492
vectors_patient2vec_pvdbow_ns_win-50_emb-1000.dill, 0, 0.7597349364667305, 0.6155554466222695
vectors_patient2vec_pvdbow_ns_win-50_emb-1000.dill, 1, 0.6911101645194216, 0.7153530786622878
vectors_patient2vec_pvdbow_ns_win-50_emb-1000.dill, 3, 0.66145326828641, 0.7246935800822432
vectors_patient2vec_pvdbow_ns_win-50_emb-1000.dill, 6, 0.660412463933517, 0.7448181496568321
vectors_patient2vec_pvdbow_ns_win-50_emb-1000.dill, 12, 0.6632656341673164, 0.731298351612109
vectors_patient2vec_pvdm_hs_win-5_emb-10.dill, 0, 0.6749716692251433, 0.5187106992484019
vectors_patient2vec_pvdm_hs_win-5_emb-10.dill, 1, 0.6306993080057546, 0.5343926747903741
vectors_patient2vec_pvdm_hs_win-5_emb-10.dill, 3, 0.623763291352885, 0.5296673615821094
vectors_patient2vec_pvdm_hs_win-5_emb-10.dill, 6, 0.6164294382871335, 0.5357696966891056
vectors_patient2vec_pvdm_hs_win-5_emb-10.dill, 12, 0.640982776496307, 0.520002830569096
vectors_patient2vec_pvdm_hs_win-5_emb-50.dill, 0, 0.7661887271645917, 0.5023846918031717
vectors_patient2vec_pvdm_hs_win-5_emb-50.dill, 1, 0.7003608657563313, 0.5462574386015688
vectors_patient2vec_pvdm_hs_win-5_emb-50.dill, 3, 0.6549110694967971, 0.5884389138149331
vectors_patient2vec_pvdm_hs_win-5_emb-50.dill, 6, 0.6718733674642148, 0.5723656220755544
vectors_patient2vec_pvdm_hs_win-5_emb-50.dill, 12, 0.6627512598153075, 0.581715130026275
vectors_patient2vec_pvdm_hs_win-5_emb-1000.dill, 0, 0.8044332639463766, 0.5660865918996161
vectors_patient2vec_pvdm_hs_win-5_emb-1000.dill, 1, 0.724813740224878, 0.6549783799775181
vectors_patient2vec_pvdm_hs_win-5_emb-1000.dill, 3, 0.7123964218834138, 0.6719379583041174
vectors_patient2vec_pvdm_hs_win-5_emb-1000.dill, 6, 0.7109015214228881, 0.6937759192047537
vectors_patient2vec_pvdm_hs_win-5_emb-1000.dill, 12, 0.6827797111466529, 0.7216055482352118
vectors_patient2vec_pvdm_hs_win-10_emb-10.dill, 0, 0.6728820234201072, 0.5030562974638384
vectors_patient2vec_pvdm_hs_win-10_emb-10.dill, 1, 0.6465605233759033, 0.5230502871081846
vectors_patient2vec_pvdm_hs_win-10_emb-10.dill, 3, 0.6107793575142859, 0.5424031422105772
vectors_patient2vec_pvdm_hs_win-10_emb-10.dill, 6, 0.5666315713332745, 0.5698636270656582
vectors_patient2vec_pvdm_hs_win-10_emb-10.dill, 12, 0.6166986811120131, 0.5414308283198436
vectors_patient2vec_pvdm_hs_win-10_emb-50.dill, 0, 0.7440224074327094, 0.5143006959246944
vectors_patient2vec_pvdm_hs_win-10_emb-50.dill, 1, 0.6590381199617434, 0.5974051184936017
vectors_patient2vec_pvdm_hs_win-10_emb-50.dill, 3, 0.6428956061178399, 0.6149966149865903
vectors_patient2vec_pvdm_hs_win-10_emb-50.dill, 6, 0.6299277464777413, 0.6142371552041148
vectors_patient2vec_pvdm_hs_win-10_emb-50.dill, 12, 0.630606881364378, 0.5898019127182034
vectors_patient2vec_pvdm_hs_win-10_emb-1000.dill, 0, 0.7825602983371241, 0.6010717078961159
vectors_patient2vec_pvdm_hs_win-10_emb-1000.dill, 1, 0.7128344437925465, 0.6798049465287288
vectors_patient2vec_pvdm_hs_win-10_emb-1000.dill, 3, 0.6919219115436857, 0.7074889192852689
vectors_patient2vec_pvdm_hs_win-10_emb-1000.dill, 6, 0.6797577618286007, 0.7206077567235748
vectors_patient2vec_pvdm_hs_win-10_emb-1000.dill, 12, 0.6656486340949824, 0.7184461360873221
vectors_patient2vec_pvdm_hs_win-20_emb-10.dill, 0, 0.6395119873335315, 0.5355167921890268
vectors_patient2vec_pvdm_hs_win-20_emb-10.dill, 1, 0.6096461265200164, 0.5557342740936758
vectors_patient2vec_pvdm_hs_win-20_emb-10.dill, 3, 0.5705416201184669, 0.5635691685439251
vectors_patient2vec_pvdm_hs_win-20_emb-10.dill, 6, 0.6405527916864245, 0.5037253177102862
vectors_patient2vec_pvdm_hs_win-20_emb-10.dill, 12, 0.5872909349557558, 0.5467219800832624
vectors_patient2vec_pvdm_hs_win-20_emb-50.dill, 0, 0.6979296432331643, 0.5836232837035656
vectors_patient2vec_pvdm_hs_win-20_emb-50.dill, 1, 0.6672962394412607, 0.568922952682057
vectors_patient2vec_pvdm_hs_win-20_emb-50.dill, 3, 0.6383024038963857, 0.5971548425712147
vectors_patient2vec_pvdm_hs_win-20_emb-50.dill, 6, 0.6253506184547872, 0.615021535738735
vectors_patient2vec_pvdm_hs_win-20_emb-50.dill, 12, 0.640633162678926, 0.6105995734628579
vectors_patient2vec_pvdm_hs_win-20_emb-1000.dill, 0, 0.7734823947340926, 0.6141012177789056
vectors_patient2vec_pvdm_hs_win-20_emb-1000.dill, 1, 0.707529958287455, 0.687135351370098
vectors_patient2vec_pvdm_hs_win-20_emb-1000.dill, 3, 0.6810396791589979, 0.6955126456784485
vectors_patient2vec_pvdm_hs_win-20_emb-1000.dill, 6, 0.6592953071377479, 0.7388982268912168
vectors_patient2vec_pvdm_hs_win-20_emb-1000.dill, 12, 0.641215852374561, 0.7548219150355795
vectors_patient2vec_pvdm_hs_win-30_emb-10.dill, 0, 0.628927127621099, 0.5286646026518257
vectors_patient2vec_pvdm_hs_win-30_emb-10.dill, 1, 0.5921975840479654, 0.5424547169107498
vectors_patient2vec_pvdm_hs_win-30_emb-10.dill, 3, 0.5354717375404868, 0.5909477798063617
vectors_patient2vec_pvdm_hs_win-30_emb-10.dill, 6, 0.5808411628075196, 0.5516665875759811
vectors_patient2vec_pvdm_hs_win-30_emb-10.dill, 12, 0.5774053028780852, 0.5395987737690466
vectors_patient2vec_pvdm_hs_win-30_emb-50.dill, 0, 0.6772542054121826, 0.585551169123002
vectors_patient2vec_pvdm_hs_win-30_emb-50.dill, 1, 0.6194996102006864, 0.6148922093922233
vectors_patient2vec_pvdm_hs_win-30_emb-50.dill, 3, 0.6420959147424512, 0.5892042768474738
vectors_patient2vec_pvdm_hs_win-30_emb-50.dill, 6, 0.5924427155750946, 0.6358969001096083
vectors_patient2vec_pvdm_hs_win-30_emb-50.dill, 12, 0.6081190776624902, 0.6186105730771143
vectors_patient2vec_pvdm_hs_win-50_emb-10.dill, 0, 0.6023082549046398, 0.530418389587412
vectors_patient2vec_pvdm_hs_win-50_emb-10.dill, 1, 0.5469286225215595, 0.5788787451315345
vectors_patient2vec_pvdm_hs_win-50_emb-10.dill, 3, 0.5626371330059554, 0.5506955011548502
vectors_patient2vec_pvdm_hs_win-50_emb-10.dill, 6, 0.5490906022198468, 0.5753933050116775
vectors_patient2vec_pvdm_hs_win-50_emb-10.dill, 12, 0.5407641673967032, 0.5540407695335229
vectors_patient2vec_pvdm_hs_win-30_emb-1000.dill, 0, 0.739131832539, 0.6610119927486033
vectors_patient2vec_pvdm_hs_win-30_emb-1000.dill, 1, 0.6784396775515781, 0.7072794366134381
vectors_patient2vec_pvdm_hs_win-30_emb-1000.dill, 3, 0.6459778336802681, 0.7473256904659789
vectors_patient2vec_pvdm_hs_win-30_emb-1000.dill, 6, 0.651125595749982, 0.7344206950475205
vectors_patient2vec_pvdm_hs_win-30_emb-1000.dill, 12, 0.6033972818530337, 0.7708797486428747
vectors_patient2vec_pvdm_hs_win-50_emb-50.dill, 0, 0.6247237247132764, 0.6198509725072543
vectors_patient2vec_pvdm_hs_win-50_emb-50.dill, 1, 0.619479517452561, 0.6045857221666929
vectors_patient2vec_pvdm_hs_win-50_emb-50.dill, 3, 0.6087178415566253, 0.6057390950262795
vectors_patient2vec_pvdm_hs_win-50_emb-50.dill, 6, 0.594664973517758, 0.6023192423029954
vectors_patient2vec_pvdm_hs_win-50_emb-50.dill, 12, 0.5744155019570337, 0.6292130382486152
vectors_patient2vec_pvdm_hs_win-50_emb-1000.dill, 0, 0.7205902445689303, 0.6693528492073617
vectors_patient2vec_pvdm_hs_win-50_emb-1000.dill, 1, 0.6371973027494916, 0.7547346442476753
vectors_patient2vec_pvdm_hs_win-50_emb-1000.dill, 3, 0.6466569685669048, 0.76102640447522
vectors_patient2vec_pvdm_hs_win-50_emb-1000.dill, 6, 0.6288226453308472, 0.7533579463819101
vectors_patient2vec_pvdm_hs_win-50_emb-1000.dill, 12, 0.6202550975301995, 0.769602627756407
vectors_patient2vec_pvdm_ns_win-20_emb-1000.dill, 0, 0.7448381730065985, 0.6589171723243635
vectors_patient2vec_pvdm_ns_win-20_emb-1000.dill, 1, 0.6668943844787538, 0.7234334849592551
vectors_patient2vec_pvdm_ns_win-20_emb-1000.dill, 3, 0.6504344052144699, 0.7192540905358794
vectors_patient2vec_pvdm_ns_win-20_emb-1000.dill, 6, 0.6494177121593274, 0.745507232609248
vectors_patient2vec_pvdm_ns_win-20_emb-1000.dill, 12, 0.627777822428329, 0.7343922675857388
vectors_patient2vec_pvdm_ns_win-30_emb-10.dill, 0, 0.6355215675558378, 0.5288401161229083
vectors_patient2vec_pvdm_ns_win-30_emb-10.dill, 1, 0.5903892367166842, 0.5436431803861203
vectors_patient2vec_pvdm_ns_win-30_emb-10.dill, 3, 0.6088625093431279, 0.5212340599309853
vectors_patient2vec_pvdm_ns_win-30_emb-10.dill, 6, 0.5841845960955773, 0.553407658111003
vectors_patient2vec_pvdm_ns_win-30_emb-10.dill, 12, 0.6084325245332455, 0.5205505920952241
vectors_patient2vec_pvdm_ns_win-30_emb-50.dill, 0, 0.6951930109384921, 0.5467403497304976
vectors_patient2vec_pvdm_ns_win-30_emb-50.dill, 1, 0.647537030934795, 0.5732232342659491
vectors_patient2vec_pvdm_ns_win-30_emb-50.dill, 3, 0.6321419673211544, 0.5893625126039269
vectors_patient2vec_pvdm_ns_win-30_emb-50.dill, 6, 0.6350353230512045, 0.587729431010981
vectors_patient2vec_pvdm_ns_win-30_emb-50.dill, 12, 0.6093206240003858, 0.6067254071146899
vectors_patient2vec_pvdm_ns_win-30_emb-100.dill, 0, 0.6908208289464166, 0.6028686290102482
vectors_patient2vec_pvdm_ns_win-30_emb-100.dill, 1, 0.6325036367874106, 0.6116584285510106
vectors_patient2vec_pvdm_ns_win-30_emb-100.dill, 3, 0.6577240542343458, 0.5983626909727817
vectors_patient2vec_pvdm_ns_win-30_emb-100.dill, 6, 0.624699613415526, 0.6254327841378868
vectors_patient2vec_pvdm_ns_win-30_emb-100.dill, 12, 0.6409988506948072, 0.6065062807418345
vectors_patient2vec_pvdm_ns_win-30_emb-300.dill, 0, 0.6943893010134782, 0.6566479788985647
vectors_patient2vec_pvdm_ns_win-30_emb-300.dill, 1, 0.6504987020084712, 0.6900939761505497
vectors_patient2vec_pvdm_ns_win-30_emb-300.dill, 3, 0.6549954590389236, 0.6651826092549323
vectors_patient2vec_pvdm_ns_win-30_emb-300.dill, 6, 0.6367632993899841, 0.6874328914286716
vectors_patient2vec_pvdm_ns_win-30_emb-300.dill, 12, 0.6413926685580641, 0.681409034637203
vectors_patient2vec_pvdm_ns_win-30_emb-500.dill, 0, 0.7062279482089324, 0.6566697218947868
vectors_patient2vec_pvdm_ns_win-30_emb-500.dill, 1, 0.6647967015744678, 0.6980229315815957
vectors_patient2vec_pvdm_ns_win-30_emb-500.dill, 3, 0.6763419946472919, 0.6875957130232837
vectors_patient2vec_pvdm_ns_win-30_emb-500.dill, 6, 0.6539305433882804, 0.7016283998383336
vectors_patient2vec_pvdm_ns_win-30_emb-500.dill, 12, 0.6340547969426875, 0.7186632558317332
vectors_patient2vec_pvdm_ns_win-30_emb-1000.dill, 0, 0.7523548700802907, 0.6265846929350589
vectors_patient2vec_pvdm_ns_win-30_emb-1000.dill, 1, 0.6667778465396268, 0.6992451365715429
vectors_patient2vec_pvdm_ns_win-30_emb-1000.dill, 3, 0.6279586571614573, 0.7438871880863789
vectors_patient2vec_pvdm_ns_win-30_emb-1000.dill, 6, 0.6314266654878921, 0.7503777203060235
vectors_patient2vec_pvdm_ns_win-30_emb-1000.dill, 12, 0.591482282214703, 0.7959242254051073
vectors_patient2vec_pvdm_ns_win-50_emb-10.dill, 0, 0.5957580190157769, 0.549094207017355
vectors_patient2vec_pvdm_ns_win-50_emb-10.dill, 1, 0.5673790215635373, 0.5458544899882986
vectors_patient2vec_pvdm_ns_win-50_emb-10.dill, 3, 0.5635292510227208, 0.5543837566275891
vectors_patient2vec_pvdm_ns_win-50_emb-10.dill, 6, 0.5690587753068163, 0.5426843274960228
vectors_patient2vec_pvdm_ns_win-50_emb-10.dill, 12, 0.5843654308287053, 0.5304199620599489
vectors_patient2vec_pvdm_ns_win-50_emb-50.dill, 0, 0.6403960682510469, 0.5907394845531527
vectors_patient2vec_pvdm_ns_win-50_emb-50.dill, 1, 0.614747675269042, 0.5877322518804011
vectors_patient2vec_pvdm_ns_win-50_emb-50.dill, 3, 0.6053462784211922, 0.5894300034512652
vectors_patient2vec_pvdm_ns_win-50_emb-50.dill, 6, 0.5751388408895463, 0.6316759241938495
vectors_patient2vec_pvdm_ns_win-50_emb-50.dill, 12, 0.6014121183382494, 0.5927474665059574
vectors_patient2vec_pvdm_ns_win-50_emb-100.dill, 0, 0.6747024264002637, 0.5942762101887766
vectors_patient2vec_pvdm_ns_win-50_emb-100.dill, 1, 0.6341271308359387, 0.6039610421668005
vectors_patient2vec_pvdm_ns_win-50_emb-100.dill, 3, 0.6299679319739919, 0.612514165715447
vectors_patient2vec_pvdm_ns_win-50_emb-100.dill, 6, 0.6551602195735515, 0.5765515088917124
vectors_patient2vec_pvdm_ns_win-50_emb-100.dill, 12, 0.6120331449973077, 0.6096615049110008
vectors_patient2vec_pvdm_ns_win-50_emb-300.dill, 0, 0.6742001076971298, 0.6629873642009056
vectors_patient2vec_pvdm_ns_win-50_emb-300.dill, 1, 0.6327768981619155, 0.6691518012992556
vectors_patient2vec_pvdm_ns_win-50_emb-300.dill, 3, 0.6402031778690435, 0.676440492217616
vectors_patient2vec_pvdm_ns_win-50_emb-300.dill, 6, 0.6290115171632255, 0.6911950928372257
vectors_patient2vec_pvdm_ns_win-50_emb-300.dill, 12, 0.6280108983065831, 0.6863350557604192
vectors_patient2vec_pvdm_ns_win-50_emb-500.dill, 0, 0.6976644189579098, 0.6683609844280967
vectors_patient2vec_pvdm_ns_win-50_emb-500.dill, 1, 0.6639568247028282, 0.6750450246624935
vectors_patient2vec_pvdm_ns_win-50_emb-500.dill, 3, 0.6162486035540053, 0.7249898676043071
vectors_patient2vec_pvdm_ns_win-50_emb-500.dill, 6, 0.6283243451773386, 0.7057896973765488
vectors_patient2vec_pvdm_ns_win-50_emb-500.dill, 12, 0.6175184652355271, 0.6989841948854061
vectors_patient2vec_pvdm_ns_win-50_emb-1000.dill, 0, 0.6966798742997676, 0.678466573069644
vectors_patient2vec_pvdm_ns_win-50_emb-1000.dill, 1, 0.6374143044292455, 0.7398565930112785
vectors_patient2vec_pvdm_ns_win-50_emb-1000.dill, 3, 0.6235985308182571, 0.7536603123883002
vectors_patient2vec_pvdm_ns_win-50_emb-1000.dill, 6, 0.6494659347548283, 0.7339204987763728
vectors_patient2vec_pvdm_ns_win-50_emb-1000.dill, 12, 0.634782154424825, 0.748584693575294
